#
# A fatal error has been detected by the Java Runtime Environment:
#
#  EXCEPTION_ACCESS_VIOLATION (0xc0000005) at pc=0x0000023016511066, pid=10516, tid=3712
#
# JRE version: OpenJDK Runtime Environment Temurin-11.0.12+7 (11.0.12+7) (build 11.0.12+7)
# Java VM: OpenJDK 64-Bit Server VM Temurin-11.0.12+7 (11.0.12+7, mixed mode, tiered, compressed oops, g1 gc, windows-amd64)
# Problematic frame:
# C  [OpenAL64.dll+0x11066]
#
# No core dump will be written. Minidumps are not enabled by default on client versions of Windows
#
# If you would like to submit a bug report, please visit:
#   https://github.com/adoptium/adoptium-support/issues
# The crash happened outside the Java Virtual Machine in native code.
# See problematic frame for where to report the bug.
#

---------------  S U M M A R Y ------------

Command Line: -Duser.language=es_AR -Dfile.encoding=UTF-8 org.uqbar.project.wollok.launch.WollokLauncher -requestsPort 0 -eventsPort 0 -folder -dontValidate -wf src/juego.wpgm

Host: Intel(R) Core(TM) i5-3317U CPU @ 1.70GHz, 4 cores, 11G,  Windows 10 , 64 bit Build 18362 (10.0.18362.1766)
Time: Mon Nov  8 18:14:48 2021 Hora estándar de Argentina elapsed time: 7.889986 seconds (0d 0h 0m 7s)

---------------  T H R E A D  ---------------

Current thread (0x0000023070108800):  JavaThread "main" [_thread_in_native, id=3712, stack(0x000000f2c6a00000,0x000000f2c6b00000)]

Stack: [0x000000f2c6a00000,0x000000f2c6b00000],  sp=0x000000f2c6afc290,  free space=1008k
Native frames: (J=compiled Java code, j=interpreted, Vv=VM code, C=native code)
C  [OpenAL64.dll+0x11066]

Java frames: (J=compiled Java code, j=interpreted, Vv=VM code)
j  org.lwjgl.openal.ALC10.nalcCreateContext(JJ)J+0
j  org.lwjgl.openal.ALC10.alcCreateContext(Lorg/lwjgl/openal/ALCdevice;Ljava/nio/IntBuffer;)Lorg/lwjgl/openal/ALCcontext;+8
j  org.lwjgl.openal.AL.init(Ljava/lang/String;IIZZ)V+69
j  org.lwjgl.openal.AL.create(Ljava/lang/String;IIZZ)V+246
j  org.lwjgl.openal.AL.create(Ljava/lang/String;IIZ)V+5
j  org.lwjgl.openal.AL.create()V+6
j  com.badlogic.gdx.backends.lwjgl.audio.OpenALAudio.<init>(III)V+114
j  com.badlogic.gdx.backends.lwjgl.LwjglApplication.<init>(Lcom/badlogic/gdx/ApplicationListener;Lcom/badlogic/gdx/backends/lwjgl/LwjglApplicationConfiguration;Lcom/badlogic/gdx/backends/lwjgl/LwjglGraphics;)V+120
j  com.badlogic.gdx.backends.lwjgl.LwjglApplication.<init>(Lcom/badlogic/gdx/ApplicationListener;Lcom/badlogic/gdx/backends/lwjgl/LwjglApplicationConfiguration;)V+11
j  org.uqbar.project.wollok.game.gameboard.WollokGDXApplication.<init>(Lorg/uqbar/project/wollok/game/gameboard/Gameboard;Ljava/lang/Boolean;)V+17
j  org.uqbar.project.wollok.game.helpers.Application.start(Lorg/uqbar/project/wollok/game/gameboard/Gameboard;Ljava/lang/Boolean;)V+5
j  org.uqbar.project.wollok.game.gameboard.Gameboard.start(Ljava/lang/Boolean;)V+13
j  wollok.game.GameObject.doStart(Ljava/lang/Boolean;)V+12
v  ~StubRoutines::call_stub
J 3700  jdk.internal.reflect.NativeMethodAccessorImpl.invoke0(Ljava/lang/reflect/Method;Ljava/lang/Object;[Ljava/lang/Object;)Ljava/lang/Object; java.base@11.0.12 (0 bytes) @ 0x0000023007c568cf [0x0000023007c56840+0x000000000000008f]
J 3699 c1 jdk.internal.reflect.NativeMethodAccessorImpl.invoke(Ljava/lang/Object;[Ljava/lang/Object;)Ljava/lang/Object; java.base@11.0.12 (104 bytes) @ 0x0000023000d5f5a4 [0x0000023000d5f1c0+0x00000000000003e4]
J 3047 c1 jdk.internal.reflect.DelegatingMethodAccessorImpl.invoke(Ljava/lang/Object;[Ljava/lang/Object;)Ljava/lang/Object; java.base@11.0.12 (10 bytes) @ 0x0000023000c5b5cc [0x0000023000c5b4c0+0x000000000000010c]
J 3046 c1 java.lang.reflect.Method.invoke(Ljava/lang/Object;[Ljava/lang/Object;)Ljava/lang/Object; java.base@11.0.12 (65 bytes) @ 0x0000023000c5a364 [0x0000023000c5a020+0x0000000000000344]
j  org.uqbar.project.wollok.ui.utils.XTendUtilExtensions.invokeConvertingArgs(Ljava/lang/reflect/Method;Ljava/lang/Object;[Ljava/lang/Object;)Lorg/uqbar/project/wollok/interpreter/core/WollokObject;+261
j  org.uqbar.project.wollok.interpreter.AbstractWollokCallable._invokeNative(Ljava/lang/Object;Ljava/lang/String;[Lorg/uqbar/project/wollok/interpreter/core/WollokObject;)Lorg/uqbar/project/wollok/interpreter/core/WollokObject;+41
j  org.uqbar.project.wollok.interpreter.AbstractWollokCallable.invokeNative(Ljava/lang/Object;Ljava/lang/String;[Lorg/uqbar/project/wollok/interpreter/core/WollokObject;)Lorg/uqbar/project/wollok/interpreter/core/WollokObject;+26
j  org.uqbar.project.wollok.interpreter.AbstractWollokCallable$1.apply()Lorg/uqbar/project/wollok/interpreter/core/WollokObject;+55
j  org.uqbar.project.wollok.interpreter.AbstractWollokCallable$1.apply()Ljava/lang/Object;+1
j  org.uqbar.project.wollok.interpreter.threads.WThread.performOnStack(Lorg/eclipse/emf/ecore/EObject;Lorg/uqbar/project/wollok/interpreter/context/EvaluationContext;Lorg/eclipse/xtext/xbase/lib/Functions$Function0;)Lorg/uqbar/project/wollok/interpreter/core/WollokObject;+29
j  org.uqbar.project.wollok.interpreter.WollokInterpreter.performOnStack(Lorg/eclipse/emf/ecore/EObject;Lorg/uqbar/project/wollok/interpreter/context/EvaluationContext;Lorg/eclipse/xtext/xbase/lib/Functions$Function0;)Lorg/uqbar/project/wollok/interpreter/core/WollokObject;+7
j  org.uqbar.project.wollok.interpreter.AbstractWollokCallable.call(Lorg/uqbar/project/wollok/wollokDsl/WMethodDeclaration;[Lorg/uqbar/project/wollok/interpreter/core/WollokObject;)Lorg/uqbar/project/wollok/interpreter/core/WollokObject;+38
j  org.uqbar.project.wollok.interpreter.core.WollokObject.call(Ljava/lang/String;[Lorg/uqbar/project/wollok/interpreter/core/WollokObject;)Lorg/uqbar/project/wollok/interpreter/core/WollokObject;+55
j  org.uqbar.project.wollok.interpreter.WollokInterpreterEvaluator._evaluate(Lorg/uqbar/project/wollok/wollokDsl/WFeatureCall;)Lorg/uqbar/project/wollok/interpreter/core/WollokObject;+119
J 3739 c1 org.uqbar.project.wollok.launch.WollokLauncherInterpreterEvaluator.evaluate(Lorg/eclipse/emf/ecore/EObject;)Lorg/uqbar/project/wollok/interpreter/core/WollokObject; (502 bytes) @ 0x0000023000d74e1c [0x0000023000d738e0+0x000000000000153c]
J 3740 c1 org.uqbar.project.wollok.interpreter.WollokInterpreter.eval(Lorg/eclipse/emf/ecore/EObject;)Lorg/uqbar/project/wollok/interpreter/core/WollokObject; (190 bytes) @ 0x0000023000d79e2c [0x0000023000d79980+0x00000000000004ac]
j  org.uqbar.project.wollok.interpreter.WollokInterpreterEvaluator.eval(Lorg/eclipse/emf/ecore/EObject;)Lorg/uqbar/project/wollok/interpreter/core/WollokObject;+5
j  org.uqbar.project.wollok.interpreter.WollokInterpreterEvaluator$1.apply(Lorg/uqbar/project/wollok/interpreter/core/WollokObject;Lorg/eclipse/emf/ecore/EObject;)Lorg/uqbar/project/wollok/interpreter/core/WollokObject;+5
j  org.uqbar.project.wollok.interpreter.WollokInterpreterEvaluator$1.apply(Ljava/lang/Object;Ljava/lang/Object;)Ljava/lang/Object;+9
j  org.eclipse.xtext.xbase.lib.IteratorExtensions.fold(Ljava/util/Iterator;Ljava/lang/Object;Lorg/eclipse/xtext/xbase/lib/Functions$Function2;)Ljava/lang/Object;+19
j  org.eclipse.xtext.xbase.lib.IterableExtensions.fold(Ljava/lang/Iterable;Ljava/lang/Object;Lorg/eclipse/xtext/xbase/lib/Functions$Function2;)Ljava/lang/Object;+8
j  org.uqbar.project.wollok.interpreter.WollokInterpreterEvaluator.evalAll(Ljava/lang/Iterable;)Lorg/uqbar/project/wollok/interpreter/core/WollokObject;+12
j  org.uqbar.project.wollok.interpreter.WollokInterpreterEvaluator._evaluate(Lorg/uqbar/project/wollok/wollokDsl/WBlockExpression;)Lorg/uqbar/project/wollok/interpreter/core/WollokObject;+34
J 3739 c1 org.uqbar.project.wollok.launch.WollokLauncherInterpreterEvaluator.evaluate(Lorg/eclipse/emf/ecore/EObject;)Lorg/uqbar/project/wollok/interpreter/core/WollokObject; (502 bytes) @ 0x0000023000d75cdc [0x0000023000d738e0+0x00000000000023fc]
J 3740 c1 org.uqbar.project.wollok.interpreter.WollokInterpreter.eval(Lorg/eclipse/emf/ecore/EObject;)Lorg/uqbar/project/wollok/interpreter/core/WollokObject; (190 bytes) @ 0x0000023000d79e2c [0x0000023000d79980+0x00000000000004ac]
j  org.uqbar.project.wollok.interpreter.AbstractWollokCallable.eval(Lorg/eclipse/emf/ecore/EObject;)Lorg/uqbar/project/wollok/interpreter/core/WollokObject;+5
j  org.uqbar.project.wollok.interpreter.AbstractWollokCallable$1.apply()Lorg/uqbar/project/wollok/interpreter/core/WollokObject;+110
j  org.uqbar.project.wollok.interpreter.AbstractWollokCallable$1.apply()Ljava/lang/Object;+1
j  org.uqbar.project.wollok.interpreter.threads.WThread.performOnStack(Lorg/eclipse/emf/ecore/EObject;Lorg/uqbar/project/wollok/interpreter/context/EvaluationContext;Lorg/eclipse/xtext/xbase/lib/Functions$Function0;)Lorg/uqbar/project/wollok/interpreter/core/WollokObject;+29
j  org.uqbar.project.wollok.interpreter.WollokInterpreter.performOnStack(Lorg/eclipse/emf/ecore/EObject;Lorg/uqbar/project/wollok/interpreter/context/EvaluationContext;Lorg/eclipse/xtext/xbase/lib/Functions$Function0;)Lorg/uqbar/project/wollok/interpreter/core/WollokObject;+7
j  org.uqbar.project.wollok.interpreter.AbstractWollokCallable.call(Lorg/uqbar/project/wollok/wollokDsl/WMethodDeclaration;[Lorg/uqbar/project/wollok/interpreter/core/WollokObject;)Lorg/uqbar/project/wollok/interpreter/core/WollokObject;+38
j  org.uqbar.project.wollok.interpreter.core.WollokObject.call(Ljava/lang/String;[Lorg/uqbar/project/wollok/interpreter/core/WollokObject;)Lorg/uqbar/project/wollok/interpreter/core/WollokObject;+55
j  org.uqbar.project.wollok.interpreter.WollokInterpreterEvaluator._evaluate(Lorg/uqbar/project/wollok/wollokDsl/WFeatureCall;)Lorg/uqbar/project/wollok/interpreter/core/WollokObject;+119
J 3739 c1 org.uqbar.project.wollok.launch.WollokLauncherInterpreterEvaluator.evaluate(Lorg/eclipse/emf/ecore/EObject;)Lorg/uqbar/project/wollok/interpreter/core/WollokObject; (502 bytes) @ 0x0000023000d74e1c [0x0000023000d738e0+0x000000000000153c]
J 3740 c1 org.uqbar.project.wollok.interpreter.WollokInterpreter.eval(Lorg/eclipse/emf/ecore/EObject;)Lorg/uqbar/project/wollok/interpreter/core/WollokObject; (190 bytes) @ 0x0000023000d79e2c [0x0000023000d79980+0x00000000000004ac]
j  org.uqbar.project.wollok.interpreter.WollokInterpreterEvaluator.eval(Lorg/eclipse/emf/ecore/EObject;)Lorg/uqbar/project/wollok/interpreter/core/WollokObject;+5
j  org.uqbar.project.wollok.interpreter.WollokInterpreterEvaluator$1.apply(Lorg/uqbar/project/wollok/interpreter/core/WollokObject;Lorg/eclipse/emf/ecore/EObject;)Lorg/uqbar/project/wollok/interpreter/core/WollokObject;+5
j  org.uqbar.project.wollok.interpreter.WollokInterpreterEvaluator$1.apply(Ljava/lang/Object;Ljava/lang/Object;)Ljava/lang/Object;+9
j  org.eclipse.xtext.xbase.lib.IteratorExtensions.fold(Ljava/util/Iterator;Ljava/lang/Object;Lorg/eclipse/xtext/xbase/lib/Functions$Function2;)Ljava/lang/Object;+19
j  org.eclipse.xtext.xbase.lib.IterableExtensions.fold(Ljava/lang/Iterable;Ljava/lang/Object;Lorg/eclipse/xtext/xbase/lib/Functions$Function2;)Ljava/lang/Object;+8
j  org.uqbar.project.wollok.interpreter.WollokInterpreterEvaluator.evalAll(Ljava/lang/Iterable;)Lorg/uqbar/project/wollok/interpreter/core/WollokObject;+12
j  org.uqbar.project.wollok.interpreter.WollokInterpreterEvaluator._evaluate(Lorg/uqbar/project/wollok/wollokDsl/WProgram;)Lorg/uqbar/project/wollok/interpreter/core/WollokObject;+18
j  org.uqbar.project.wollok.launch.WollokLauncherInterpreterEvaluator.evaluate(Lorg/eclipse/emf/ecore/EObject;)Lorg/uqbar/project/wollok/interpreter/core/WollokObject;+444
j  org.uqbar.project.wollok.interpreter.WollokInterpreterEvaluator.evaluate(Lorg/eclipse/emf/ecore/EObject;)Ljava/lang/Object;+2
j  org.uqbar.project.wollok.interpreter.WollokInterpreter.eval(Lorg/eclipse/emf/ecore/EObject;)Lorg/uqbar/project/wollok/interpreter/core/WollokObject;+63
j  org.uqbar.project.wollok.interpreter.WollokInterpreterEvaluator.eval(Lorg/eclipse/emf/ecore/EObject;)Lorg/uqbar/project/wollok/interpreter/core/WollokObject;+5
j  org.uqbar.project.wollok.launch.WollokLauncherInterpreterEvaluator._evaluate(Lorg/uqbar/project/wollok/wollokDsl/WFile;)Lorg/uqbar/project/wollok/interpreter/core/WollokObject;+32
j  org.uqbar.project.wollok.launch.WollokLauncherInterpreterEvaluator.evaluate(Lorg/eclipse/emf/ecore/EObject;)Lorg/uqbar/project/wollok/interpreter/core/WollokObject;+428
j  org.uqbar.project.wollok.interpreter.WollokInterpreterEvaluator.evaluate(Lorg/eclipse/emf/ecore/EObject;)Ljava/lang/Object;+2
j  org.uqbar.project.wollok.interpreter.WollokInterpreter.interpret(Lorg/eclipse/emf/ecore/EObject;Ljava/lang/Boolean;)Lorg/uqbar/project/wollok/interpreter/core/WollokObject;+25
j  org.uqbar.project.wollok.interpreter.WollokInterpreter.interpret(Lorg/eclipse/emf/ecore/EObject;)Lorg/uqbar/project/wollok/interpreter/core/WollokObject;+8
j  org.uqbar.project.wollok.launch.WollokLauncher.doSomething(Lorg/uqbar/project/wollok/wollokDsl/WFile;Lcom/google/inject/Injector;Ljava/io/File;Lorg/uqbar/project/wollok/launch/WollokLauncherParameters;)V+109
j  org.uqbar.project.wollok.launch.WollokChecker.launch(Ljava/lang/String;Lorg/uqbar/project/wollok/launch/WollokLauncherParameters;)V+31
j  org.uqbar.project.wollok.launch.WollokChecker.doMain([Ljava/lang/String;)V+205
j  org.uqbar.project.wollok.launch.WollokLauncher.main([Ljava/lang/String;)V+8
v  ~StubRoutines::call_stub

siginfo: EXCEPTION_ACCESS_VIOLATION (0xc0000005), reading address 0x0000023015431004


Register to memory mapping:

RIP=0x0000023016511066 OpenAL64.dll
RAX=0x0000000000000004 is an unknown value
RBX=0x0000023016760090 points into unknown readable memory: 0x0000000100000002 | 02 00 00 00 01 00 00 00
RCX=0x0000023015431008 is an unknown value
RDX=0x0000023015431004 is an unknown value
RSP=0x000000f2c6afc290 is pointing into the stack for thread: 0x0000023070108800
RBP=0x00000000000000ff is an unknown value
RSI=0x0000023015430a2c points into unknown readable memory: ff ff ff ff
RDI=0x0 is NULL
R8 =0x0000000000000176 is an unknown value
R9 =0x0000023015430a2c points into unknown readable memory: ff ff ff ff
R10=0x000002300000f6c8 is at code_begin+1000 in an Interpreter codelet
method entry point (kind = native)  [0x000002300000f2e0, 0x000002300000fd80]  2720 bytes
R11=0x000000074f7c54a0 is an oop: java.lang.Class 
{0x000000074f7c54a0} - klass: 'java/lang/Class'
R12=0x0000000000000001 is an unknown value
R13={method} {0x0000023016424f60} 'nalcCreateContext' '(JJ)J' in 'org/lwjgl/openal/ALC10'
R14=0x000000f2c6afc430 is pointing into the stack for thread: 0x0000023070108800
R15=0x0000023070108800 is a thread


Registers:
RAX=0x0000000000000004, RBX=0x0000023016760090, RCX=0x0000023015431008, RDX=0x0000023015431004
RSP=0x000000f2c6afc290, RBP=0x00000000000000ff, RSI=0x0000023015430a2c, RDI=0x0000000000000000
R8 =0x0000000000000176, R9 =0x0000023015430a2c, R10=0x000002300000f6c8, R11=0x000000074f7c54a0
R12=0x0000000000000001, R13=0x0000023016424f58, R14=0x000000f2c6afc430, R15=0x0000023070108800
RIP=0x0000023016511066, EFLAGS=0x0000000000010202

Top of Stack: (sp=0x000000f2c6afc290)
0x000000f2c6afc290:   00000230701093b0 0000002800000003
0x000000f2c6afc2a0:   0000023070108800 000000f2c6afc430
0x000000f2c6afc2b0:   0000023016424f58 00007ff9d1161a39
0x000000f2c6afc2c0:   0000000000000000 00000000000001f0
0x000000f2c6afc2d0:   0000023070108800 0000023070108800
0x000000f2c6afc2e0:   000000f2c6afccf0 00007ff9d13510d3
0x000000f2c6afc2f0:   000000f2c6afc310 0000023070108800
0x000000f2c6afc300:   0000023070108800 000000f2c6afc430
0x000000f2c6afc310:   0000023016424f58 0000000000000000
0x000000f2c6afc320:   0000023015430a2c 00000000000001f0
0x000000f2c6afc330:   000000f2c6afc3f8 000002301651248f
0x000000f2c6afc340:   0000023016760090 0000023016760090
0x000000f2c6afc350:   000002300000ac44 0000023000000004
0x000000f2c6afc360:   0000000000000000 000002300000f6f7
0x000000f2c6afc370:   0000023016424f58 000002300000f3dc
0x000000f2c6afc380:   0000023070108800 0000023016424f58 

Instructions: (pc=0x0000023016511066)
0x0000023016510f66:   b0 00 00 00 0f ba a3 fc 00 00 00 1f 44 89 9c 24
0x0000023016510f76:   b0 00 00 00 73 15 48 8b 83 f8 61 01 00 48 8b cb
0x0000023016510f86:   ff 50 20 44 8b 9c 24 b0 00 00 00 0f ba b3 fc 00
0x0000023016510f96:   00 00 1f 44 89 7b 38 44 89 6b 44 44 89 73 48 e9
0x0000023016510fa6:   56 01 00 00 83 3d 4f 94 04 00 02 0f 8c 8e fe ff
0x0000023016510fb6:   ff 4c 8d 05 a2 2c 03 00 e9 6f fe ff ff 48 3b d7
0x0000023016510fc6:   0f 84 3f 01 00 00 39 3a 0f 84 37 01 00 00 0f ba
0x0000023016510fd6:   a1 fc 00 00 00 1f 73 0a 48 8b 81 f8 61 01 00 ff
0x0000023016510fe6:   50 20 8b 43 38 0f ba b3 fc 00 00 00 1f 8b 6b 64
0x0000023016510ff6:   44 8b 63 68 89 84 24 c0 00 00 00 8b 43 6c 89 84
0x0000023016511006:   24 c8 00 00 00 4c 8b c7 39 3e 74 58 48 8b d6 48
0x0000023016511016:   8d 4e 04 81 3a 07 10 00 00 75 10 8b 01 83 8b fc
0x0000023016511026:   00 00 00 02 89 84 24 c0 00 00 00 81 3a 11 10 00
0x0000023016511036:   00 75 10 8b 6b 5c 44 8b 21 44 3b e5 44 0f 47 e5
0x0000023016511046:   41 2b ec 81 3a 03 00 02 00 75 09 8b 01 89 84 24
0x0000023016511056:   c8 00 00 00 49 83 c0 02 48 83 c1 08 4a 8d 14 86
0x0000023016511066:   39 3a 75 af 4c 8d 84 24 c0 00 00 00 48 8d 15 d7
0x0000023016511076:   2b 03 00 33 c9 e8 58 5f 00 00 b8 40 1f 00 00 4c
0x0000023016511086:   8d 84 24 c8 00 00 00 39 84 24 c0 00 00 00 48 8d
0x0000023016511096:   15 e9 2b 03 00 0f 47 84 24 c0 00 00 00 33 c9 89
0x00000230165110a6:   84 24 c0 00 00 00 e8 27 5f 00 00 8b 43 3c 44 8b
0x00000230165110b6:   84 24 c0 00 00 00 8b 4b 38 41 bb 04 00 00 00 44
0x00000230165110c6:   39 9c 24 c8 00 00 00 44 0f 42 9c 24 c8 00 00 00
0x00000230165110d6:   33 d2 44 89 9c 24 c8 00 00 00 49 0f af c0 48 f7
0x00000230165110e6:   f1 89 43 3c f6 05 43 b6 04 00 01 74 09 83 c0 03
0x00000230165110f6:   83 e0 fc 89 43 3c 44 89 43 38 44 89 5b 6c 44 89
0x0000023016511106:   63 68 89 6b 64 44 8b 9b fc 00 00 00 41 0f ba e3
0x0000023016511116:   1f 0f 82 6a 05 00 00 44 8b 6b 38 8b 6b 44 44 8b
0x0000023016511126:   63 48 41 bf 03 00 00 00 48 8d 35 5b 2b 03 00 4c
0x0000023016511136:   8d 35 80 dc 02 00 44 39 3d bd 92 04 00 0f 8c 81
0x0000023016511146:   00 00 00 4c 8d 15 88 28 03 00 4c 8d 35 f5 2a 03
0x0000023016511156:   00 41 f6 c3 02 4d 8b ca 41 8b cc 4d 0f 45 ce e8 


Stack slot to memory mapping:
stack at sp + 0 slots: 0x00000230701093b0 points into unknown readable memory: 0x6e616c2e6176616a | 6a 61 76 61 2e 6c 61 6e
stack at sp + 1 slots: 0x0000002800000003 is an unknown value
stack at sp + 2 slots: 0x0000023070108800 is a thread
stack at sp + 3 slots: 0x000000f2c6afc430 is pointing into the stack for thread: 0x0000023070108800
stack at sp + 4 slots: {method} {0x0000023016424f60} 'nalcCreateContext' '(JJ)J' in 'org/lwjgl/openal/ALC10'
stack at sp + 5 slots: 0x00007ff9d1161a39 jvm.dll
stack at sp + 6 slots: 0x0 is NULL
stack at sp + 7 slots: 0x00000000000001f0 is an unknown value


---------------  P R O C E S S  ---------------

Threads class SMR info:
_java_thread_list=0x000002301542ba60, length=12, elements={
0x0000023070108800, 0x0000023011809800, 0x0000023011834000, 0x000002301188b800,
0x000002301188e800, 0x0000023011899000, 0x00000230118a0000, 0x00000230118a1800,
0x00000230118a7800, 0x0000023011a08800, 0x0000023012cb6800, 0x00000230125a4800
}

Java Threads: ( => current thread )
=>0x0000023070108800 JavaThread "main" [_thread_in_native, id=3712, stack(0x000000f2c6a00000,0x000000f2c6b00000)]
  0x0000023011809800 JavaThread "Reference Handler" daemon [_thread_blocked, id=6604, stack(0x000000f2c7100000,0x000000f2c7200000)]
  0x0000023011834000 JavaThread "Finalizer" daemon [_thread_blocked, id=6420, stack(0x000000f2c7200000,0x000000f2c7300000)]
  0x000002301188b800 JavaThread "Signal Dispatcher" daemon [_thread_blocked, id=8776, stack(0x000000f2c7300000,0x000000f2c7400000)]
  0x000002301188e800 JavaThread "Attach Listener" daemon [_thread_blocked, id=10596, stack(0x000000f2c7400000,0x000000f2c7500000)]
  0x0000023011899000 JavaThread "Service Thread" daemon [_thread_blocked, id=4952, stack(0x000000f2c7500000,0x000000f2c7600000)]
  0x00000230118a0000 JavaThread "C2 CompilerThread0" daemon [_thread_blocked, id=6336, stack(0x000000f2c7600000,0x000000f2c7700000)]
  0x00000230118a1800 JavaThread "C1 CompilerThread0" daemon [_thread_blocked, id=7392, stack(0x000000f2c7700000,0x000000f2c7800000)]
  0x00000230118a7800 JavaThread "Sweeper thread" daemon [_thread_blocked, id=6212, stack(0x000000f2c7800000,0x000000f2c7900000)]
  0x0000023011a08800 JavaThread "Common-Cleaner" daemon [_thread_blocked, id=8364, stack(0x000000f2c7a00000,0x000000f2c7b00000)]
  0x0000023012cb6800 JavaThread "EMF Reference Cleaner" daemon [_thread_blocked, id=6460, stack(0x000000f2c7f00000,0x000000f2c8000000)]
  0x00000230125a4800 JavaThread "com.google.inject.internal.util.$Finalizer" daemon [_thread_blocked, id=6628, stack(0x000000f2c8000000,0x000000f2c8100000)]

Other Threads:
  0x0000023011805800 VMThread "VM Thread" [stack: 0x000000f2c7000000,0x000000f2c7100000] [id=7876]
  0x00000230119f7000 WatcherThread [stack: 0x000000f2c7900000,0x000000f2c7a00000] [id=10620]
  0x0000023070123800 GCTaskThread "GC Thread#0" [stack: 0x000000f2c6b00000,0x000000f2c6c00000] [id=11072]
  0x00000230123e1000 GCTaskThread "GC Thread#1" [stack: 0x000000f2c7c00000,0x000000f2c7d00000] [id=7584]
  0x00000230123e3800 GCTaskThread "GC Thread#2" [stack: 0x000000f2c7d00000,0x000000f2c7e00000] [id=8220]
  0x00000230123e1800 GCTaskThread "GC Thread#3" [stack: 0x000000f2c7e00000,0x000000f2c7f00000] [id=2316]
  0x000002307016d800 ConcurrentGCThread "G1 Main Marker" [stack: 0x000000f2c6c00000,0x000000f2c6d00000] [id=1432]
  0x0000023070174000 ConcurrentGCThread "G1 Conc#0" [stack: 0x000000f2c6d00000,0x000000f2c6e00000] [id=8016]
  0x000002307fd00800 ConcurrentGCThread "G1 Refine#0" [stack: 0x000000f2c6e00000,0x000000f2c6f00000] [id=7864]
  0x0000023012dfe800 ConcurrentGCThread "G1 Refine#1" [stack: 0x000000f2c8100000,0x000000f2c8200000] [id=8032]
  0x000002307fd01800 ConcurrentGCThread "G1 Young RemSet Sampling" [stack: 0x000000f2c6f00000,0x000000f2c7000000] [id=7472]

Threads with active compile tasks:

VM state:not at safepoint (normal execution)

VM Mutex/Monitor currently owned by a thread: None

Heap address: 0x0000000741a00000, size: 3046 MB, Compressed Oops mode: Zero based, Oop shift amount: 3
Narrow klass base: 0x0000000800000000, Narrow klass shift: 0
Compressed class space size: 1073741824 Address: 0x0000000800000000

Heap:
 garbage-first heap   total 236544K, used 32180K [0x0000000741a00000, 0x0000000800000000)
  region size 1024K, 15 young (15360K), 5 survivors (5120K)
 Metaspace       used 26644K, capacity 26910K, committed 27264K, reserved 1073152K
  class space    used 3006K, capacity 3099K, committed 3200K, reserved 1048576K
Heap Regions: E=young(eden), S=young(survivor), O=old, HS=humongous(starts), HC=humongous(continues), CS=collection set, F=free, A=archive, TAMS=top-at-mark-start (previous, next)
|   0|0x0000000741a00000, 0x0000000741b00000, 0x0000000741b00000|100%| O|  |TAMS 0x0000000741b00000, 0x0000000741a00000| Untracked 
|   1|0x0000000741b00000, 0x0000000741c00000, 0x0000000741c00000|100%| O|  |TAMS 0x0000000741c00000, 0x0000000741b00000| Untracked 
|   2|0x0000000741c00000, 0x0000000741d00000, 0x0000000741d00000|100%| O|  |TAMS 0x0000000741d00000, 0x0000000741c00000| Untracked 
|   3|0x0000000741d00000, 0x0000000741e00000, 0x0000000741e00000|100%| O|  |TAMS 0x0000000741e00000, 0x0000000741d00000| Untracked 
|   4|0x0000000741e00000, 0x0000000741f00000, 0x0000000741f00000|100%| O|  |TAMS 0x0000000741f00000, 0x0000000741e00000| Untracked 
|   5|0x0000000741f00000, 0x0000000742000000, 0x0000000742000000|100%| O|  |TAMS 0x0000000742000000, 0x0000000741f00000| Untracked 
|   6|0x0000000742000000, 0x0000000742100000, 0x0000000742100000|100%| O|  |TAMS 0x0000000742100000, 0x0000000742000000| Untracked 
|   7|0x0000000742100000, 0x0000000742200000, 0x0000000742200000|100%| O|  |TAMS 0x0000000742200000, 0x0000000742100000| Untracked 
|   8|0x0000000742200000, 0x0000000742300000, 0x0000000742300000|100%| O|  |TAMS 0x0000000742300000, 0x0000000742200000| Untracked 
|   9|0x0000000742300000, 0x0000000742400000, 0x0000000742400000|100%| O|  |TAMS 0x0000000742400000, 0x0000000742300000| Untracked 
|  10|0x0000000742400000, 0x0000000742500000, 0x0000000742500000|100%| O|  |TAMS 0x0000000742500000, 0x0000000742400000| Untracked 
|  11|0x0000000742500000, 0x0000000742600000, 0x0000000742600000|100%| O|  |TAMS 0x0000000742600000, 0x0000000742500000| Untracked 
|  12|0x0000000742600000, 0x0000000742700000, 0x0000000742700000|100%| O|  |TAMS 0x0000000742700000, 0x0000000742600000| Untracked 
|  13|0x0000000742700000, 0x0000000742800000, 0x0000000742800000|100%| O|  |TAMS 0x0000000742800000, 0x0000000742700000| Untracked 
|  14|0x0000000742800000, 0x0000000742900000, 0x0000000742900000|100%| O|  |TAMS 0x0000000742900000, 0x0000000742800000| Untracked 
|  15|0x0000000742900000, 0x0000000742a00000, 0x0000000742a00000|100%| O|  |TAMS 0x0000000742a00000, 0x0000000742900000| Untracked 
|  16|0x0000000742a00000, 0x0000000742b00000, 0x0000000742b00000|100%| O|  |TAMS 0x0000000742b00000, 0x0000000742a00000| Untracked 
|  17|0x0000000742b00000, 0x0000000742bcb400, 0x0000000742c00000| 79%| O|  |TAMS 0x0000000742bcb400, 0x0000000742b00000| Untracked 
|  18|0x0000000742c00000, 0x0000000742c00000, 0x0000000742d00000|  0%| F|  |TAMS 0x0000000742c00000, 0x0000000742c00000| Untracked 
|  19|0x0000000742d00000, 0x0000000742d00000, 0x0000000742e00000|  0%| F|  |TAMS 0x0000000742d00000, 0x0000000742d00000| Untracked 
|  20|0x0000000742e00000, 0x0000000742e00000, 0x0000000742f00000|  0%| F|  |TAMS 0x0000000742e00000, 0x0000000742e00000| Untracked 
|  21|0x0000000742f00000, 0x0000000742f00000, 0x0000000743000000|  0%| F|  |TAMS 0x0000000742f00000, 0x0000000742f00000| Untracked 
|  22|0x0000000743000000, 0x0000000743000000, 0x0000000743100000|  0%| F|  |TAMS 0x0000000743000000, 0x0000000743000000| Untracked 
|  23|0x0000000743100000, 0x0000000743100000, 0x0000000743200000|  0%| F|  |TAMS 0x0000000743100000, 0x0000000743100000| Untracked 
|  24|0x0000000743200000, 0x0000000743200000, 0x0000000743300000|  0%| F|  |TAMS 0x0000000743200000, 0x0000000743200000| Untracked 
|  25|0x0000000743300000, 0x0000000743300000, 0x0000000743400000|  0%| F|  |TAMS 0x0000000743300000, 0x0000000743300000| Untracked 
|  26|0x0000000743400000, 0x0000000743400000, 0x0000000743500000|  0%| F|  |TAMS 0x0000000743400000, 0x0000000743400000| Untracked 
|  27|0x0000000743500000, 0x0000000743500000, 0x0000000743600000|  0%| F|  |TAMS 0x0000000743500000, 0x0000000743500000| Untracked 
|  28|0x0000000743600000, 0x0000000743600000, 0x0000000743700000|  0%| F|  |TAMS 0x0000000743600000, 0x0000000743600000| Untracked 
|  29|0x0000000743700000, 0x0000000743700000, 0x0000000743800000|  0%| F|  |TAMS 0x0000000743700000, 0x0000000743700000| Untracked 
|  30|0x0000000743800000, 0x0000000743800000, 0x0000000743900000|  0%| F|  |TAMS 0x0000000743800000, 0x0000000743800000| Untracked 
|  31|0x0000000743900000, 0x0000000743900000, 0x0000000743a00000|  0%| F|  |TAMS 0x0000000743900000, 0x0000000743900000| Untracked 
|  32|0x0000000743a00000, 0x0000000743a00000, 0x0000000743b00000|  0%| F|  |TAMS 0x0000000743a00000, 0x0000000743a00000| Untracked 
|  33|0x0000000743b00000, 0x0000000743b00000, 0x0000000743c00000|  0%| F|  |TAMS 0x0000000743b00000, 0x0000000743b00000| Untracked 
|  34|0x0000000743c00000, 0x0000000743c00000, 0x0000000743d00000|  0%| F|  |TAMS 0x0000000743c00000, 0x0000000743c00000| Untracked 
|  35|0x0000000743d00000, 0x0000000743d00000, 0x0000000743e00000|  0%| F|  |TAMS 0x0000000743d00000, 0x0000000743d00000| Untracked 
|  36|0x0000000743e00000, 0x0000000743e00000, 0x0000000743f00000|  0%| F|  |TAMS 0x0000000743e00000, 0x0000000743e00000| Untracked 
|  37|0x0000000743f00000, 0x0000000743f00000, 0x0000000744000000|  0%| F|  |TAMS 0x0000000743f00000, 0x0000000743f00000| Untracked 
|  38|0x0000000744000000, 0x0000000744000000, 0x0000000744100000|  0%| F|  |TAMS 0x0000000744000000, 0x0000000744000000| Untracked 
|  39|0x0000000744100000, 0x0000000744100000, 0x0000000744200000|  0%| F|  |TAMS 0x0000000744100000, 0x0000000744100000| Untracked 
|  40|0x0000000744200000, 0x0000000744200000, 0x0000000744300000|  0%| F|  |TAMS 0x0000000744200000, 0x0000000744200000| Untracked 
|  41|0x0000000744300000, 0x0000000744300000, 0x0000000744400000|  0%| F|  |TAMS 0x0000000744300000, 0x0000000744300000| Untracked 
|  42|0x0000000744400000, 0x0000000744400000, 0x0000000744500000|  0%| F|  |TAMS 0x0000000744400000, 0x0000000744400000| Untracked 
|  43|0x0000000744500000, 0x0000000744500000, 0x0000000744600000|  0%| F|  |TAMS 0x0000000744500000, 0x0000000744500000| Untracked 
|  44|0x0000000744600000, 0x0000000744600000, 0x0000000744700000|  0%| F|  |TAMS 0x0000000744600000, 0x0000000744600000| Untracked 
|  45|0x0000000744700000, 0x0000000744700000, 0x0000000744800000|  0%| F|  |TAMS 0x0000000744700000, 0x0000000744700000| Untracked 
|  46|0x0000000744800000, 0x0000000744800000, 0x0000000744900000|  0%| F|  |TAMS 0x0000000744800000, 0x0000000744800000| Untracked 
|  47|0x0000000744900000, 0x0000000744900000, 0x0000000744a00000|  0%| F|  |TAMS 0x0000000744900000, 0x0000000744900000| Untracked 
|  48|0x0000000744a00000, 0x0000000744a00000, 0x0000000744b00000|  0%| F|  |TAMS 0x0000000744a00000, 0x0000000744a00000| Untracked 
|  49|0x0000000744b00000, 0x0000000744b00000, 0x0000000744c00000|  0%| F|  |TAMS 0x0000000744b00000, 0x0000000744b00000| Untracked 
|  50|0x0000000744c00000, 0x0000000744c00000, 0x0000000744d00000|  0%| F|  |TAMS 0x0000000744c00000, 0x0000000744c00000| Untracked 
|  51|0x0000000744d00000, 0x0000000744d00000, 0x0000000744e00000|  0%| F|  |TAMS 0x0000000744d00000, 0x0000000744d00000| Untracked 
|  52|0x0000000744e00000, 0x0000000744e00000, 0x0000000744f00000|  0%| F|  |TAMS 0x0000000744e00000, 0x0000000744e00000| Untracked 
|  53|0x0000000744f00000, 0x0000000744f00000, 0x0000000745000000|  0%| F|  |TAMS 0x0000000744f00000, 0x0000000744f00000| Untracked 
|  54|0x0000000745000000, 0x0000000745000000, 0x0000000745100000|  0%| F|  |TAMS 0x0000000745000000, 0x0000000745000000| Untracked 
|  55|0x0000000745100000, 0x0000000745100000, 0x0000000745200000|  0%| F|  |TAMS 0x0000000745100000, 0x0000000745100000| Untracked 
|  56|0x0000000745200000, 0x0000000745200000, 0x0000000745300000|  0%| F|  |TAMS 0x0000000745200000, 0x0000000745200000| Untracked 
|  57|0x0000000745300000, 0x0000000745300000, 0x0000000745400000|  0%| F|  |TAMS 0x0000000745300000, 0x0000000745300000| Untracked 
|  58|0x0000000745400000, 0x0000000745400000, 0x0000000745500000|  0%| F|  |TAMS 0x0000000745400000, 0x0000000745400000| Untracked 
|  59|0x0000000745500000, 0x0000000745500000, 0x0000000745600000|  0%| F|  |TAMS 0x0000000745500000, 0x0000000745500000| Untracked 
|  60|0x0000000745600000, 0x0000000745600000, 0x0000000745700000|  0%| F|  |TAMS 0x0000000745600000, 0x0000000745600000| Untracked 
|  61|0x0000000745700000, 0x0000000745700000, 0x0000000745800000|  0%| F|  |TAMS 0x0000000745700000, 0x0000000745700000| Untracked 
|  62|0x0000000745800000, 0x0000000745800000, 0x0000000745900000|  0%| F|  |TAMS 0x0000000745800000, 0x0000000745800000| Untracked 
|  63|0x0000000745900000, 0x0000000745900000, 0x0000000745a00000|  0%| F|  |TAMS 0x0000000745900000, 0x0000000745900000| Untracked 
|  64|0x0000000745a00000, 0x0000000745a00000, 0x0000000745b00000|  0%| F|  |TAMS 0x0000000745a00000, 0x0000000745a00000| Untracked 
|  65|0x0000000745b00000, 0x0000000745b00000, 0x0000000745c00000|  0%| F|  |TAMS 0x0000000745b00000, 0x0000000745b00000| Untracked 
|  66|0x0000000745c00000, 0x0000000745c00000, 0x0000000745d00000|  0%| F|  |TAMS 0x0000000745c00000, 0x0000000745c00000| Untracked 
|  67|0x0000000745d00000, 0x0000000745d00000, 0x0000000745e00000|  0%| F|  |TAMS 0x0000000745d00000, 0x0000000745d00000| Untracked 
|  68|0x0000000745e00000, 0x0000000745e00000, 0x0000000745f00000|  0%| F|  |TAMS 0x0000000745e00000, 0x0000000745e00000| Untracked 
|  69|0x0000000745f00000, 0x0000000745f00000, 0x0000000746000000|  0%| F|  |TAMS 0x0000000745f00000, 0x0000000745f00000| Untracked 
|  70|0x0000000746000000, 0x0000000746000000, 0x0000000746100000|  0%| F|  |TAMS 0x0000000746000000, 0x0000000746000000| Untracked 
|  71|0x0000000746100000, 0x0000000746100000, 0x0000000746200000|  0%| F|  |TAMS 0x0000000746100000, 0x0000000746100000| Untracked 
|  72|0x0000000746200000, 0x0000000746200000, 0x0000000746300000|  0%| F|  |TAMS 0x0000000746200000, 0x0000000746200000| Untracked 
|  73|0x0000000746300000, 0x0000000746300000, 0x0000000746400000|  0%| F|  |TAMS 0x0000000746300000, 0x0000000746300000| Untracked 
|  74|0x0000000746400000, 0x0000000746400000, 0x0000000746500000|  0%| F|  |TAMS 0x0000000746400000, 0x0000000746400000| Untracked 
|  75|0x0000000746500000, 0x0000000746500000, 0x0000000746600000|  0%| F|  |TAMS 0x0000000746500000, 0x0000000746500000| Untracked 
|  76|0x0000000746600000, 0x0000000746600000, 0x0000000746700000|  0%| F|  |TAMS 0x0000000746600000, 0x0000000746600000| Untracked 
|  77|0x0000000746700000, 0x0000000746700000, 0x0000000746800000|  0%| F|  |TAMS 0x0000000746700000, 0x0000000746700000| Untracked 
|  78|0x0000000746800000, 0x0000000746800000, 0x0000000746900000|  0%| F|  |TAMS 0x0000000746800000, 0x0000000746800000| Untracked 
|  79|0x0000000746900000, 0x0000000746900000, 0x0000000746a00000|  0%| F|  |TAMS 0x0000000746900000, 0x0000000746900000| Untracked 
|  80|0x0000000746a00000, 0x0000000746a00000, 0x0000000746b00000|  0%| F|  |TAMS 0x0000000746a00000, 0x0000000746a00000| Untracked 
|  81|0x0000000746b00000, 0x0000000746b00000, 0x0000000746c00000|  0%| F|  |TAMS 0x0000000746b00000, 0x0000000746b00000| Untracked 
|  82|0x0000000746c00000, 0x0000000746c00000, 0x0000000746d00000|  0%| F|  |TAMS 0x0000000746c00000, 0x0000000746c00000| Untracked 
|  83|0x0000000746d00000, 0x0000000746d00000, 0x0000000746e00000|  0%| F|  |TAMS 0x0000000746d00000, 0x0000000746d00000| Untracked 
|  84|0x0000000746e00000, 0x0000000746e00000, 0x0000000746f00000|  0%| F|  |TAMS 0x0000000746e00000, 0x0000000746e00000| Untracked 
|  85|0x0000000746f00000, 0x0000000746f00000, 0x0000000747000000|  0%| F|  |TAMS 0x0000000746f00000, 0x0000000746f00000| Untracked 
|  86|0x0000000747000000, 0x0000000747000000, 0x0000000747100000|  0%| F|  |TAMS 0x0000000747000000, 0x0000000747000000| Untracked 
|  87|0x0000000747100000, 0x0000000747100000, 0x0000000747200000|  0%| F|  |TAMS 0x0000000747100000, 0x0000000747100000| Untracked 
|  88|0x0000000747200000, 0x0000000747200000, 0x0000000747300000|  0%| F|  |TAMS 0x0000000747200000, 0x0000000747200000| Untracked 
|  89|0x0000000747300000, 0x0000000747300000, 0x0000000747400000|  0%| F|  |TAMS 0x0000000747300000, 0x0000000747300000| Untracked 
|  90|0x0000000747400000, 0x0000000747400000, 0x0000000747500000|  0%| F|  |TAMS 0x0000000747400000, 0x0000000747400000| Untracked 
|  91|0x0000000747500000, 0x0000000747500000, 0x0000000747600000|  0%| F|  |TAMS 0x0000000747500000, 0x0000000747500000| Untracked 
|  92|0x0000000747600000, 0x0000000747600000, 0x0000000747700000|  0%| F|  |TAMS 0x0000000747600000, 0x0000000747600000| Untracked 
|  93|0x0000000747700000, 0x0000000747700000, 0x0000000747800000|  0%| F|  |TAMS 0x0000000747700000, 0x0000000747700000| Untracked 
|  94|0x0000000747800000, 0x0000000747800000, 0x0000000747900000|  0%| F|  |TAMS 0x0000000747800000, 0x0000000747800000| Untracked 
|  95|0x0000000747900000, 0x0000000747900000, 0x0000000747a00000|  0%| F|  |TAMS 0x0000000747900000, 0x0000000747900000| Untracked 
|  96|0x0000000747a00000, 0x0000000747a00000, 0x0000000747b00000|  0%| F|  |TAMS 0x0000000747a00000, 0x0000000747a00000| Untracked 
|  97|0x0000000747b00000, 0x0000000747b00000, 0x0000000747c00000|  0%| F|  |TAMS 0x0000000747b00000, 0x0000000747b00000| Untracked 
|  98|0x0000000747c00000, 0x0000000747c00000, 0x0000000747d00000|  0%| F|  |TAMS 0x0000000747c00000, 0x0000000747c00000| Untracked 
|  99|0x0000000747d00000, 0x0000000747d00000, 0x0000000747e00000|  0%| F|  |TAMS 0x0000000747d00000, 0x0000000747d00000| Untracked 
| 100|0x0000000747e00000, 0x0000000747e00000, 0x0000000747f00000|  0%| F|  |TAMS 0x0000000747e00000, 0x0000000747e00000| Untracked 
| 101|0x0000000747f00000, 0x0000000747f00000, 0x0000000748000000|  0%| F|  |TAMS 0x0000000747f00000, 0x0000000747f00000| Untracked 
| 102|0x0000000748000000, 0x0000000748000000, 0x0000000748100000|  0%| F|  |TAMS 0x0000000748000000, 0x0000000748000000| Untracked 
| 103|0x0000000748100000, 0x0000000748100000, 0x0000000748200000|  0%| F|  |TAMS 0x0000000748100000, 0x0000000748100000| Untracked 
| 104|0x0000000748200000, 0x0000000748200000, 0x0000000748300000|  0%| F|  |TAMS 0x0000000748200000, 0x0000000748200000| Untracked 
| 105|0x0000000748300000, 0x0000000748300000, 0x0000000748400000|  0%| F|  |TAMS 0x0000000748300000, 0x0000000748300000| Untracked 
| 106|0x0000000748400000, 0x0000000748400000, 0x0000000748500000|  0%| F|  |TAMS 0x0000000748400000, 0x0000000748400000| Untracked 
| 107|0x0000000748500000, 0x0000000748500000, 0x0000000748600000|  0%| F|  |TAMS 0x0000000748500000, 0x0000000748500000| Untracked 
| 108|0x0000000748600000, 0x0000000748600000, 0x0000000748700000|  0%| F|  |TAMS 0x0000000748600000, 0x0000000748600000| Untracked 
| 109|0x0000000748700000, 0x0000000748700000, 0x0000000748800000|  0%| F|  |TAMS 0x0000000748700000, 0x0000000748700000| Untracked 
| 110|0x0000000748800000, 0x0000000748800000, 0x0000000748900000|  0%| F|  |TAMS 0x0000000748800000, 0x0000000748800000| Untracked 
| 111|0x0000000748900000, 0x0000000748900000, 0x0000000748a00000|  0%| F|  |TAMS 0x0000000748900000, 0x0000000748900000| Untracked 
| 112|0x0000000748a00000, 0x0000000748a00000, 0x0000000748b00000|  0%| F|  |TAMS 0x0000000748a00000, 0x0000000748a00000| Untracked 
| 113|0x0000000748b00000, 0x0000000748b00000, 0x0000000748c00000|  0%| F|  |TAMS 0x0000000748b00000, 0x0000000748b00000| Untracked 
| 114|0x0000000748c00000, 0x0000000748c00000, 0x0000000748d00000|  0%| F|  |TAMS 0x0000000748c00000, 0x0000000748c00000| Untracked 
| 115|0x0000000748d00000, 0x0000000748d00000, 0x0000000748e00000|  0%| F|  |TAMS 0x0000000748d00000, 0x0000000748d00000| Untracked 
| 116|0x0000000748e00000, 0x0000000748e00000, 0x0000000748f00000|  0%| F|  |TAMS 0x0000000748e00000, 0x0000000748e00000| Untracked 
| 117|0x0000000748f00000, 0x0000000748f00000, 0x0000000749000000|  0%| F|  |TAMS 0x0000000748f00000, 0x0000000748f00000| Untracked 
| 118|0x0000000749000000, 0x0000000749000000, 0x0000000749100000|  0%| F|  |TAMS 0x0000000749000000, 0x0000000749000000| Untracked 
| 119|0x0000000749100000, 0x0000000749100000, 0x0000000749200000|  0%| F|  |TAMS 0x0000000749100000, 0x0000000749100000| Untracked 
| 120|0x0000000749200000, 0x0000000749200000, 0x0000000749300000|  0%| F|  |TAMS 0x0000000749200000, 0x0000000749200000| Untracked 
| 121|0x0000000749300000, 0x0000000749300000, 0x0000000749400000|  0%| F|  |TAMS 0x0000000749300000, 0x0000000749300000| Untracked 
| 122|0x0000000749400000, 0x0000000749400000, 0x0000000749500000|  0%| F|  |TAMS 0x0000000749400000, 0x0000000749400000| Untracked 
| 123|0x0000000749500000, 0x0000000749500000, 0x0000000749600000|  0%| F|  |TAMS 0x0000000749500000, 0x0000000749500000| Untracked 
| 124|0x0000000749600000, 0x0000000749600000, 0x0000000749700000|  0%| F|  |TAMS 0x0000000749600000, 0x0000000749600000| Untracked 
| 125|0x0000000749700000, 0x0000000749700000, 0x0000000749800000|  0%| F|  |TAMS 0x0000000749700000, 0x0000000749700000| Untracked 
| 126|0x0000000749800000, 0x0000000749800000, 0x0000000749900000|  0%| F|  |TAMS 0x0000000749800000, 0x0000000749800000| Untracked 
| 127|0x0000000749900000, 0x0000000749900000, 0x0000000749a00000|  0%| F|  |TAMS 0x0000000749900000, 0x0000000749900000| Untracked 
| 128|0x0000000749a00000, 0x0000000749a00000, 0x0000000749b00000|  0%| F|  |TAMS 0x0000000749a00000, 0x0000000749a00000| Untracked 
| 129|0x0000000749b00000, 0x0000000749b00000, 0x0000000749c00000|  0%| F|  |TAMS 0x0000000749b00000, 0x0000000749b00000| Untracked 
| 130|0x0000000749c00000, 0x0000000749c00000, 0x0000000749d00000|  0%| F|  |TAMS 0x0000000749c00000, 0x0000000749c00000| Untracked 
| 131|0x0000000749d00000, 0x0000000749d00000, 0x0000000749e00000|  0%| F|  |TAMS 0x0000000749d00000, 0x0000000749d00000| Untracked 
| 132|0x0000000749e00000, 0x0000000749e00000, 0x0000000749f00000|  0%| F|  |TAMS 0x0000000749e00000, 0x0000000749e00000| Untracked 
| 133|0x0000000749f00000, 0x0000000749f00000, 0x000000074a000000|  0%| F|  |TAMS 0x0000000749f00000, 0x0000000749f00000| Untracked 
| 134|0x000000074a000000, 0x000000074a000000, 0x000000074a100000|  0%| F|  |TAMS 0x000000074a000000, 0x000000074a000000| Untracked 
| 135|0x000000074a100000, 0x000000074a100000, 0x000000074a200000|  0%| F|  |TAMS 0x000000074a100000, 0x000000074a100000| Untracked 
| 136|0x000000074a200000, 0x000000074a200000, 0x000000074a300000|  0%| F|  |TAMS 0x000000074a200000, 0x000000074a200000| Untracked 
| 137|0x000000074a300000, 0x000000074a300000, 0x000000074a400000|  0%| F|  |TAMS 0x000000074a300000, 0x000000074a300000| Untracked 
| 138|0x000000074a400000, 0x000000074a400000, 0x000000074a500000|  0%| F|  |TAMS 0x000000074a400000, 0x000000074a400000| Untracked 
| 139|0x000000074a500000, 0x000000074a500000, 0x000000074a600000|  0%| F|  |TAMS 0x000000074a500000, 0x000000074a500000| Untracked 
| 140|0x000000074a600000, 0x000000074a600000, 0x000000074a700000|  0%| F|  |TAMS 0x000000074a600000, 0x000000074a600000| Untracked 
| 141|0x000000074a700000, 0x000000074a700000, 0x000000074a800000|  0%| F|  |TAMS 0x000000074a700000, 0x000000074a700000| Untracked 
| 142|0x000000074a800000, 0x000000074a800000, 0x000000074a900000|  0%| F|  |TAMS 0x000000074a800000, 0x000000074a800000| Untracked 
| 143|0x000000074a900000, 0x000000074a900000, 0x000000074aa00000|  0%| F|  |TAMS 0x000000074a900000, 0x000000074a900000| Untracked 
| 144|0x000000074aa00000, 0x000000074aaa1f68, 0x000000074ab00000| 63%| S|CS|TAMS 0x000000074aa00000, 0x000000074aa00000| Complete 
| 145|0x000000074ab00000, 0x000000074ac00000, 0x000000074ac00000|100%| S|CS|TAMS 0x000000074ab00000, 0x000000074ab00000| Complete 
| 146|0x000000074ac00000, 0x000000074ad00000, 0x000000074ad00000|100%| S|CS|TAMS 0x000000074ac00000, 0x000000074ac00000| Complete 
| 147|0x000000074ad00000, 0x000000074ae00000, 0x000000074ae00000|100%| S|CS|TAMS 0x000000074ad00000, 0x000000074ad00000| Complete 
| 148|0x000000074ae00000, 0x000000074af00000, 0x000000074af00000|100%| S|CS|TAMS 0x000000074ae00000, 0x000000074ae00000| Complete 
| 149|0x000000074af00000, 0x000000074af00000, 0x000000074b000000|  0%| F|  |TAMS 0x000000074af00000, 0x000000074af00000| Untracked 
| 150|0x000000074b000000, 0x000000074b000000, 0x000000074b100000|  0%| F|  |TAMS 0x000000074b000000, 0x000000074b000000| Untracked 
| 151|0x000000074b100000, 0x000000074b100000, 0x000000074b200000|  0%| F|  |TAMS 0x000000074b100000, 0x000000074b100000| Untracked 
| 152|0x000000074b200000, 0x000000074b200000, 0x000000074b300000|  0%| F|  |TAMS 0x000000074b200000, 0x000000074b200000| Untracked 
| 153|0x000000074b300000, 0x000000074b300000, 0x000000074b400000|  0%| F|  |TAMS 0x000000074b300000, 0x000000074b300000| Untracked 
| 154|0x000000074b400000, 0x000000074b400000, 0x000000074b500000|  0%| F|  |TAMS 0x000000074b400000, 0x000000074b400000| Untracked 
| 155|0x000000074b500000, 0x000000074b500000, 0x000000074b600000|  0%| F|  |TAMS 0x000000074b500000, 0x000000074b500000| Untracked 
| 156|0x000000074b600000, 0x000000074b600000, 0x000000074b700000|  0%| F|  |TAMS 0x000000074b600000, 0x000000074b600000| Untracked 
| 157|0x000000074b700000, 0x000000074b700000, 0x000000074b800000|  0%| F|  |TAMS 0x000000074b700000, 0x000000074b700000| Untracked 
| 158|0x000000074b800000, 0x000000074b800000, 0x000000074b900000|  0%| F|  |TAMS 0x000000074b800000, 0x000000074b800000| Untracked 
| 159|0x000000074b900000, 0x000000074b900000, 0x000000074ba00000|  0%| F|  |TAMS 0x000000074b900000, 0x000000074b900000| Untracked 
| 160|0x000000074ba00000, 0x000000074ba00000, 0x000000074bb00000|  0%| F|  |TAMS 0x000000074ba00000, 0x000000074ba00000| Untracked 
| 161|0x000000074bb00000, 0x000000074bb00000, 0x000000074bc00000|  0%| F|  |TAMS 0x000000074bb00000, 0x000000074bb00000| Untracked 
| 162|0x000000074bc00000, 0x000000074bc00000, 0x000000074bd00000|  0%| F|  |TAMS 0x000000074bc00000, 0x000000074bc00000| Untracked 
| 163|0x000000074bd00000, 0x000000074bd00000, 0x000000074be00000|  0%| F|  |TAMS 0x000000074bd00000, 0x000000074bd00000| Untracked 
| 164|0x000000074be00000, 0x000000074be00000, 0x000000074bf00000|  0%| F|  |TAMS 0x000000074be00000, 0x000000074be00000| Untracked 
| 165|0x000000074bf00000, 0x000000074bf00000, 0x000000074c000000|  0%| F|  |TAMS 0x000000074bf00000, 0x000000074bf00000| Untracked 
| 166|0x000000074c000000, 0x000000074c000000, 0x000000074c100000|  0%| F|  |TAMS 0x000000074c000000, 0x000000074c000000| Untracked 
| 167|0x000000074c100000, 0x000000074c100000, 0x000000074c200000|  0%| F|  |TAMS 0x000000074c100000, 0x000000074c100000| Untracked 
| 168|0x000000074c200000, 0x000000074c200000, 0x000000074c300000|  0%| F|  |TAMS 0x000000074c200000, 0x000000074c200000| Untracked 
| 169|0x000000074c300000, 0x000000074c300000, 0x000000074c400000|  0%| F|  |TAMS 0x000000074c300000, 0x000000074c300000| Untracked 
| 170|0x000000074c400000, 0x000000074c400000, 0x000000074c500000|  0%| F|  |TAMS 0x000000074c400000, 0x000000074c400000| Untracked 
| 171|0x000000074c500000, 0x000000074c500000, 0x000000074c600000|  0%| F|  |TAMS 0x000000074c500000, 0x000000074c500000| Untracked 
| 172|0x000000074c600000, 0x000000074c600000, 0x000000074c700000|  0%| F|  |TAMS 0x000000074c600000, 0x000000074c600000| Untracked 
| 173|0x000000074c700000, 0x000000074c700000, 0x000000074c800000|  0%| F|  |TAMS 0x000000074c700000, 0x000000074c700000| Untracked 
| 174|0x000000074c800000, 0x000000074c800000, 0x000000074c900000|  0%| F|  |TAMS 0x000000074c800000, 0x000000074c800000| Untracked 
| 175|0x000000074c900000, 0x000000074c900000, 0x000000074ca00000|  0%| F|  |TAMS 0x000000074c900000, 0x000000074c900000| Untracked 
| 176|0x000000074ca00000, 0x000000074ca00000, 0x000000074cb00000|  0%| F|  |TAMS 0x000000074ca00000, 0x000000074ca00000| Untracked 
| 177|0x000000074cb00000, 0x000000074cb00000, 0x000000074cc00000|  0%| F|  |TAMS 0x000000074cb00000, 0x000000074cb00000| Untracked 
| 178|0x000000074cc00000, 0x000000074cc00000, 0x000000074cd00000|  0%| F|  |TAMS 0x000000074cc00000, 0x000000074cc00000| Untracked 
| 179|0x000000074cd00000, 0x000000074cd00000, 0x000000074ce00000|  0%| F|  |TAMS 0x000000074cd00000, 0x000000074cd00000| Untracked 
| 180|0x000000074ce00000, 0x000000074ce00000, 0x000000074cf00000|  0%| F|  |TAMS 0x000000074ce00000, 0x000000074ce00000| Untracked 
| 181|0x000000074cf00000, 0x000000074cf00000, 0x000000074d000000|  0%| F|  |TAMS 0x000000074cf00000, 0x000000074cf00000| Untracked 
| 182|0x000000074d000000, 0x000000074d000000, 0x000000074d100000|  0%| F|  |TAMS 0x000000074d000000, 0x000000074d000000| Untracked 
| 183|0x000000074d100000, 0x000000074d100000, 0x000000074d200000|  0%| F|  |TAMS 0x000000074d100000, 0x000000074d100000| Untracked 
| 184|0x000000074d200000, 0x000000074d200000, 0x000000074d300000|  0%| F|  |TAMS 0x000000074d200000, 0x000000074d200000| Untracked 
| 185|0x000000074d300000, 0x000000074d300000, 0x000000074d400000|  0%| F|  |TAMS 0x000000074d300000, 0x000000074d300000| Untracked 
| 186|0x000000074d400000, 0x000000074d400000, 0x000000074d500000|  0%| F|  |TAMS 0x000000074d400000, 0x000000074d400000| Untracked 
| 187|0x000000074d500000, 0x000000074d500000, 0x000000074d600000|  0%| F|  |TAMS 0x000000074d500000, 0x000000074d500000| Untracked 
| 188|0x000000074d600000, 0x000000074d600000, 0x000000074d700000|  0%| F|  |TAMS 0x000000074d600000, 0x000000074d600000| Untracked 
| 189|0x000000074d700000, 0x000000074d700000, 0x000000074d800000|  0%| F|  |TAMS 0x000000074d700000, 0x000000074d700000| Untracked 
| 190|0x000000074d800000, 0x000000074d800000, 0x000000074d900000|  0%| F|  |TAMS 0x000000074d800000, 0x000000074d800000| Untracked 
| 191|0x000000074d900000, 0x000000074d900000, 0x000000074da00000|  0%| F|  |TAMS 0x000000074d900000, 0x000000074d900000| Untracked 
| 192|0x000000074da00000, 0x000000074da00000, 0x000000074db00000|  0%| F|  |TAMS 0x000000074da00000, 0x000000074da00000| Untracked 
| 193|0x000000074db00000, 0x000000074db00000, 0x000000074dc00000|  0%| F|  |TAMS 0x000000074db00000, 0x000000074db00000| Untracked 
| 194|0x000000074dc00000, 0x000000074dc00000, 0x000000074dd00000|  0%| F|  |TAMS 0x000000074dc00000, 0x000000074dc00000| Untracked 
| 195|0x000000074dd00000, 0x000000074dd00000, 0x000000074de00000|  0%| F|  |TAMS 0x000000074dd00000, 0x000000074dd00000| Untracked 
| 196|0x000000074de00000, 0x000000074de00000, 0x000000074df00000|  0%| F|  |TAMS 0x000000074de00000, 0x000000074de00000| Untracked 
| 197|0x000000074df00000, 0x000000074df00000, 0x000000074e000000|  0%| F|  |TAMS 0x000000074df00000, 0x000000074df00000| Untracked 
| 198|0x000000074e000000, 0x000000074e000000, 0x000000074e100000|  0%| F|  |TAMS 0x000000074e000000, 0x000000074e000000| Untracked 
| 199|0x000000074e100000, 0x000000074e100000, 0x000000074e200000|  0%| F|  |TAMS 0x000000074e100000, 0x000000074e100000| Untracked 
| 200|0x000000074e200000, 0x000000074e200000, 0x000000074e300000|  0%| F|  |TAMS 0x000000074e200000, 0x000000074e200000| Untracked 
| 201|0x000000074e300000, 0x000000074e300000, 0x000000074e400000|  0%| F|  |TAMS 0x000000074e300000, 0x000000074e300000| Untracked 
| 202|0x000000074e400000, 0x000000074e400000, 0x000000074e500000|  0%| F|  |TAMS 0x000000074e400000, 0x000000074e400000| Untracked 
| 203|0x000000074e500000, 0x000000074e500000, 0x000000074e600000|  0%| F|  |TAMS 0x000000074e500000, 0x000000074e500000| Untracked 
| 204|0x000000074e600000, 0x000000074e600000, 0x000000074e700000|  0%| F|  |TAMS 0x000000074e600000, 0x000000074e600000| Untracked 
| 205|0x000000074e700000, 0x000000074e700000, 0x000000074e800000|  0%| F|  |TAMS 0x000000074e700000, 0x000000074e700000| Untracked 
| 206|0x000000074e800000, 0x000000074e800000, 0x000000074e900000|  0%| F|  |TAMS 0x000000074e800000, 0x000000074e800000| Untracked 
| 207|0x000000074e900000, 0x000000074e900000, 0x000000074ea00000|  0%| F|  |TAMS 0x000000074e900000, 0x000000074e900000| Untracked 
| 208|0x000000074ea00000, 0x000000074ea00000, 0x000000074eb00000|  0%| F|  |TAMS 0x000000074ea00000, 0x000000074ea00000| Untracked 
| 209|0x000000074eb00000, 0x000000074eb00000, 0x000000074ec00000|  0%| F|  |TAMS 0x000000074eb00000, 0x000000074eb00000| Untracked 
| 210|0x000000074ec00000, 0x000000074ec00000, 0x000000074ed00000|  0%| F|  |TAMS 0x000000074ec00000, 0x000000074ec00000| Untracked 
| 211|0x000000074ed00000, 0x000000074ed00000, 0x000000074ee00000|  0%| F|  |TAMS 0x000000074ed00000, 0x000000074ed00000| Untracked 
| 212|0x000000074ee00000, 0x000000074ee00000, 0x000000074ef00000|  0%| F|  |TAMS 0x000000074ee00000, 0x000000074ee00000| Untracked 
| 213|0x000000074ef00000, 0x000000074ef00000, 0x000000074f000000|  0%| F|  |TAMS 0x000000074ef00000, 0x000000074ef00000| Untracked 
| 214|0x000000074f000000, 0x000000074f000000, 0x000000074f100000|  0%| F|  |TAMS 0x000000074f000000, 0x000000074f000000| Untracked 
| 215|0x000000074f100000, 0x000000074f100000, 0x000000074f200000|  0%| F|  |TAMS 0x000000074f100000, 0x000000074f100000| Untracked 
| 216|0x000000074f200000, 0x000000074f200000, 0x000000074f300000|  0%| F|  |TAMS 0x000000074f200000, 0x000000074f200000| Untracked 
| 217|0x000000074f300000, 0x000000074f300000, 0x000000074f400000|  0%| F|  |TAMS 0x000000074f300000, 0x000000074f300000| Untracked 
| 218|0x000000074f400000, 0x000000074f400000, 0x000000074f500000|  0%| F|  |TAMS 0x000000074f400000, 0x000000074f400000| Untracked 
| 219|0x000000074f500000, 0x000000074f500000, 0x000000074f600000|  0%| F|  |TAMS 0x000000074f500000, 0x000000074f500000| Untracked 
| 220|0x000000074f600000, 0x000000074f600000, 0x000000074f700000|  0%| F|  |TAMS 0x000000074f600000, 0x000000074f600000| Untracked 
| 221|0x000000074f700000, 0x000000074f800000, 0x000000074f800000|100%| E|  |TAMS 0x000000074f700000, 0x000000074f700000| Complete 
| 222|0x000000074f800000, 0x000000074f900000, 0x000000074f900000|100%| E|CS|TAMS 0x000000074f800000, 0x000000074f800000| Complete 
| 223|0x000000074f900000, 0x000000074fa00000, 0x000000074fa00000|100%| E|CS|TAMS 0x000000074f900000, 0x000000074f900000| Complete 
| 224|0x000000074fa00000, 0x000000074fb00000, 0x000000074fb00000|100%| E|CS|TAMS 0x000000074fa00000, 0x000000074fa00000| Complete 
| 225|0x000000074fb00000, 0x000000074fc00000, 0x000000074fc00000|100%| E|CS|TAMS 0x000000074fb00000, 0x000000074fb00000| Complete 
| 226|0x000000074fc00000, 0x000000074fd00000, 0x000000074fd00000|100%| E|CS|TAMS 0x000000074fc00000, 0x000000074fc00000| Complete 
| 227|0x000000074fd00000, 0x000000074fe00000, 0x000000074fe00000|100%| E|CS|TAMS 0x000000074fd00000, 0x000000074fd00000| Complete 
| 228|0x000000074fe00000, 0x000000074ff00000, 0x000000074ff00000|100%| E|CS|TAMS 0x000000074fe00000, 0x000000074fe00000| Complete 
| 229|0x000000074ff00000, 0x0000000750000000, 0x0000000750000000|100%| E|CS|TAMS 0x000000074ff00000, 0x000000074ff00000| Complete 
| 230|0x0000000750000000, 0x0000000750100000, 0x0000000750100000|100%| E|CS|TAMS 0x0000000750000000, 0x0000000750000000| Complete 

Card table byte_map: [0x0000023078e10000,0x0000023079410000] _byte_map_base: 0x0000023075403000

Marking Bits (Prev, Next): (CMBitMap*) 0x0000023070160ad0, (CMBitMap*) 0x0000023070160a98
 Prev Bits: [0x000002307c9b0000, 0x000002307f948000)
 Next Bits: [0x0000023079a10000, 0x000002307c9a8000)

Polling page: 0x000002306e040000

Metaspace:

Usage:
  Non-class:     23.25 MB capacity,    23.08 MB (>99%) used,   137.41 KB ( <1%) free+waste,    35.44 KB ( <1%) overhead. 
      Class:      3.03 MB capacity,     2.94 MB ( 97%) used,    78.16 KB (  3%) free+waste,    14.19 KB ( <1%) overhead. 
       Both:     26.28 MB capacity,    26.02 MB (>99%) used,   215.58 KB ( <1%) free+waste,    49.63 KB ( <1%) overhead. 

Virtual space:
  Non-class space:       24.00 MB reserved,      23.50 MB ( 98%) committed 
      Class space:        1.00 GB reserved,       3.13 MB ( <1%) committed 
             Both:        1.02 GB reserved,      26.63 MB (  3%) committed 

Chunk freelists:
   Non-Class:  61.00 KB
       Class:  5.00 KB
        Both:  66.00 KB

MaxMetaspaceSize: 17179869184.00 GB
CompressedClassSpaceSize: 1.00 GB
Initial GC threshold: 20.80 MB
Current GC threshold: 35.00 MB
CDS: off

CodeHeap 'non-profiled nmethods': size=120064Kb used=1780Kb max_used=1780Kb free=118283Kb
 bounds [0x0000023007ac0000, 0x0000023007d30000, 0x000002300f000000]
CodeHeap 'profiled nmethods': size=120000Kb used=8243Kb max_used=8243Kb free=111757Kb
 bounds [0x0000023000590000, 0x0000023000da0000, 0x0000023007ac0000]
CodeHeap 'non-nmethods': size=5696Kb used=1229Kb max_used=1280Kb free=4467Kb
 bounds [0x0000023000000000, 0x0000023000270000, 0x0000023000590000]
 total_blobs=4276 nmethods=3779 adapters=409
 compilation: enabled
              stopped_count=0, restarted_count=0
 full_count=0

Compilation events (20 events):
Event: 7.617 Thread 0x00000230118a1800 3803       3       sun.nio.fs.WindowsPathParser::normalize (233 bytes)
Event: 7.623 Thread 0x00000230118a1800 nmethod 3803 0x0000023000d92910 code [0x0000023000d92f60, 0x0000023000d96388]
Event: 7.623 Thread 0x00000230118a1800 3804       3       java.io.FileInputStream::read (9 bytes)
Event: 7.623 Thread 0x00000230118a1800 nmethod 3804 0x0000023000d97710 code [0x0000023000d978c0, 0x0000023000d97a08]
Event: 7.633 Thread 0x00000230118a1800 3805       3       java.io.WinNTFileSystem::normalize (143 bytes)
Event: 7.634 Thread 0x00000230118a1800 nmethod 3805 0x0000023000d97b10 code [0x0000023000d97da0, 0x0000023000d988f8]
Event: 7.648 Thread 0x00000230118a1800 3806   !   3       java.nio.DirectByteBuffer::put (32 bytes)
Event: 7.648 Thread 0x00000230118a0000 3809       4       java.nio.DirectByteBuffer::ix (10 bytes)
Event: 7.648 Thread 0x00000230118a1800 nmethod 3806 0x0000023000d98d90 code [0x0000023000d98f60, 0x0000023000d99258]
Event: 7.648 Thread 0x00000230118a1800 3807       3       jdk.internal.misc.Unsafe::putByte (8 bytes)
Event: 7.648 Thread 0x00000230118a0000 nmethod 3809 0x0000023007c7c590 code [0x0000023007c7c720, 0x0000023007c7c798]
Event: 7.648 Thread 0x00000230118a1800 nmethod 3807 0x0000023000d99490 code [0x0000023000d99640, 0x0000023000d99758]
Event: 7.648 Thread 0x00000230118a0000 3810       4       java.lang.ref.Reference::reachabilityFence (1 bytes)
Event: 7.649 Thread 0x00000230118a0000 nmethod 3810 0x0000023007c7c890 code [0x0000023007c7ca20, 0x0000023007c7ca58]
Event: 7.660 Thread 0x00000230118a1800 3811       3       java.lang.invoke.MethodHandles$Lookup::checkAccess (226 bytes)
Event: 7.663 Thread 0x00000230118a1800 nmethod 3811 0x0000023000d99810 code [0x0000023000d99ba0, 0x0000023000d9b198]
Event: 7.663 Thread 0x00000230118a1800 3814   !   3       java.lang.invoke.MemberName$Factory::resolve (157 bytes)
Event: 7.664 Thread 0x00000230118a1800 nmethod 3814 0x0000023000d9b810 code [0x0000023000d9ba40, 0x0000023000d9c108]
Event: 7.664 Thread 0x00000230118a1800 3815       3       jdk.internal.org.objectweb.asm.MethodWriter::visitInsn (114 bytes)
Event: 7.664 Thread 0x00000230118a1800 nmethod 3815 0x0000023000d9c410 code [0x0000023000d9c600, 0x0000023000d9ca28]

GC Heap History (10 events):
Event: 0.809 GC heap before
{Heap before GC invocations=0 (full 0):
 garbage-first heap   total 196608K, used 14336K [0x0000000741a00000, 0x0000000800000000)
  region size 1024K, 14 young (14336K), 0 survivors (0K)
 Metaspace       used 8004K, capacity 8096K, committed 8192K, reserved 1056768K
  class space    used 686K, capacity 691K, committed 768K, reserved 1048576K
}
Event: 0.819 GC heap after
{Heap after GC invocations=1 (full 0):
 garbage-first heap   total 196608K, used 4709K [0x0000000741a00000, 0x0000000800000000)
  region size 1024K, 2 young (2048K), 2 survivors (2048K)
 Metaspace       used 8004K, capacity 8096K, committed 8192K, reserved 1056768K
  class space    used 686K, capacity 691K, committed 768K, reserved 1048576K
}
Event: 2.929 GC heap before
{Heap before GC invocations=1 (full 0):
 garbage-first heap   total 196608K, used 72293K [0x0000000741a00000, 0x0000000800000000)
  region size 1024K, 64 young (65536K), 2 survivors (2048K)
 Metaspace       used 17057K, capacity 17246K, committed 17280K, reserved 1064960K
  class space    used 1861K, capacity 1908K, committed 1920K, reserved 1048576K
}
Event: 2.948 GC heap after
{Heap after GC invocations=2 (full 0):
 garbage-first heap   total 196608K, used 15048K [0x0000000741a00000, 0x0000000800000000)
  region size 1024K, 8 young (8192K), 8 survivors (8192K)
 Metaspace       used 17057K, capacity 17246K, committed 17280K, reserved 1064960K
  class space    used 1861K, capacity 1908K, committed 1920K, reserved 1048576K
}
Event: 3.907 GC heap before
{Heap before GC invocations=2 (full 0):
 garbage-first heap   total 196608K, used 36552K [0x0000000741a00000, 0x0000000800000000)
  region size 1024K, 29 young (29696K), 8 survivors (8192K)
 Metaspace       used 19746K, capacity 19940K, committed 20096K, reserved 1067008K
  class space    used 2222K, capacity 2305K, committed 2432K, reserved 1048576K
}
Event: 3.921 GC heap after
{Heap after GC invocations=3 (full 0):
 garbage-first heap   total 196608K, used 17835K [0x0000000741a00000, 0x0000000800000000)
  region size 1024K, 3 young (3072K), 3 survivors (3072K)
 Metaspace       used 19746K, capacity 19940K, committed 20096K, reserved 1067008K
  class space    used 2222K, capacity 2305K, committed 2432K, reserved 1048576K
}
Event: 4.391 GC heap before
{Heap before GC invocations=3 (full 0):
 garbage-first heap   total 196608K, used 21931K [0x0000000741a00000, 0x0000000800000000)
  region size 1024K, 8 young (8192K), 3 survivors (3072K)
 Metaspace       used 20957K, capacity 21124K, committed 21248K, reserved 1069056K
  class space    used 2403K, capacity 2465K, committed 2560K, reserved 1048576K
}
Event: 4.401 GC heap after
{Heap after GC invocations=4 (full 0):
 garbage-first heap   total 196608K, used 18926K [0x0000000741a00000, 0x0000000800000000)
  region size 1024K, 1 young (1024K), 1 survivors (1024K)
 Metaspace       used 20957K, capacity 21124K, committed 21248K, reserved 1069056K
  class space    used 2403K, capacity 2465K, committed 2560K, reserved 1048576K
}
Event: 6.887 GC heap before
{Heap before GC invocations=5 (full 0):
 garbage-first heap   total 196608K, used 61934K [0x0000000741a00000, 0x0000000800000000)
  region size 1024K, 43 young (44032K), 1 survivors (1024K)
 Metaspace       used 25451K, capacity 25734K, committed 25856K, reserved 1073152K
  class space    used 2896K, capacity 2988K, committed 3072K, reserved 1048576K
}
Event: 6.902 GC heap after
{Heap after GC invocations=6 (full 0):
 garbage-first heap   total 236544K, used 22964K [0x0000000741a00000, 0x0000000800000000)
  region size 1024K, 5 young (5120K), 5 survivors (5120K)
 Metaspace       used 25451K, capacity 25734K, committed 25856K, reserved 1073152K
  class space    used 2896K, capacity 2988K, committed 3072K, reserved 1048576K
}

Deoptimization events (20 events):
Event: 5.619 Thread 0x0000023070108800 DEOPT PACKING pc=0x0000023000be73e7 sp=0x000000f2c6afb5c0
Event: 5.619 Thread 0x0000023070108800 DEOPT UNPACKING pc=0x000002300004a95e sp=0x000000f2c6afab60 mode 0
Event: 6.323 Thread 0x0000023070108800 DEOPT PACKING pc=0x0000023000be73e7 sp=0x000000f2c6afc470
Event: 6.323 Thread 0x0000023070108800 DEOPT UNPACKING pc=0x000002300004a95e sp=0x000000f2c6afba10 mode 0
Event: 6.328 Thread 0x0000023070108800 DEOPT PACKING pc=0x0000023000c022e7 sp=0x000000f2c6afc5d0
Event: 6.328 Thread 0x0000023070108800 DEOPT UNPACKING pc=0x000002300004a95e sp=0x000000f2c6afbb80 mode 0
Event: 6.665 Thread 0x0000023070108800 DEOPT PACKING pc=0x0000023000be73e7 sp=0x000000f2c6afb050
Event: 6.665 Thread 0x0000023070108800 DEOPT UNPACKING pc=0x000002300004a95e sp=0x000000f2c6afa5f0 mode 0
Event: 6.700 Thread 0x0000023070108800 DEOPT PACKING pc=0x0000023000c022e7 sp=0x000000f2c6afb1b0
Event: 6.700 Thread 0x0000023070108800 DEOPT UNPACKING pc=0x000002300004a95e sp=0x000000f2c6afa760 mode 0
Event: 6.772 Thread 0x0000023070108800 DEOPT PACKING pc=0x0000023000be73e7 sp=0x000000f2c6afb050
Event: 6.772 Thread 0x0000023070108800 DEOPT UNPACKING pc=0x000002300004a95e sp=0x000000f2c6afa5f0 mode 0
Event: 6.777 Thread 0x0000023070108800 DEOPT PACKING pc=0x0000023000aa3463 sp=0x000000f2c6afb210
Event: 6.777 Thread 0x0000023070108800 DEOPT UNPACKING pc=0x000002300004a95e sp=0x000000f2c6afa698 mode 0
Event: 6.778 Thread 0x0000023070108800 DEOPT PACKING pc=0x0000023000c022e7 sp=0x000000f2c6afb1b0
Event: 6.778 Thread 0x0000023070108800 DEOPT UNPACKING pc=0x000002300004a95e sp=0x000000f2c6afa760 mode 0
Event: 7.597 Thread 0x0000023070108800 Uncommon trap: trap_request=0xffffff4d fr.pc=0x0000023007b5030c relative=0x00000000000014ec
Event: 7.597 Thread 0x0000023070108800 Uncommon trap: reason=unstable_if action=reinterpret pc=0x0000023007b5030c method=java.io.WinNTFileSystem.normalize(Ljava/lang/String;)Ljava/lang/String; @ 128 c2
Event: 7.597 Thread 0x0000023070108800 DEOPT PACKING pc=0x0000023007b5030c sp=0x000000f2c6af9a20
Event: 7.597 Thread 0x0000023070108800 DEOPT UNPACKING pc=0x000002300004a1af sp=0x000000f2c6af9a08 mode 2

Classes redefined (0 events):
No events

Internal exceptions (20 events):
Event: 5.677 Thread 0x0000023070108800 Exception <a 'java/io/FileNotFoundException'{0x000000074c772b40}> (0x000000074c772b40) thrown at [./src/hotspot/share/prims/jni.cpp, line 615]
Event: 5.688 Thread 0x0000023070108800 Exception <a 'java/io/FileNotFoundException'{0x000000074c7a4058}> (0x000000074c7a4058) thrown at [./src/hotspot/share/prims/jni.cpp, line 615]
Event: 5.690 Thread 0x0000023070108800 Exception <a 'java/io/FileNotFoundException'{0x000000074c7ae3d0}> (0x000000074c7ae3d0) thrown at [./src/hotspot/share/prims/jni.cpp, line 615]
Event: 5.706 Thread 0x0000023070108800 Exception <a 'java/io/FileNotFoundException'{0x000000074c6050c0}> (0x000000074c6050c0) thrown at [./src/hotspot/share/prims/jni.cpp, line 615]
Event: 5.709 Thread 0x0000023070108800 Exception <a 'java/io/FileNotFoundException'{0x000000074c60f578}> (0x000000074c60f578) thrown at [./src/hotspot/share/prims/jni.cpp, line 615]
Event: 5.718 Thread 0x0000023070108800 Exception <a 'java/io/FileNotFoundException'{0x000000074c635960}> (0x000000074c635960) thrown at [./src/hotspot/share/prims/jni.cpp, line 615]
Event: 6.319 Thread 0x0000023070108800 Exception <a 'java/io/FileNotFoundException'{0x000000074bc964c0}> (0x000000074bc964c0) thrown at [./src/hotspot/share/prims/jni.cpp, line 615]
Event: 6.396 Thread 0x0000023070108800 Exception <a 'java/io/FileNotFoundException'{0x000000074ba2fc70}> (0x000000074ba2fc70) thrown at [./src/hotspot/share/prims/jni.cpp, line 615]
Event: 6.664 Thread 0x0000023070108800 Exception <a 'java/io/FileNotFoundException'{0x000000074b45ddc8}> (0x000000074b45ddc8) thrown at [./src/hotspot/share/prims/jni.cpp, line 615]
Event: 6.696 Thread 0x0000023070108800 Exception <a 'java/io/FileNotFoundException'{0x000000074b31ac80}> (0x000000074b31ac80) thrown at [./src/hotspot/share/prims/jni.cpp, line 615]
Event: 6.747 Thread 0x0000023070108800 Exception <a 'java/io/FileNotFoundException'{0x000000074b28a838}> (0x000000074b28a838) thrown at [./src/hotspot/share/prims/jni.cpp, line 615]
Event: 6.771 Thread 0x0000023070108800 Exception <a 'java/io/FileNotFoundException'{0x000000074b13a598}> (0x000000074b13a598) thrown at [./src/hotspot/share/prims/jni.cpp, line 615]
Event: 7.279 Thread 0x0000023070108800 Exception <a 'java/lang/NoSuchMethodError'{0x000000074f8bcca8}: 'java.lang.Object java.lang.invoke.DirectMethodHandle$Holder.invokeStaticInit(java.lang.Object, int, int, int, int)'> (0x000000074f8bcca8) thrown at [./src/hotspot/share/interpreter/linkResolver.cpp, line 773]
Event: 7.601 Thread 0x0000023070108800 Exception <a 'java/lang/NoSuchMethodError'{0x000000074f8dfce8}: 'java.lang.Object java.lang.invoke.DirectMethodHandle$Holder.invokeStaticInit(java.lang.Object, java.lang.Object, int, int, int, int)'> (0x000000074f8dfce8) thrown at [./src/hotspot/share/interpreter/linkResolver.cpp, line 773]
Event: 7.658 Thread 0x0000023070108800 Exception <a 'java/security/PrivilegedActionException'{0x000000074f79b608}> (0x000000074f79b608) thrown at [./src/hotspot/share/prims/jvm.cpp, line 1306]
Event: 7.659 Thread 0x0000023070108800 Exception <a 'java/security/PrivilegedActionException'{0x000000074f79cd50}> (0x000000074f79cd50) thrown at [./src/hotspot/share/prims/jvm.cpp, line 1306]
Event: 7.659 Thread 0x0000023070108800 Exception <a 'java/security/PrivilegedActionException'{0x000000074f79e3b8}> (0x000000074f79e3b8) thrown at [./src/hotspot/share/prims/jvm.cpp, line 1306]
Event: 7.662 Thread 0x0000023070108800 Exception <a 'java/security/PrivilegedActionException'{0x000000074f7aae80}> (0x000000074f7aae80) thrown at [./src/hotspot/share/prims/jvm.cpp, line 1306]
Event: 7.662 Thread 0x0000023070108800 Exception <a 'java/security/PrivilegedActionException'{0x000000074f7ac4e0}> (0x000000074f7ac4e0) thrown at [./src/hotspot/share/prims/jvm.cpp, line 1306]
Event: 7.663 Thread 0x0000023070108800 Exception <a 'java/security/PrivilegedActionException'{0x000000074f7adb00}> (0x000000074f7adb00) thrown at [./src/hotspot/share/prims/jvm.cpp, line 1306]

Events (20 events):
Event: 7.671 loading class java/nio/charset/CharacterCodingException
Event: 7.671 loading class java/nio/charset/CharacterCodingException done
Event: 7.671 loading class org/lwjgl/MemoryUtil$Accessor
Event: 7.671 loading class org/lwjgl/MemoryUtil$Accessor done
Event: 7.672 loading class org/lwjgl/MemoryUtilSun$AccessorUnsafe
Event: 7.672 loading class org/lwjgl/MemoryUtilSun$AccessorUnsafe done
Event: 7.672 loading class sun/misc/Unsafe
Event: 7.672 loading class sun/misc/Unsafe done
Event: 7.673 loading class org/lwjgl/MemoryUtilSun
Event: 7.673 loading class org/lwjgl/MemoryUtilSun done
Event: 7.673 loading class org/lwjgl/MemoryUtilSun$AccessorReflectFast
Event: 7.673 loading class org/lwjgl/MemoryUtilSun$AccessorReflectFast done
Event: 7.699 loading class org/lwjgl/openal/ALCdevice
Event: 7.699 loading class org/lwjgl/openal/ALCdevice done
Event: 7.700 loading class org/lwjgl/openal/ALCcontext
Event: 7.700 loading class org/lwjgl/openal/ALCcontext done
Event: 7.700 loading class org/lwjgl/openal/Util
Event: 7.700 loading class org/lwjgl/openal/Util done
Event: 7.700 loading class org/lwjgl/openal/OpenALException
Event: 7.700 loading class org/lwjgl/openal/OpenALException done


Dynamic libraries:
0x00007ff749260000 - 0x00007ff74926d000 	C:\Program Files\Eclipse Foundation\jdk-11.0.12.7-hotspot\bin\javaw.exe
0x00007ffa06fc0000 - 0x00007ffa071b0000 	C:\WINDOWS\SYSTEM32\ntdll.dll
0x00007ffa06820000 - 0x00007ffa068d3000 	C:\WINDOWS\System32\KERNEL32.DLL
0x00007ffa04380000 - 0x00007ffa04626000 	C:\WINDOWS\System32\KERNELBASE.dll
0x00007ffa04eb0000 - 0x00007ffa04faa000 	C:\WINDOWS\System32\ucrtbase.dll
0x00007ff9fed50000 - 0x00007ff9fed67000 	C:\Program Files\Eclipse Foundation\jdk-11.0.12.7-hotspot\bin\jli.dll
0x00007ffa052f0000 - 0x00007ffa05484000 	C:\WINDOWS\System32\USER32.dll
0x00007ffa04e60000 - 0x00007ffa04e81000 	C:\WINDOWS\System32\win32u.dll
0x00007ffa060b0000 - 0x00007ffa060d6000 	C:\WINDOWS\System32\GDI32.dll
0x00007ffa040b0000 - 0x00007ffa04248000 	C:\WINDOWS\System32\gdi32full.dll
0x00007ffa042e0000 - 0x00007ffa0437e000 	C:\WINDOWS\System32\msvcp_win.dll
0x00007ff9f5e60000 - 0x00007ff9f5e75000 	C:\Program Files\Eclipse Foundation\jdk-11.0.12.7-hotspot\bin\VCRUNTIME140.dll
0x00007ff9f7bb0000 - 0x00007ff9f7e34000 	C:\WINDOWS\WinSxS\amd64_microsoft.windows.common-controls_6595b64144ccf1df_6.0.18362.1854_none_9e7e6453e45e0f86\COMCTL32.dll
0x00007ffa05060000 - 0x00007ffa050fe000 	C:\WINDOWS\System32\msvcrt.dll
0x00007ffa06380000 - 0x00007ffa066b6000 	C:\WINDOWS\System32\combase.dll
0x00007ffa060e0000 - 0x00007ffa061ff000 	C:\WINDOWS\System32\RPCRT4.dll
0x00007ffa04250000 - 0x00007ffa042d4000 	C:\WINDOWS\System32\bcryptPrimitives.dll
0x00007ffa05e50000 - 0x00007ffa05e7e000 	C:\WINDOWS\System32\IMM32.DLL
0x00007ff9e4910000 - 0x00007ff9e49ab000 	C:\Program Files\Eclipse Foundation\jdk-11.0.12.7-hotspot\bin\msvcp140.dll
0x00007ff9d0fe0000 - 0x00007ff9d1b39000 	C:\Program Files\Eclipse Foundation\jdk-11.0.12.7-hotspot\bin\server\jvm.dll
0x00007ffa056b0000 - 0x00007ffa05753000 	C:\WINDOWS\System32\ADVAPI32.dll
0x00007ffa062e0000 - 0x00007ffa06377000 	C:\WINDOWS\System32\sechost.dll
0x00007ffa06e30000 - 0x00007ffa06e38000 	C:\WINDOWS\System32\PSAPI.DLL
0x00007ffa00540000 - 0x00007ffa00564000 	C:\WINDOWS\SYSTEM32\WINMM.dll
0x00007ff9f2a00000 - 0x00007ff9f2a09000 	C:\WINDOWS\SYSTEM32\WSOCK32.dll
0x00007ff9fd380000 - 0x00007ff9fd38a000 	C:\WINDOWS\SYSTEM32\VERSION.dll
0x00007ffa00510000 - 0x00007ffa0053d000 	C:\WINDOWS\SYSTEM32\WINMMBASE.dll
0x00007ffa04fb0000 - 0x00007ffa04ffa000 	C:\WINDOWS\System32\cfgmgr32.dll
0x00007ffa05f70000 - 0x00007ffa05fdf000 	C:\WINDOWS\System32\WS2_32.dll
0x00007ffa03ef0000 - 0x00007ffa03f01000 	C:\WINDOWS\System32\kernel.appcore.dll
0x00007ff9fdf40000 - 0x00007ff9fdf50000 	C:\Program Files\Eclipse Foundation\jdk-11.0.12.7-hotspot\bin\verify.dll
0x00007ffa01d30000 - 0x00007ffa01f24000 	C:\WINDOWS\SYSTEM32\DBGHELP.DLL
0x00007ff9f2a90000 - 0x00007ff9f2aba000 	C:\WINDOWS\SYSTEM32\dbgcore.DLL
0x00007ff9e8740000 - 0x00007ff9e8768000 	C:\Program Files\Eclipse Foundation\jdk-11.0.12.7-hotspot\bin\java.dll
0x00007ff9fdee0000 - 0x00007ff9fdeea000 	C:\Program Files\Eclipse Foundation\jdk-11.0.12.7-hotspot\bin\jimage.dll
0x00007ff9f93b0000 - 0x00007ff9f93c7000 	C:\Program Files\Eclipse Foundation\jdk-11.0.12.7-hotspot\bin\zip.dll
0x00007ffa05760000 - 0x00007ffa05e47000 	C:\WINDOWS\System32\SHELL32.dll
0x00007ffa05240000 - 0x00007ffa052e9000 	C:\WINDOWS\System32\shcore.dll
0x00007ffa046e0000 - 0x00007ffa04e5b000 	C:\WINDOWS\System32\windows.storage.dll
0x00007ffa03f10000 - 0x00007ffa03f2e000 	C:\WINDOWS\System32\profapi.dll
0x00007ffa03e80000 - 0x00007ffa03eca000 	C:\WINDOWS\System32\powrprof.dll
0x00007ffa03e70000 - 0x00007ffa03e80000 	C:\WINDOWS\System32\UMPDC.dll
0x00007ffa06ec0000 - 0x00007ffa06f12000 	C:\WINDOWS\System32\shlwapi.dll
0x00007ffa04e90000 - 0x00007ffa04ea7000 	C:\WINDOWS\System32\cryptsp.dll
0x00007ff9f8eb0000 - 0x00007ff9f8ec9000 	C:\Program Files\Eclipse Foundation\jdk-11.0.12.7-hotspot\bin\net.dll
0x00007ff9f6e40000 - 0x00007ff9f6f39000 	C:\WINDOWS\SYSTEM32\WINHTTP.dll
0x00007ffa03650000 - 0x00007ffa036b7000 	C:\WINDOWS\system32\mswsock.dll
0x00007ff9f7800000 - 0x00007ff9f7812000 	C:\Program Files\Eclipse Foundation\jdk-11.0.12.7-hotspot\bin\nio.dll
0x0000000065580000 - 0x0000000065616000 	C:\Users\Pc\AppData\Local\Temp\libgdxPc\12dfaa03\gdx64.dll
0x00007ffa031d0000 - 0x00007ffa03203000 	C:\WINDOWS\system32\rsaenh.dll
0x00007ffa03f30000 - 0x00007ffa03f56000 	C:\WINDOWS\System32\bcrypt.dll
0x00007ffa03d90000 - 0x00007ffa03db5000 	C:\WINDOWS\SYSTEM32\USERENV.dll
0x00007ffa03820000 - 0x00007ffa0382c000 	C:\WINDOWS\SYSTEM32\CRYPTBASE.dll
0x00007ffa03360000 - 0x00007ffa0339a000 	C:\WINDOWS\SYSTEM32\IPHLPAPI.DLL
0x00007ffa05e80000 - 0x00007ffa05e88000 	C:\WINDOWS\System32\NSI.dll
0x00007ff9fe2a0000 - 0x00007ff9fe2b6000 	C:\WINDOWS\SYSTEM32\dhcpcsvc6.DLL
0x00007ff9fe280000 - 0x00007ff9fe29c000 	C:\WINDOWS\SYSTEM32\dhcpcsvc.DLL
0x00007ffa033a0000 - 0x00007ffa0346a000 	C:\WINDOWS\SYSTEM32\DNSAPI.dll
0x0000000180000000 - 0x0000000180053000 	C:\Users\Pc\AppData\Local\Temp\libgdxPc\dc0f0009\lwjgl64.dll
0x00007ff9ed390000 - 0x00007ff9ed4e6000 	C:\WINDOWS\SYSTEM32\OPENGL32.dll
0x00007ff9f04e0000 - 0x00007ff9f050c000 	C:\WINDOWS\SYSTEM32\GLU32.dll
0x00007ffa02b60000 - 0x00007ffa02b80000 	C:\WINDOWS\SYSTEM32\dxcore.dll
0x0000023016500000 - 0x0000023016564000 	C:\Users\Pc\AppData\Local\Temp\libgdxPc\dc0f0009\OpenAL64.dll
0x00007ffa066c0000 - 0x00007ffa06817000 	C:\WINDOWS\System32\ole32.dll
0x00007ffa01fc0000 - 0x00007ffa02059000 	C:\WINDOWS\system32\uxtheme.dll
0x00007ffa06d80000 - 0x00007ffa06e22000 	C:\WINDOWS\System32\clbcatq.dll
0x00007ff9e5930000 - 0x00007ff9e59c9000 	C:\WINDOWS\SYSTEM32\dsound.dll
0x00007ff9f98f0000 - 0x00007ff9f9962000 	C:\WINDOWS\System32\MMDevApi.dll
0x00007ffa03c60000 - 0x00007ffa03c8a000 	C:\WINDOWS\System32\DEVOBJ.dll
0x00007ff9f93f0000 - 0x00007ff9f954e000 	C:\WINDOWS\SYSTEM32\AUDIOSES.DLL
0x00007ffa06200000 - 0x00007ffa062c5000 	C:\WINDOWS\System32\OLEAUT32.dll
0x00007ff9fef70000 - 0x00007ff9ff0c2000 	C:\WINDOWS\SYSTEM32\wintypes.dll

dbghelp: loaded successfully - version: 4.0.5 - missing functions: none
symbol engine: initialized successfully - sym options: 0x614 - pdb path: .;C:\Program Files\Eclipse Foundation\jdk-11.0.12.7-hotspot\bin;C:\WINDOWS\SYSTEM32;C:\WINDOWS\WinSxS\amd64_microsoft.windows.common-controls_6595b64144ccf1df_6.0.18362.1854_none_9e7e6453e45e0f86;C:\Program Files\Eclipse Foundation\jdk-11.0.12.7-hotspot\bin\server;C:\Users\Pc\AppData\Local\Temp\libgdxPc\12dfaa03;C:\Users\Pc\AppData\Local\Temp\libgdxPc\dc0f0009

VM Arguments:
jvm_args: -Duser.language=es_AR -Dfile.encoding=UTF-8 
java_command: org.uqbar.project.wollok.launch.WollokLauncher -requestsPort 0 -eventsPort 0 -folder -dontValidate -wf src/juego.wpgm
java_class_path (initial): C:\Users\Pc\Desktop\UTN\Segundoanio\PdeP\Github\Objetos\2021-objetos-tp-integrador-insert-vmj-mat\bin;C:\Users\Pc\Desktop\Wollok\plugins\com.ibm.icu_64.2.0.v20190507-1337.jar;C:\Users\Pc\Desktop\Wollok\plugins\org.eclipse.xtext_2.20.0.v20191202-0915.jar;C:\Users\Pc\Desktop\Wollok\plugins\org.eclipse.emf.ecore.xmi_2.16.0.v20190528-0725.jar;C:\Users\Pc\Desktop\Wollok\plugins\org.eclipse.emf.ecore_2.20.0.v20190920-0401.jar;C:\Users\Pc\Desktop\Wollok\plugins\org.eclipse.emf.common_2.17.0.v20190920-0401.jar;C:\Users\Pc\Desktop\Wollok\plugins\org.antlr.runtime_3.2.0.v201101311130.jar;C:\Users\Pc\Desktop\Wollok\plugins\com.google.inject_3.0.0.v201605172100.jar;C:\Users\Pc\Desktop\Wollok\plugins\org.eclipse.emf.mwe.core_1.5.1.v20191121-1148.jar;C:\Users\Pc\Desktop\Wollok\plugins\org.apache.commons.cli_1.2.0.v201404270220.jar;C:\Users\Pc\Desktop\Wollok\plugins\org.eclipse.emf.mwe2.runtime_2.11.1.v20191121-1148.jar;C:\Users\Pc\Desktop\Wollok\plugins\org.eclipse.emf.mwe.utils_1.5.1.v20191121-1148.jar;C:\Users\Pc\Desktop\Wollok\plugins\org.eclipse.xtext.util_2.20.0.v20191202-0915.jar;C:\Users\Pc\Desktop\Wollok\plugins\com.google.guava_27.1.0.v20190517-1946.jar;C:\Users\Pc\Desktop\Wollok\plugins\javax.inject_1.0.0.v20091030.jar;C:\Users\Pc\Desktop\Wollok\plugins\org.eclipse.xtext.generator_2.20.0.v20191202-0933.jar;C:\Users\Pc\Desktop\Wollok\plugins\org.eclipse.xtext.xtext.generator_2.20.0.v20191202-0915.jar;C:\Users\Pc\Desktop\Wollok\plugins\org.eclipse.xtext.xbase.lib_2.20.0.v20191202-0907.jar;C:\Users\Pc\Desktop\Wollok\plugins\org.eclipse.emf.codegen.ecore_2.20.0.v20191012-0918.jar;C:\Users\Pc\Desktop\Wollok\plugins\org.eclipse.emf.codegen_2.19.0.v20190821-1536.jar;C:\Users\Pc\Desktop\Wollok\plugins\org.eclipse.xtend_2.2.0.v201605260315.jar;C:\Users\Pc\Desktop\Wollok\plugins\org.eclipse.xpand_2.2.0.v201605260315.jar;C:\Users\Pc\Desktop\Wollok\plugins\org.eclipse.xtend.typesystem.emf_2.2.0.v201605260315.jar;C:\Users\Pc\Desktop\Wollok\plugins\org.uq
Launcher Type: SUN_STANDARD

[Global flags]
     intx CICompilerCount                          = 3                                         {product} {ergonomic}
     uint ConcGCThreads                            = 1                                         {product} {ergonomic}
     uint G1ConcRefinementThreads                  = 4                                         {product} {ergonomic}
   size_t G1HeapRegionSize                         = 1048576                                   {product} {ergonomic}
    uintx GCDrainStackTargetSize                   = 64                                        {product} {ergonomic}
   size_t InitialHeapSize                          = 201326592                                 {product} {ergonomic}
   size_t MarkStackSize                            = 4194304                                   {product} {ergonomic}
   size_t MaxHeapSize                              = 3193962496                                {product} {ergonomic}
   size_t MaxNewSize                               = 1915748352                                {product} {ergonomic}
   size_t MinHeapDeltaBytes                        = 1048576                                   {product} {ergonomic}
    uintx NonNMethodCodeHeapSize                   = 5830732                                {pd product} {ergonomic}
    uintx NonProfiledCodeHeapSize                  = 122913754                              {pd product} {ergonomic}
    uintx ProfiledCodeHeapSize                     = 122913754                              {pd product} {ergonomic}
    uintx ReservedCodeCacheSize                    = 251658240                              {pd product} {ergonomic}
     bool SegmentedCodeCache                       = true                                      {product} {ergonomic}
     bool UseCompressedClassPointers               = true                                 {lp64_product} {ergonomic}
     bool UseCompressedOops                        = true                                 {lp64_product} {ergonomic}
     bool UseG1GC                                  = true                                      {product} {ergonomic}
     bool UseLargePagesIndividualAllocation        = false                                  {pd product} {ergonomic}

Logging:
Log output configuration:
 #0: stdout all=warning uptime,level,tags
 #1: stderr all=off uptime,level,tags

Environment Variables:
PATH=C:/Program Files/Eclipse Foundation/jdk-11.0.12.7-hotspot/bin/client;C:/Program Files/Eclipse Foundation/jdk-11.0.12.7-hotspot/bin;C:\Program Files\Eclipse Foundation\jdk-11.0.12.7-hotspot\bin;C:\Program Files (x86)\Common Files\Oracle\Java\javapath;C:\WINDOWS\system32;C:\WINDOWS;C:\WINDOWS\System32\Wbem;C:\WINDOWS\System32\WindowsPowerShell\v1.0\;C:\WINDOWS\System32\OpenSSH\;C:\Program Files\dotnet\;C:\Program Files\Microsoft SQL Server\130\Tools\Binn\;C:\Program Files (x86)\Microsoft SQL Server\Client SDK\ODBC\130\Tools\Binn\;C:\Program Files (x86)\Microsoft SQL Server\140\Tools\Binn\;C:\Program Files (x86)\Microsoft SQL Server\140\DTS\Binn\;C:\Program Files (x86)\Microsoft SQL Server\140\Tools\Binn\ManagementStudio\;C:\Program Files\Git\cmd;C:\MinGW\bin\;C:\Program Files\swipl\bin;C:\Program Files\nodejs\;C:\Users\Pc\AppData\Roaming\local\bin;C:\Users\Pc\AppData\Local\Microsoft\WindowsApps;;C:\Users\Pc\AppData\Local\Programs\Microsoft VS Code\bin;C:\Users\Pc\AppData\Roaming\npm;C:\Users\Pc\Desktop\Wollok;
USERNAME=Pc
OS=Windows_NT
PROCESSOR_IDENTIFIER=Intel64 Family 6 Model 58 Stepping 9, GenuineIntel



---------------  S Y S T E M  ---------------

OS: Windows 10 , 64 bit Build 18362 (10.0.18362.1766)
OS uptime: 0 days 22:31 hours

CPU:total 4 (initial active 4) (2 cores per cpu, 2 threads per core) family 6 model 58 stepping 9 microcode 0x21, cmov, cx8, fxsr, mmx, sse, sse2, sse3, ssse3, sse4.1, sse4.2, popcnt, avx, aes, clmul, erms, ht, tsc, tscinvbit, tscinv

Memory: 4k page, system-wide physical 12182M (3600M free)
TotalPageFile size 14038M (AvailPageFile size 4118M)
current process WorkingSet (physical memory assigned to process): 217M, peak: 225M
current process commit charge ("private bytes"): 380M, peak: 391M

vm_info: OpenJDK 64-Bit Server VM (11.0.12+7) for windows-amd64 JRE (11.0.12+7), built on Jul 21 2021 16:23:49 by "" with unknown MS VC++:1916

END.
