#
# A fatal error has been detected by the Java Runtime Environment:
#
#  EXCEPTION_ACCESS_VIOLATION (0xc0000005) at pc=0x00007ffceb31fa4b, pid=21516, tid=0x0000000000004734
#
# JRE version: OpenJDK Runtime Environment (8.0_302-b08) (build 1.8.0_302-b08)
# Java VM: OpenJDK 64-Bit Server VM (25.302-b08 mixed mode windows-amd64 compressed oops)
# Problematic frame:
# C  [igxelpicd64.dll+0x26fa4b]
#
# Failed to write core dump. Minidumps are not enabled by default on client versions of Windows
#
# If you would like to submit a bug report, please visit:
#   https://github.com/adoptium/adoptium-support/issues
#

---------------  T H R E A D  ---------------

Current thread (0x00000210f5eec000):  VMThread [stack: 0x0000001d5ae00000,0x0000001d5af00000] [id=18228]

siginfo: ExceptionCode=0xc0000005, reading address 0x00000000000353c8

Registers:
RAX=0x00000210f9616380, RBX=0x00000210f96167c8, RCX=0x0000000000000000, RDX=0x0000000000000000
RSP=0x0000001d5aefe5b0, RBP=0x0000001d5aefe6b0, RSI=0x0000000000000000, RDI=0x00000210f8e35b70
R8 =0x00000210f9616380, R9 =0x0000000000000000, R10=0x0000000000000000, R11=0x0000000000000246
R12=0x00000210f96162b0, R13=0x0000000000000000, R14=0x00000210f96162b0, R15=0x0000000000000000
RIP=0x00007ffceb31fa4b, EFLAGS=0x0000000000010202

Top of Stack: (sp=0x0000001d5aefe5b0)
0x0000001d5aefe5b0:   00000210fa707450 0000000000000000
0x0000001d5aefe5c0:   0000000000000000 0000000000000000
0x0000001d5aefe5d0:   0000001600000000 0000000000000000
0x0000001d5aefe5e0:   00000210fadf4140 00000210fb0cc340
0x0000001d5aefe5f0:   0000000000000000 0000000000000028
0x0000001d5aefe600:   00000210fa707450 000000000000000a
0x0000001d5aefe610:   0000000000000000 00007ffceb102e3c
0x0000001d5aefe620:   00000210fae34440 000000000000000a
0x0000001d5aefe630:   00000210fae34440 0000000000000018
0x0000001d5aefe640:   0000021000000000 00000210fae30530
0x0000001d5aefe650:   0000000000000000 00000210820a0000
0x0000001d5aefe660:   00000210fadf4140 00000210820b03c0
0x0000001d5aefe670:   0000800400192000 00000000741e3850
0x0000001d5aefe680:   0000000000000000 00000000741e865f
0x0000001d5aefe690:   00000210db4545a0 00000210fae34a40
0x0000001d5aefe6a0:   0000021000000000 00000210f5d29d70 

Instructions: (pc=0x00007ffceb31fa4b)
0x00007ffceb31fa2b:   00 83 f9 10 0f 83 c2 07 00 00 8b c1 48 c1 e0 06
0x00007ffceb31fa3b:   49 03 c0 48 85 c0 0f 84 1f 08 00 00 48 8b 50 08
0x00007ffceb31fa4b:   48 3b 96 c8 53 03 00 0f 87 9d 0e 00 00 49 83 be
0x00007ffceb31fa5b:   70 05 00 00 00 0f 85 c6 67 6e 00 44 8b 8f d0 01 


Register to memory mapping:

RAX=0x00000210f9616380 is an unknown value
RBX=0x00000210f96167c8 is an unknown value
RCX=0x0000000000000000 is an unknown value
RDX=0x0000000000000000 is an unknown value
RSP=0x0000001d5aefe5b0 is an unknown value
RBP=0x0000001d5aefe6b0 is an unknown value
RSI=0x0000000000000000 is an unknown value
RDI=0x00000210f8e35b70 is an unknown value
R8 =0x00000210f9616380 is an unknown value
R9 =0x0000000000000000 is an unknown value
R10=0x0000000000000000 is an unknown value
R11=0x0000000000000246 is an unknown value
R12=0x00000210f96162b0 is an unknown value
R13=0x0000000000000000 is an unknown value
R14=0x00000210f96162b0 is an unknown value
R15=0x0000000000000000 is an unknown value


Stack: [0x0000001d5ae00000,0x0000001d5af00000],  sp=0x0000001d5aefe5b0,  free space=1017k
Native frames: (J=compiled Java code, j=interpreted, Vv=VM code, C=native code)
C  [igxelpicd64.dll+0x26fa4b]
C  [igxelpicd64.dll+0x24d8ab]
C  [igxelpicd64.dll+0x26e520]
C  [igxelpicd64.dll+0x16a567]
C  [igxelpicd64.dll+0x2a057d]
C  [igxelpicd64.dll+0x970a6c]
C  [igxelpicd64.dll+0x29b1ed]
C  [igxelpicd64.dll+0x29b024]
C  [igxelpicd64.dll+0x746d5b]
C  [ntdll.dll+0x3fc37]
C  [ntdll.dll+0x541b0]
C  [ntdll.dll+0x5401d]
C  [KERNEL32.DLL+0x1c66b]
C  [msvcr120.dll+0x229a7]
V  [jvm.dll+0x1e16c5]
V  [jvm.dll+0x21c4f7]
V  [jvm.dll+0x21abca]
V  [jvm.dll+0x21b2df]
V  [jvm.dll+0x21b73d]
V  [jvm.dll+0x26706a]
C  [msvcr120.dll+0x24f7f]
C  [msvcr120.dll+0x25126]
C  [KERNEL32.DLL+0x154e0]
C  [ntdll.dll+0x485b]

VM_Operation (0x0000001d5a5ff020): Exit, mode: safepoint, requested by thread 0x00000210db481000


---------------  P R O C E S S  ---------------

Java Threads: ( => current thread )
  0x00000210fb138000 JavaThread "LWJGL Timer" daemon [_thread_blocked, id=20632, stack(0x0000001d5c300000,0x0000001d5c400000)]
  0x00000210f8b02000 JavaThread "com.google.inject.internal.util.$Finalizer" daemon [_thread_blocked, id=12188, stack(0x0000001d5ba00000,0x0000001d5bb00000)]
  0x00000210f8945000 JavaThread "EMF Reference Cleaner" daemon [_thread_blocked, id=20228, stack(0x0000001d5b900000,0x0000001d5ba00000)]
  0x00000210f7d98800 JavaThread "Service Thread" daemon [_thread_blocked, id=24900, stack(0x0000001d5b700000,0x0000001d5b800000)]
  0x00000210f5f55000 JavaThread "C1 CompilerThread3" daemon [_thread_blocked, id=13432, stack(0x0000001d5b600000,0x0000001d5b700000)]
  0x00000210f5f43800 JavaThread "C2 CompilerThread2" daemon [_thread_blocked, id=13744, stack(0x0000001d5b500000,0x0000001d5b600000)]
  0x00000210f5f42800 JavaThread "C2 CompilerThread1" daemon [_thread_blocked, id=5244, stack(0x0000001d5b400000,0x0000001d5b500000)]
  0x00000210f5f42000 JavaThread "C2 CompilerThread0" daemon [_thread_blocked, id=21464, stack(0x0000001d5b300000,0x0000001d5b400000)]
  0x00000210f5f3c000 JavaThread "Attach Listener" daemon [_thread_blocked, id=10624, stack(0x0000001d5b200000,0x0000001d5b300000)]
  0x00000210f5f3a800 JavaThread "Signal Dispatcher" daemon [_thread_blocked, id=12132, stack(0x0000001d5b100000,0x0000001d5b200000)]
  0x00000210f5f1e000 JavaThread "Finalizer" daemon [_thread_blocked, id=25452, stack(0x0000001d5b000000,0x0000001d5b100000)]
  0x00000210f5f16800 JavaThread "Reference Handler" daemon [_thread_blocked, id=12672, stack(0x0000001d5af00000,0x0000001d5b000000)]
  0x00000210db481000 JavaThread "main" [_thread_blocked, id=13064, stack(0x0000001d5a500000,0x0000001d5a600000)]

Other Threads:
=>0x00000210f5eec000 VMThread [stack: 0x0000001d5ae00000,0x0000001d5af00000] [id=18228]

VM state:at safepoint (shutting down)

VM Mutex/Monitor currently owned by a thread:  ([mutex/lock_event])
[0x00000210db47e3c0] Threads_lock - owner thread: 0x00000210f5eec000

heap address: 0x00000006c5000000, size: 4016 MB, Compressed Oops mode: Zero based, Oop shift amount: 3
Narrow klass base: 0x0000000000000000, Narrow klass shift: 3
Compressed class space size: 1073741824 Address: 0x00000007c0000000

Heap:
 PSYoungGen      total 272384K, used 3357K [0x000000076c580000, 0x000000077f280000, 0x00000007c0000000)
  eden space 251904K, 0% used [0x000000076c580000,0x000000076c723df8,0x000000077bb80000)
  from space 20480K, 8% used [0x000000077de80000,0x000000077e0238a0,0x000000077f280000)
  to   space 28160K, 0% used [0x000000077bb80000,0x000000077bb80000,0x000000077d700000)
 ParOldGen       total 142336K, used 22275K [0x00000006c5000000, 0x00000006cdb00000, 0x000000076c580000)
  object space 142336K, 15% used [0x00000006c5000000,0x00000006c65c0fc0,0x00000006cdb00000)
 Metaspace       used 24384K, capacity 24781K, committed 25088K, reserved 1071104K
  class space    used 2877K, capacity 2995K, committed 3072K, reserved 1048576K

Card table byte_map: [0x00000210ec230000,0x00000210eca10000] byte_map_base: 0x00000210e8c08000

Marking Bits: (ParMarkBitMap*) 0x00000000743fc820
 Begin Bits: [0x00000210ecf50000, 0x00000210f0e10000)
 End Bits:   [0x00000210f0e10000, 0x00000210f4cd0000)

Polling page: 0x00000210db570000

CodeCache: size=245760Kb used=17057Kb max_used=17435Kb free=228702Kb
 bounds [0x00000210dce70000, 0x00000210ddfe0000, 0x00000210ebe70000]
 total_blobs=5400 nmethods=4810 adapters=501
 compilation: enabled

Compilation events (10 events):
Event: 13.766 Thread 0x00000210f5f55000 5138       3       com.badlogic.gdx.backends.lwjgl.audio.Wav$WavInputStream::read (41 bytes)
Event: 13.766 Thread 0x00000210f5f55000 nmethod 5138 0x00000210dd045210 code [0x00000210dd0453a0, 0x00000210dd045870]
Event: 13.774 Thread 0x00000210f5f55000 5139       1       org.uqbar.project.wollok.wollokDsl.impl.WUnaryOperationImpl::eStaticClass (4 bytes)
Event: 13.774 Thread 0x00000210f5f55000 nmethod 5139 0x00000210dd09a050 code [0x00000210dd09a1a0, 0x00000210dd09a2b8]
Event: 13.780 Thread 0x00000210f5f55000 5140       3       org.uqbar.project.wollok.wollokDsl.impl.WClassImpl::eIsSet (135 bytes)
Event: 13.780 Thread 0x00000210f5f55000 nmethod 5140 0x00000210dd27bb90 code [0x00000210dd27bd40, 0x00000210dd27c2b0]
Event: 13.801 Thread 0x00000210f5f43800 5142       4       java.nio.Buffer::remaining (20 bytes)
Event: 13.801 Thread 0x00000210f5f55000 5141       3       java.nio.ByteBuffer::array (35 bytes)
Event: 13.801 Thread 0x00000210f5f55000 nmethod 5141 0x00000210dcff05d0 code [0x00000210dcff0760, 0x00000210dcff0a80]
Event: 13.801 Thread 0x00000210f5f43800 nmethod 5142 0x00000210dd036890 code [0x00000210dd0369c0, 0x00000210dd036a38]

GC Heap History (10 events):
Event: 3.180 GC heap before
{Heap before GC invocations=5 (full 1):
 PSYoungGen      total 139776K, used 129024K [0x000000076c580000, 0x000000077d680000, 0x00000007c0000000)
  eden space 129024K, 100% used [0x000000076c580000,0x0000000774380000,0x0000000774380000)
  from space 10752K, 0% used [0x0000000774380000,0x0000000774380000,0x0000000774e00000)
  to   space 10752K, 0% used [0x000000077cc00000,0x000000077cc00000,0x000000077d680000)
 ParOldGen       total 142336K, used 22235K [0x00000006c5000000, 0x00000006cdb00000, 0x000000076c580000)
  object space 142336K, 15% used [0x00000006c5000000,0x00000006c65b6fc0,0x00000006cdb00000)
 Metaspace       used 23895K, capacity 24235K, committed 24576K, reserved 1071104K
  class space    used 2848K, capacity 2968K, committed 3072K, reserved 1048576K
Event: 3.184 GC heap after
Heap after GC invocations=5 (full 1):
 PSYoungGen      total 171008K, used 2876K [0x000000076c580000, 0x000000077cf00000, 0x00000007c0000000)
  eden space 167936K, 0% used [0x000000076c580000,0x000000076c580000,0x0000000776980000)
  from space 3072K, 93% used [0x000000077cc00000,0x000000077cecf1d8,0x000000077cf00000)
  to   space 10752K, 0% used [0x000000077ba00000,0x000000077ba00000,0x000000077c480000)
 ParOldGen       total 142336K, used 22243K [0x00000006c5000000, 0x00000006cdb00000, 0x000000076c580000)
  object space 142336K, 15% used [0x00000006c5000000,0x00000006c65b8fc0,0x00000006cdb00000)
 Metaspace       used 23895K, capacity 24235K, committed 24576K, reserved 1071104K
  class space    used 2848K, capacity 2968K, committed 3072K, reserved 1048576K
}
Event: 5.465 GC heap before
{Heap before GC invocations=6 (full 1):
 PSYoungGen      total 171008K, used 170812K [0x000000076c580000, 0x000000077cf00000, 0x00000007c0000000)
  eden space 167936K, 100% used [0x000000076c580000,0x0000000776980000,0x0000000776980000)
  from space 3072K, 93% used [0x000000077cc00000,0x000000077cecf1d8,0x000000077cf00000)
  to   space 10752K, 0% used [0x000000077ba00000,0x000000077ba00000,0x000000077c480000)
 ParOldGen       total 142336K, used 22243K [0x00000006c5000000, 0x00000006cdb00000, 0x000000076c580000)
  object space 142336K, 15% used [0x00000006c5000000,0x00000006c65b8fc0,0x00000006cdb00000)
 Metaspace       used 24171K, capacity 24547K, committed 24832K, reserved 1071104K
  class space    used 2860K, capacity 2988K, committed 3072K, reserved 1048576K
Event: 5.466 GC heap after
Heap after GC invocations=6 (full 1):
 PSYoungGen      total 211456K, used 1550K [0x000000076c580000, 0x000000077cc80000, 0x00000007c0000000)
  eden space 209408K, 0% used [0x000000076c580000,0x000000076c580000,0x0000000779200000)
  from space 2048K, 75% used [0x000000077ba00000,0x000000077bb838a0,0x000000077bc00000)
  to   space 16896K, 0% used [0x000000077bc00000,0x000000077bc00000,0x000000077cc80000)
 ParOldGen       total 142336K, used 22251K [0x00000006c5000000, 0x00000006cdb00000, 0x000000076c580000)
  object space 142336K, 15% used [0x00000006c5000000,0x00000006c65bafc0,0x00000006cdb00000)
 Metaspace       used 24171K, capacity 24547K, committed 24832K, reserved 1071104K
  class space    used 2860K, capacity 2988K, committed 3072K, reserved 1048576K
}
Event: 7.700 GC heap before
{Heap before GC invocations=7 (full 1):
 PSYoungGen      total 211456K, used 210958K [0x000000076c580000, 0x000000077cc80000, 0x00000007c0000000)
  eden space 209408K, 100% used [0x000000076c580000,0x0000000779200000,0x0000000779200000)
  from space 2048K, 75% used [0x000000077ba00000,0x000000077bb838a0,0x000000077bc00000)
  to   space 16896K, 0% used [0x000000077bc00000,0x000000077bc00000,0x000000077cc80000)
 ParOldGen       total 142336K, used 22251K [0x00000006c5000000, 0x00000006cdb00000, 0x000000076c580000)
  object space 142336K, 15% used [0x00000006c5000000,0x00000006c65bafc0,0x00000006cdb00000)
 Metaspace       used 24265K, capacity 24693K, committed 24832K, reserved 1071104K
  class space    used 2865K, capacity 2991K, committed 3072K, reserved 1048576K
Event: 7.702 GC heap after
Heap after GC invocations=7 (full 1):
 PSYoungGen      total 240128K, used 1614K [0x000000076c580000, 0x000000077f400000, 0x00000007c0000000)
  eden space 223232K, 0% used [0x000000076c580000,0x000000076c580000,0x0000000779f80000)
  from space 16896K, 9% used [0x000000077bc00000,0x000000077bd938a0,0x000000077cc80000)
  to   space 29184K, 0% used [0x0000000779f80000,0x0000000779f80000,0x000000077bc00000)
 ParOldGen       total 142336K, used 22259K [0x00000006c5000000, 0x00000006cdb00000, 0x000000076c580000)
  object space 142336K, 15% used [0x00000006c5000000,0x00000006c65bcfc0,0x00000006cdb00000)
 Metaspace       used 24265K, capacity 24693K, committed 24832K, reserved 1071104K
  class space    used 2865K, capacity 2991K, committed 3072K, reserved 1048576K
}
Event: 10.736 GC heap before
{Heap before GC invocations=8 (full 1):
 PSYoungGen      total 240128K, used 224846K [0x000000076c580000, 0x000000077f400000, 0x00000007c0000000)
  eden space 223232K, 100% used [0x000000076c580000,0x0000000779f80000,0x0000000779f80000)
  from space 16896K, 9% used [0x000000077bc00000,0x000000077bd938a0,0x000000077cc80000)
  to   space 29184K, 0% used [0x0000000779f80000,0x0000000779f80000,0x000000077bc00000)
 ParOldGen       total 142336K, used 22259K [0x00000006c5000000, 0x00000006cdb00000, 0x000000076c580000)
  object space 142336K, 15% used [0x00000006c5000000,0x00000006c65bcfc0,0x00000006cdb00000)
 Metaspace       used 24288K, capacity 24757K, committed 25088K, reserved 1071104K
  class space    used 2865K, capacity 2991K, committed 3072K, reserved 1048576K
Event: 10.738 GC heap after
Heap after GC invocations=8 (full 1):
 PSYoungGen      total 252416K, used 1582K [0x000000076c580000, 0x000000077fa80000, 0x00000007c0000000)
  eden space 223232K, 0% used [0x000000076c580000,0x000000076c580000,0x0000000779f80000)
  from space 29184K, 5% used [0x0000000779f80000,0x000000077a10b8a0,0x000000077bc00000)
  to   space 28672K, 0% used [0x000000077de80000,0x000000077de80000,0x000000077fa80000)
 ParOldGen       total 142336K, used 22267K [0x00000006c5000000, 0x00000006cdb00000, 0x000000076c580000)
  object space 142336K, 15% used [0x00000006c5000000,0x00000006c65befc0,0x00000006cdb00000)
 Metaspace       used 24288K, capacity 24757K, committed 25088K, reserved 1071104K
  class space    used 2865K, capacity 2991K, committed 3072K, reserved 1048576K
}
Event: 13.802 GC heap before
{Heap before GC invocations=9 (full 1):
 PSYoungGen      total 252416K, used 224814K [0x000000076c580000, 0x000000077fa80000, 0x00000007c0000000)
  eden space 223232K, 100% used [0x000000076c580000,0x0000000779f80000,0x0000000779f80000)
  from space 29184K, 5% used [0x0000000779f80000,0x000000077a10b8a0,0x000000077bc00000)
  to   space 28672K, 0% used [0x000000077de80000,0x000000077de80000,0x000000077fa80000)
 ParOldGen       total 142336K, used 22267K [0x00000006c5000000, 0x00000006cdb00000, 0x000000076c580000)
  object space 142336K, 15% used [0x00000006c5000000,0x00000006c65befc0,0x00000006cdb00000)
 Metaspace       used 24384K, capacity 24781K, committed 25088K, reserved 1071104K
  class space    used 2877K, capacity 2995K, committed 3072K, reserved 1048576K
Event: 13.804 GC heap after
Heap after GC invocations=9 (full 1):
 PSYoungGen      total 272384K, used 1678K [0x000000076c580000, 0x000000077f280000, 0x00000007c0000000)
  eden space 251904K, 0% used [0x000000076c580000,0x000000076c580000,0x000000077bb80000)
  from space 20480K, 8% used [0x000000077de80000,0x000000077e0238a0,0x000000077f280000)
  to   space 28160K, 0% used [0x000000077bb80000,0x000000077bb80000,0x000000077d700000)
 ParOldGen       total 142336K, used 22275K [0x00000006c5000000, 0x00000006cdb00000, 0x000000076c580000)
  object space 142336K, 15% used [0x00000006c5000000,0x00000006c65c0fc0,0x00000006cdb00000)
 Metaspace       used 24384K, capacity 24781K, committed 25088K, reserved 1071104K
  class space    used 2877K, capacity 2995K, committed 3072K, reserved 1048576K
}

Deoptimization events (10 events):
Event: 13.769 Thread 0x00000210fb0d3800 Uncommon trap: reason=unstable_if action=reinterpret pc=0x00000210ddfa9b14 method=org.uqbar.project.wollok.game.gameboard.Window.draw(Lorg/uqbar/project/wollok/game/Image;Lorg/uqbar/project/wollok/game/Position;)V @ 7
Event: 13.769 Thread 0x00000210fb0d3800 Uncommon trap: reason=unstable_if action=reinterpret pc=0x00000210ddde7b70 method=org.uqbar.project.wollok.interpreter.core.WollokObject.call(Ljava/lang/String;[Lorg/uqbar/project/wollok/interpreter/core/WollokObject;)Lorg/uqbar/project/wollok/interpreter
Event: 13.775 Thread 0x00000210fb0d3800 Uncommon trap: reason=unstable_if action=reinterpret pc=0x00000210ddaebb94 method=org.uqbar.project.wollok.model.WMethodContainerExtensions.matches(Lorg/uqbar/project/wollok/wollokDsl/WMethodDeclaration;Ljava/lang/String;IZ)Z @ 7
Event: 13.775 Thread 0x00000210fb0d3800 Uncommon trap: reason=unstable_if action=reinterpret pc=0x00000210ddfd6a30 method=org.uqbar.project.wollok.launch.WollokLauncherInterpreterEvaluator.evaluate(Lorg/eclipse/emf/ecore/EObject;)Lorg/uqbar/project/wollok/interpreter/core/WollokObject; @ 260
Event: 13.778 Thread 0x00000210fb0d3800 Uncommon trap: reason=class_check action=maybe_recompile pc=0x00000210ddf3a0d8 method=java.util.Collections.reverse(Ljava/util/List;)V @ 1
Event: 13.778 Thread 0x00000210fb0d3800 Uncommon trap: reason=unstable_if action=reinterpret pc=0x00000210ddbc4730 method=org.uqbar.project.wollok.wollokDsl.impl.WClassImpl.eIsSet(I)Z @ 88
Event: 13.780 Thread 0x00000210fb0d3800 Uncommon trap: reason=class_check action=maybe_recompile pc=0x00000210dde4f3b0 method=org.uqbar.project.wollok.interpreter.WollokInterpreter.eval(Lorg/eclipse/emf/ecore/EObject;)Lorg/uqbar/project/wollok/interpreter/core/WollokObject; @ 79
Event: 13.780 Thread 0x00000210fb0d3800 Uncommon trap: reason=class_check action=maybe_recompile pc=0x00000210dde4f3b0 method=org.uqbar.project.wollok.interpreter.WollokInterpreter.eval(Lorg/eclipse/emf/ecore/EObject;)Lorg/uqbar/project/wollok/interpreter/core/WollokObject; @ 79
Event: 13.780 Thread 0x00000210fb0d3800 Uncommon trap: reason=class_check action=maybe_recompile pc=0x00000210dd3121c8 method=org.uqbar.project.wollok.interpreter.threads.WThread.performOnStack(Lorg/eclipse/emf/ecore/EObject;Lorg/uqbar/project/wollok/interpreter/context/EvaluationContext;Lorg/e
Event: 13.800 Thread 0x00000210fb0d3800 Uncommon trap: reason=unstable_if action=reinterpret pc=0x00000210ddca4394 method=java.util.HashMap$HashIterator.<init>(Ljava/util/HashMap;)V @ 45

Classes redefined (0 events):
No events

Internal exceptions (10 events):
Event: 1.285 Thread 0x00000210db481000 Exception <a 'java/io/FileNotFoundException'> (0x000000076fcc6b80) thrown at [J:\jenkins\tmp\workspace\build\src\hotspot\src\share\vm\prims\jni.cpp, line 711]
Event: 1.544 Thread 0x00000210db481000 Exception <a 'java/security/PrivilegedActionException'> (0x000000076c9ae1f8) thrown at [J:\jenkins\tmp\workspace\build\src\hotspot\src\share\vm\prims\jvm.cpp, line 1523]
Event: 1.544 Thread 0x00000210db481000 Exception <a 'java/security/PrivilegedActionException'> (0x000000076c9af728) thrown at [J:\jenkins\tmp\workspace\build\src\hotspot\src\share\vm\prims\jvm.cpp, line 1523]
Event: 1.544 Thread 0x00000210db481000 Exception <a 'java/security/PrivilegedActionException'> (0x000000076c9b0b58) thrown at [J:\jenkins\tmp\workspace\build\src\hotspot\src\share\vm\prims\jvm.cpp, line 1523]
Event: 1.544 Thread 0x00000210db481000 Exception <a 'java/security/PrivilegedActionException'> (0x000000076c9b2218) thrown at [J:\jenkins\tmp\workspace\build\src\hotspot\src\share\vm\prims\jvm.cpp, line 1523]
Event: 1.544 Thread 0x00000210db481000 Exception <a 'java/security/PrivilegedActionException'> (0x000000076c9b3610) thrown at [J:\jenkins\tmp\workspace\build\src\hotspot\src\share\vm\prims\jvm.cpp, line 1523]
Event: 1.544 Thread 0x00000210db481000 Exception <a 'java/security/PrivilegedActionException'> (0x000000076c9b49d8) thrown at [J:\jenkins\tmp\workspace\build\src\hotspot\src\share\vm\prims\jvm.cpp, line 1523]
Event: 1.921 Thread 0x00000210fb0d3800 Implicit null exception at 0x00000210dd21f90c to 0x00000210dd22015d
Event: 6.282 Thread 0x00000210fb0d3800 Implicit null exception at 0x00000210ddd3ff3e to 0x00000210ddd40229
Event: 6.289 Thread 0x00000210fb0d3800 Implicit null exception at 0x00000210ddeb7585 to 0x00000210ddeb9245

Events (10 events):
Event: 13.802 Thread 0x00000210f8b85000 Thread added: 0x00000210f8b85000
Event: 13.802 Thread 0x00000210f8885800 Thread exited: 0x00000210f8885800
Event: 13.802 Executing VM operation: ParallelGCFailedAllocation
Event: 13.804 Executing VM operation: ParallelGCFailedAllocation done
Event: 13.804 Executing VM operation: RevokeBias
Event: 13.804 Executing VM operation: RevokeBias done
Event: 13.804 Executing VM operation: RevokeBias
Event: 13.804 Executing VM operation: RevokeBias done
Event: 13.820 Thread 0x00000210f8b85000 Thread exited: 0x00000210f8b85000
Event: 13.820 Executing VM operation: Exit


Dynamic libraries:
0x00007ff6046b0000 - 0x00007ff6046ea000 	C:\Program Files\Eclipse Foundation\jdk-8.0.302.8-hotspot\bin\javaw.exe
0x00007ffd86ec0000 - 0x00007ffd870c7000 	C:\WINDOWS\SYSTEM32\ntdll.dll
0x00007ffd85ac0000 - 0x00007ffd85b7d000 	C:\WINDOWS\System32\KERNEL32.DLL
0x00007ffd849d0000 - 0x00007ffd84d44000 	C:\WINDOWS\System32\KERNELBASE.dll
0x00007ffd853d0000 - 0x00007ffd8547c000 	C:\WINDOWS\System32\ADVAPI32.dll
0x00007ffd86dd0000 - 0x00007ffd86e73000 	C:\WINDOWS\System32\msvcrt.dll
0x00007ffd857b0000 - 0x00007ffd8584d000 	C:\WINDOWS\System32\sechost.dll
0x00007ffd86ca0000 - 0x00007ffd86dc1000 	C:\WINDOWS\System32\RPCRT4.dll
0x00007ffd858b0000 - 0x00007ffd85a5c000 	C:\WINDOWS\System32\USER32.dll
0x00007ffd84580000 - 0x00007ffd845a6000 	C:\WINDOWS\System32\win32u.dll
0x00007ffd86980000 - 0x00007ffd869a9000 	C:\WINDOWS\System32\GDI32.dll
0x00007ffd84750000 - 0x00007ffd84862000 	C:\WINDOWS\System32\gdi32full.dll
0x00007ffd84870000 - 0x00007ffd8490d000 	C:\WINDOWS\System32\msvcp_win.dll
0x00007ffd84630000 - 0x00007ffd84741000 	C:\WINDOWS\System32\ucrtbase.dll
0x00007ffd67940000 - 0x00007ffd67be5000 	C:\WINDOWS\WinSxS\amd64_microsoft.windows.common-controls_6595b64144ccf1df_6.0.22000.120_none_9d947278b86cc467\COMCTL32.dll
0x00007ffd869c0000 - 0x00007ffd869f1000 	C:\WINDOWS\System32\IMM32.DLL
0x00007ffd35180000 - 0x00007ffd3526f000 	C:\Program Files\Eclipse Foundation\jdk-8.0.302.8-hotspot\jre\bin\msvcr120.dll
0x00007ffd2d210000 - 0x00007ffd2d2b6000 	C:\Program Files\Eclipse Foundation\jdk-8.0.302.8-hotspot\jre\bin\msvcp120.dll
0x0000000073c10000 - 0x000000007447b000 	C:\Program Files\Eclipse Foundation\jdk-8.0.302.8-hotspot\jre\bin\server\jvm.dll
0x00007ffd86970000 - 0x00007ffd86978000 	C:\WINDOWS\System32\PSAPI.DLL
0x00007ffd75a40000 - 0x00007ffd75a4a000 	C:\WINDOWS\SYSTEM32\VERSION.dll
0x00007ffd74ed0000 - 0x00007ffd74ed9000 	C:\WINDOWS\SYSTEM32\WSOCK32.dll
0x00007ffd77b90000 - 0x00007ffd77bc3000 	C:\WINDOWS\SYSTEM32\WINMM.dll
0x00007ffd85c70000 - 0x00007ffd85cdf000 	C:\WINDOWS\System32\WS2_32.dll
0x00007ffd733a0000 - 0x00007ffd733af000 	C:\Program Files\Eclipse Foundation\jdk-8.0.302.8-hotspot\jre\bin\verify.dll
0x00007ffd4f900000 - 0x00007ffd4f929000 	C:\Program Files\Eclipse Foundation\jdk-8.0.302.8-hotspot\jre\bin\java.dll
0x00007ffd4fe80000 - 0x00007ffd4fe96000 	C:\Program Files\Eclipse Foundation\jdk-8.0.302.8-hotspot\jre\bin\zip.dll
0x00007ffd861c0000 - 0x00007ffd8696a000 	C:\WINDOWS\System32\SHELL32.dll
0x00007ffd82550000 - 0x00007ffd82db2000 	C:\WINDOWS\SYSTEM32\windows.storage.dll
0x00007ffd85e40000 - 0x00007ffd861b8000 	C:\WINDOWS\System32\combase.dll
0x00007ffd823e0000 - 0x00007ffd82546000 	C:\WINDOWS\SYSTEM32\wintypes.dll
0x00007ffd85b80000 - 0x00007ffd85c6a000 	C:\WINDOWS\System32\SHCORE.dll
0x00007ffd84d50000 - 0x00007ffd84dad000 	C:\WINDOWS\System32\shlwapi.dll
0x00007ffd842d0000 - 0x00007ffd842f1000 	C:\WINDOWS\SYSTEM32\profapi.dll
0x0000000065580000 - 0x0000000065616000 	C:\Users\valen\AppData\Local\Temp\libgdxvalen\12dfaa03\gdx64.dll
0x00007ffd83c00000 - 0x00007ffd83c18000 	C:\WINDOWS\SYSTEM32\CRYPTSP.dll
0x00007ffd83510000 - 0x00007ffd83545000 	C:\WINDOWS\system32\rsaenh.dll
0x00007ffd83ab0000 - 0x00007ffd83ad9000 	C:\WINDOWS\SYSTEM32\USERENV.dll
0x00007ffd83d80000 - 0x00007ffd83da7000 	C:\WINDOWS\SYSTEM32\bcrypt.dll
0x00007ffd845b0000 - 0x00007ffd84630000 	C:\WINDOWS\System32\bcryptprimitives.dll
0x00007ffd83c20000 - 0x00007ffd83c2c000 	C:\WINDOWS\SYSTEM32\CRYPTBASE.dll
0x00007ffd4fe30000 - 0x00007ffd4fe4a000 	C:\Program Files\Eclipse Foundation\jdk-8.0.302.8-hotspot\jre\bin\net.dll
0x00007ffd839c0000 - 0x00007ffd83a27000 	C:\WINDOWS\system32\mswsock.dll
0x00007ffd830f0000 - 0x00007ffd8311d000 	C:\WINDOWS\SYSTEM32\IPHLPAPI.DLL
0x00007ffd85510000 - 0x00007ffd85519000 	C:\WINDOWS\System32\NSI.dll
0x00007ffd78130000 - 0x00007ffd78149000 	C:\WINDOWS\SYSTEM32\dhcpcsvc6.DLL
0x00007ffd78560000 - 0x00007ffd7857e000 	C:\WINDOWS\SYSTEM32\dhcpcsvc.DLL
0x00007ffd83160000 - 0x00007ffd83247000 	C:\WINDOWS\SYSTEM32\DNSAPI.dll
0x00007ffd49d80000 - 0x00007ffd49d92000 	C:\Program Files\Eclipse Foundation\jdk-8.0.302.8-hotspot\jre\bin\nio.dll
0x0000000180000000 - 0x0000000180053000 	C:\Users\valen\AppData\Local\Temp\libgdxvalen\dc0f0009\lwjgl64.dll
0x00007ffd52660000 - 0x00007ffd52761000 	C:\WINDOWS\SYSTEM32\OPENGL32.dll
0x00007ffd6de50000 - 0x00007ffd6de7d000 	C:\WINDOWS\SYSTEM32\GLU32.dll
0x00007ffd818b0000 - 0x00007ffd818e8000 	C:\WINDOWS\SYSTEM32\dxcore.dll
0x00000210fcc10000 - 0x00000210fcc74000 	C:\Users\valen\AppData\Local\Temp\libgdxvalen\dc0f0009\OpenAL64.dll
0x00007ffd85520000 - 0x00007ffd856ba000 	C:\WINDOWS\System32\ole32.dll
0x00007ffd835b0000 - 0x00007ffd835c8000 	C:\WINDOWS\SYSTEM32\kernel.appcore.dll
0x00007ffd81660000 - 0x00007ffd8170c000 	C:\WINDOWS\system32\uxtheme.dll
0x00007ffd84db0000 - 0x00007ffd84e5f000 	C:\WINDOWS\System32\clbcatq.dll
0x00007ffd2d160000 - 0x00007ffd2d202000 	C:\WINDOWS\SYSTEM32\dsound.dll
0x00007ffd74020000 - 0x00007ffd74049000 	C:\WINDOWS\SYSTEM32\winmmbase.dll
0x00007ffd29a50000 - 0x00007ffd29b01000 	C:\WINDOWS\SYSTEM32\ResampleDmo.DLL
0x00007ffd82dd0000 - 0x00007ffd82e1d000 	C:\WINDOWS\SYSTEM32\powrprof.dll
0x00007ffd86a00000 - 0x00007ffd86ad6000 	C:\WINDOWS\System32\OLEAUT32.dll
0x00007ffd73160000 - 0x00007ffd7316b000 	C:\WINDOWS\SYSTEM32\msdmo.dll
0x00007ffd82ec0000 - 0x00007ffd82ed3000 	C:\WINDOWS\SYSTEM32\UMPDC.dll
0x00007ffd753c0000 - 0x00007ffd7545c000 	C:\WINDOWS\System32\MMDevApi.dll
0x00007ffd84070000 - 0x00007ffd8409c000 	C:\WINDOWS\System32\DEVOBJ.dll
0x00007ffd840a0000 - 0x00007ffd840ec000 	C:\WINDOWS\SYSTEM32\cfgmgr32.dll
0x00007ffd73d90000 - 0x00007ffd73f5f000 	C:\WINDOWS\SYSTEM32\AUDIOSES.DLL
0x00007ffd81dd0000 - 0x00007ffd81de5000 	C:\WINDOWS\SYSTEM32\resourcepolicyclient.dll
0x00007ffd788c0000 - 0x00007ffd78979000 	C:\WINDOWS\SYSTEM32\mscms.dll
0x00007ffd75e80000 - 0x00007ffd75eca000 	C:\Windows\System32\Windows.Internal.Graphics.Display.DisplayColorManagement.dll
0x00007ffd85d20000 - 0x00007ffd85e3e000 	C:\WINDOWS\System32\MSCTF.dll
0x00007ffd7bef0000 - 0x00007ffd7bf34000 	C:\WINDOWS\SYSTEM32\directxdatabasehelper.dll
0x00007ffd81d90000 - 0x00007ffd81dc4000 	C:\WINDOWS\SYSTEM32\ntmarta.dll
0x00007ffd779b0000 - 0x00007ffd77ae3000 	C:\Windows\System32\AppXDeploymentClient.dll
0x00007ffd77740000 - 0x00007ffd7792e000 	C:\WINDOWS\SYSTEM32\urlmon.dll
0x00007ffd83070000 - 0x00007ffd8307c000 	C:\Windows\System32\netutils.dll
0x00007ffd77710000 - 0x00007ffd77738000 	C:\Windows\System32\srvcli.dll
0x00007ffd77450000 - 0x00007ffd77702000 	C:\Windows\System32\iertutil.dll
0x00007ffceb0b0000 - 0x00007ffcec046000 	C:\Windows\System32\DriverStore\FileRepository\iigd_dch.inf_amd64_7afabf937b5bd7bd\igxelpicd64.dll
0x00007ffd81d60000 - 0x00007ffd81d8f000 	C:\WINDOWS\system32\dwmapi.dll
0x00007ffd818f0000 - 0x00007ffd819e3000 	C:\WINDOWS\system32\dxgi.dll
0x00007ffd40230000 - 0x00007ffd40639000 	C:\Windows\System32\DriverStore\FileRepository\iigd_dch.inf_amd64_7afabf937b5bd7bd\igdml64.dll
0x00007ffd75690000 - 0x00007ffd759c1000 	C:\Windows\System32\DriverStore\FileRepository\iigd_dch.inf_amd64_7afabf937b5bd7bd\igdgmm64.dll
0x00007ffd68c70000 - 0x00007ffd68d9d000 	C:\WINDOWS\SYSTEM32\textinputframework.dll
0x00007ffd81290000 - 0x00007ffd813c2000 	C:\WINDOWS\SYSTEM32\CoreMessaging.dll
0x00007ffd7b1b0000 - 0x00007ffd7b51d000 	C:\WINDOWS\SYSTEM32\CoreUIComponents.dll
0x00007ffd496f0000 - 0x00007ffd49734000 	C:\WINDOWS\SYSTEM32\icm32.dll
0x00007ffd6f9a0000 - 0x00007ffd726dc000 	C:\Windows\System32\DriverStore\FileRepository\iigd_dch.inf_amd64_7afabf937b5bd7bd\igc64.dll
0x00007ffd819f0000 - 0x00007ffd81c11000 	C:\WINDOWS\SYSTEM32\dbghelp.dll

VM Arguments:
jvm_args: -Duser.language=en_US -Dfile.encoding=UTF-8 
java_command: org.uqbar.project.wollok.launch.WollokLauncher -requestsPort 0 -eventsPort 0 -folder -dontValidate -wf src/juego.wpgm
java_class_path (initial): C:\Users\valen\Documents\PdeP\Objetos\2021-objetos-tp-integrador-insert-vmj-mat\bin;C:\Users\valen\Documents\PdeP\Wollok\wollok-win32.win32.x86_64 (1)\plugins\com.ibm.icu_64.2.0.v20190507-1337.jar;C:\Users\valen\Documents\PdeP\Wollok\wollok-win32.win32.x86_64 (1)\plugins\org.eclipse.xtext_2.20.0.v20191202-0915.jar;C:\Users\valen\Documents\PdeP\Wollok\wollok-win32.win32.x86_64 (1)\plugins\org.eclipse.emf.ecore.xmi_2.16.0.v20190528-0725.jar;C:\Users\valen\Documents\PdeP\Wollok\wollok-win32.win32.x86_64 (1)\plugins\org.eclipse.emf.ecore_2.20.0.v20190920-0401.jar;C:\Users\valen\Documents\PdeP\Wollok\wollok-win32.win32.x86_64 (1)\plugins\org.eclipse.emf.common_2.17.0.v20190920-0401.jar;C:\Users\valen\Documents\PdeP\Wollok\wollok-win32.win32.x86_64 (1)\plugins\org.antlr.runtime_3.2.0.v201101311130.jar;C:\Users\valen\Documents\PdeP\Wollok\wollok-win32.win32.x86_64 (1)\plugins\com.google.inject_3.0.0.v201605172100.jar;C:\Users\valen\Documents\PdeP\Wollok\wollok-win32.win32.x86_64 (1)\plugins\org.eclipse.emf.mwe.core_1.5.1.v20191121-1148.jar;C:\Users\valen\Documents\PdeP\Wollok\wollok-win32.win32.x86_64 (1)\plugins\org.apache.commons.cli_1.2.0.v201404270220.jar;C:\Users\valen\Documents\PdeP\Wollok\wollok-win32.win32.x86_64 (1)\plugins\org.eclipse.emf.mwe2.runtime_2.11.1.v20191121-1148.jar;C:\Users\valen\Documents\PdeP\Wollok\wollok-win32.win32.x86_64 (1)\plugins\org.eclipse.emf.mwe.utils_1.5.1.v20191121-1148.jar;C:\Users\valen\Documents\PdeP\Wollok\wollok-win32.win32.x86_64 (1)\plugins\org.eclipse.xtext.util_2.20.0.v20191202-0915.jar;C:\Users\valen\Documents\PdeP\Wollok\wollok-win32.win32.x86_64 (1)\plugins\com.google.guava_27.1.0.v20190517-1946.jar;C:\Users\valen\Documents\PdeP\Wollok\wollok-win32.win32.x86_64 (1)\plugins\javax.inject_1.0.0.v20091030.jar;C:\Users\valen\Documents\PdeP\Wollok\wollok-win32.win32.x86_64 (1)\plugins\org.eclipse.xtext.generator_2.20.0.v20191202-0933.jar;C:\Users\valen\Documents\PdeP\Wollok\wollok-win32.win32.x86_64 (1
Launcher Type: SUN_STANDARD

Environment Variables:
PATH=C:/Program Files/Eclipse Foundation/jdk-8.0.302.8-hotspot/bin/../jre/bin/server;C:/Program Files/Eclipse Foundation/jdk-8.0.302.8-hotspot/bin/../jre/bin;C:/Program Files/Eclipse Foundation/jdk-8.0.302.8-hotspot/bin/../jre/lib/amd64;C:\Program Files\Eclipse Foundation\jdk-8.0.302.8-hotspot\bin;C:\Users\valen\AppData\Local\Programs\Python\Python39\Scripts\;C:\Users\valen\AppData\Local\Programs\Python\Python39\;C:\Program Files (x86)\Common Files\Oracle\Java\javapath;C:\WINDOWS\system32;C:\WINDOWS;C:\WINDOWS\System32\Wbem;C:\WINDOWS\System32\WindowsPowerShell\v1.0\;C:\WINDOWS\System32\OpenSSH\;C:\MinGW\bin;C:\GnuWin32\bin;C:\Program Files\Git\cmd;C:\Program Files\Git\bin;C:\Program Files\swipl\bin;C:\HashiCorp\Vagrant\bin;C:\ProgramData\chocolatey\bin;C:\Users\valen\AppData\Roaming\local\bin;C:\Users\valen\AppData\Local\Microsoft\WindowsApps;C:\Users\valen\AppData\Local\Programs\Microsoft VS Code\bin;;C:\Users\valen\Documents\PdeP\Wollok\wollok-win32.win32.x86_64 (1);
USERNAME=valen
OS=Windows_NT
PROCESSOR_IDENTIFIER=Intel64 Family 6 Model 140 Stepping 1, GenuineIntel



---------------  S Y S T E M  ---------------

OS: Windows 10.0 , 64 bit Build 22000 (10.0.22000.282)

CPU:total 8 (initial active 8) (4 cores per cpu, 2 threads per core) family 6 model 140 stepping 1, cmov, cx8, fxsr, mmx, sse, sse2, sse3, ssse3, sse4.1, sse4.2, popcnt, avx, avx2, aes, clmul, erms, 3dnowpref, lzcnt, ht, tsc, tscinvbit, bmi1, bmi2, adx

Memory: 4k page, physical 16448632k(7430040k free), swap 17497208k(4956392k free)

vm_info: OpenJDK 64-Bit Server VM (25.302-b08) for windows-amd64 JRE (1.8.0_302-b08), built on Jul 20 2021 21:31:03 by "jenkins" with MS VC++ 12.0 (VS2013)

time: Sat Nov 06 00:03:27 2021
timezone: Argentina Standard Time
elapsed time: 13.863352 seconds (0d 0h 0m 13s)

