#
# A fatal error has been detected by the Java Runtime Environment:
#
#  EXCEPTION_ACCESS_VIOLATION (0xc0000005) at pc=0x000001b443cc1066, pid=7108, tid=0x0000000000006250
#
# JRE version: OpenJDK Runtime Environment (8.0_302-b08) (build 1.8.0_302-b08)
# Java VM: OpenJDK 64-Bit Server VM (25.302-b08 mixed mode windows-amd64 compressed oops)
# Problematic frame:
# C  [OpenAL64.dll+0x11066]
#
# Failed to write core dump. Minidumps are not enabled by default on client versions of Windows
#
# If you would like to submit a bug report, please visit:
#   https://github.com/adoptium/adoptium-support/issues
# The crash happened outside the Java Virtual Machine in native code.
# See problematic frame for where to report the bug.
#

---------------  T H R E A D  ---------------

Current thread (0x000001b422dd0000):  JavaThread "main" [_thread_in_native, id=25168, stack(0x000000402c900000,0x000000402ca00000)]

siginfo: ExceptionCode=0xc0000005, reading address 0x000001b442d1c004

Registers:
RAX=0x0000000000000004, RBX=0x000001b4455f0090, RCX=0x000001b442d1c008, RDX=0x000001b442d1c004
RSP=0x000000402c9fc8f0, RBP=0x00000000000000ff, RSI=0x000001b442d18aac, RDI=0x0000000000000000
R8 =0x0000000000000d56, R9 =0x000001b442d18aac, R10=0x000001b4247c9c62, R11=0x0000000052421570
R12=0x0000000000000001, R13=0x000001b443f6d4f0, R14=0x000000402c9fca90, R15=0x000001b422dd0000
RIP=0x000001b443cc1066, EFLAGS=0x0000000000010202

Top of Stack: (sp=0x000000402c9fc8f0)
0x000000402c9fc8f0:   0000000000000000 0000000000000000
0x000000402c9fc900:   0000000000000000 000001b422dd0000
0x000000402c9fc910:   000000402c9fca90 0000000000000000
0x000000402c9fc920:   000001b422dd0000 000001b422dbe6f0
0x000000402c9fc930:   000001b443f6d4f0 000001b443f6d4f0
0x000000402c9fc940:   000001b422db1d80 00000000522ba2f5
0x000000402c9fc950:   000000402c9fd220 000001b422db1180
0x000000402c9fc960:   000001b422dd0000 000000402c9fca90
0x000000402c9fc970:   000001b443f6d4f0 0000000000000000
0x000000402c9fc980:   000001b442d18aac 0000000000000248
0x000000402c9fc990:   000000402c9fca58 000001b443cc248f
0x000000402c9fc9a0:   000001b4455f0090 000001b4455f0090
0x000000402c9fc9b0:   000000000000ac44 000001b400000004
0x000000402c9fc9c0:   000001b4247b7bd0 000001b4247c9c8e
0x000000402c9fc9d0:   000001b443f6d4f0 000000402c9fc9d8
0x000000402c9fc9e0:   000001b4247b7bd0 000001b4247c999b 

Instructions: (pc=0x000001b443cc1066)
0x000001b443cc1046:   41 2b ec 81 3a 03 00 02 00 75 09 8b 01 89 84 24
0x000001b443cc1056:   c8 00 00 00 49 83 c0 02 48 83 c1 08 4a 8d 14 86
0x000001b443cc1066:   39 3a 75 af 4c 8d 84 24 c0 00 00 00 48 8d 15 d7
0x000001b443cc1076:   2b 03 00 33 c9 e8 58 5f 00 00 b8 40 1f 00 00 4c 


Register to memory mapping:

RAX=0x0000000000000004 is an unknown value
RBX=0x000001b4455f0090 is an unknown value
RCX=0x000001b442d1c008 is an unknown value
RDX=0x000001b442d1c004 is an unknown value
RSP=0x000000402c9fc8f0 is pointing into the stack for thread: 0x000001b422dd0000
RBP=0x00000000000000ff is an unknown value
RSI=0x000001b442d18aac is an unknown value
RDI=0x0000000000000000 is an unknown value
R8 =0x0000000000000d56 is an unknown value
R9 =0x000001b442d18aac is an unknown value
R10=0x000001b4247c9c62 is at code_begin+962 in an Interpreter codelet
method entry point (kind = native)  [0x000001b4247c98a0, 0x000001b4247ca340]  2720 bytes
R11=0x0000000052421570 is an unknown value
R12=0x0000000000000001 is an unknown value
R13={method} {0x000001b443f6d4f8} 'nalcCreateContext' '(JJ)J' in 'org/lwjgl/openal/ALC10'
R14=0x000000402c9fca90 is pointing into the stack for thread: 0x000001b422dd0000
R15=0x000001b422dd0000 is a thread


Stack: [0x000000402c900000,0x000000402ca00000],  sp=0x000000402c9fc8f0,  free space=1010k
Native frames: (J=compiled Java code, j=interpreted, Vv=VM code, C=native code)
C  [OpenAL64.dll+0x11066]
C  [OpenAL64.dll+0x1248f]
C  0x000001b4247c9c8e

Java frames: (J=compiled Java code, j=interpreted, Vv=VM code)
j  org.lwjgl.openal.ALC10.nalcCreateContext(JJ)J+0
j  org.lwjgl.openal.ALC10.alcCreateContext(Lorg/lwjgl/openal/ALCdevice;Ljava/nio/IntBuffer;)Lorg/lwjgl/openal/ALCcontext;+8
j  org.lwjgl.openal.AL.init(Ljava/lang/String;IIZZ)V+69
j  org.lwjgl.openal.AL.create(Ljava/lang/String;IIZZ)V+246
j  org.lwjgl.openal.AL.create(Ljava/lang/String;IIZ)V+5
j  org.lwjgl.openal.AL.create()V+6
j  com.badlogic.gdx.backends.lwjgl.audio.OpenALAudio.<init>(III)V+114
j  com.badlogic.gdx.backends.lwjgl.LwjglApplication.<init>(Lcom/badlogic/gdx/ApplicationListener;Lcom/badlogic/gdx/backends/lwjgl/LwjglApplicationConfiguration;Lcom/badlogic/gdx/backends/lwjgl/LwjglGraphics;)V+120
j  com.badlogic.gdx.backends.lwjgl.LwjglApplication.<init>(Lcom/badlogic/gdx/ApplicationListener;Lcom/badlogic/gdx/backends/lwjgl/LwjglApplicationConfiguration;)V+11
j  org.uqbar.project.wollok.game.gameboard.WollokGDXApplication.<init>(Lorg/uqbar/project/wollok/game/gameboard/Gameboard;Ljava/lang/Boolean;)V+17
j  org.uqbar.project.wollok.game.helpers.Application.start(Lorg/uqbar/project/wollok/game/gameboard/Gameboard;Ljava/lang/Boolean;)V+5
j  org.uqbar.project.wollok.game.gameboard.Gameboard.start(Ljava/lang/Boolean;)V+13
j  wollok.game.GameObject.doStart(Ljava/lang/Boolean;)V+12
v  ~StubRoutines::call_stub
j  sun.reflect.NativeMethodAccessorImpl.invoke0(Ljava/lang/reflect/Method;Ljava/lang/Object;[Ljava/lang/Object;)Ljava/lang/Object;+0
j  sun.reflect.NativeMethodAccessorImpl.invoke(Ljava/lang/Object;[Ljava/lang/Object;)Ljava/lang/Object;+100
J 2711 C1 sun.reflect.DelegatingMethodAccessorImpl.invoke(Ljava/lang/Object;[Ljava/lang/Object;)Ljava/lang/Object; (10 bytes) @ 0x000001b42509000c [0x000001b42508ff00+0x10c]
J 2626 C1 java.lang.reflect.Method.invoke(Ljava/lang/Object;[Ljava/lang/Object;)Ljava/lang/Object; (62 bytes) @ 0x000001b425054ef4 [0x000001b425054b00+0x3f4]
j  org.uqbar.project.wollok.ui.utils.XTendUtilExtensions.invokeConvertingArgs(Ljava/lang/reflect/Method;Ljava/lang/Object;[Ljava/lang/Object;)Lorg/uqbar/project/wollok/interpreter/core/WollokObject;+261
j  org.uqbar.project.wollok.interpreter.AbstractWollokCallable._invokeNative(Ljava/lang/Object;Ljava/lang/String;[Lorg/uqbar/project/wollok/interpreter/core/WollokObject;)Lorg/uqbar/project/wollok/interpreter/core/WollokObject;+41
j  org.uqbar.project.wollok.interpreter.AbstractWollokCallable.invokeNative(Ljava/lang/Object;Ljava/lang/String;[Lorg/uqbar/project/wollok/interpreter/core/WollokObject;)Lorg/uqbar/project/wollok/interpreter/core/WollokObject;+26
j  org.uqbar.project.wollok.interpreter.AbstractWollokCallable$1.apply()Lorg/uqbar/project/wollok/interpreter/core/WollokObject;+55
j  org.uqbar.project.wollok.interpreter.AbstractWollokCallable$1.apply()Ljava/lang/Object;+1
j  org.uqbar.project.wollok.interpreter.threads.WThread.performOnStack(Lorg/eclipse/emf/ecore/EObject;Lorg/uqbar/project/wollok/interpreter/context/EvaluationContext;Lorg/eclipse/xtext/xbase/lib/Functions$Function0;)Lorg/uqbar/project/wollok/interpreter/core/WollokObject;+29
j  org.uqbar.project.wollok.interpreter.WollokInterpreter.performOnStack(Lorg/eclipse/emf/ecore/EObject;Lorg/uqbar/project/wollok/interpreter/context/EvaluationContext;Lorg/eclipse/xtext/xbase/lib/Functions$Function0;)Lorg/uqbar/project/wollok/interpreter/core/WollokObject;+7
j  org.uqbar.project.wollok.interpreter.AbstractWollokCallable.call(Lorg/uqbar/project/wollok/wollokDsl/WMethodDeclaration;[Lorg/uqbar/project/wollok/interpreter/core/WollokObject;)Lorg/uqbar/project/wollok/interpreter/core/WollokObject;+38
j  org.uqbar.project.wollok.interpreter.core.WollokObject.call(Ljava/lang/String;[Lorg/uqbar/project/wollok/interpreter/core/WollokObject;)Lorg/uqbar/project/wollok/interpreter/core/WollokObject;+55
j  org.uqbar.project.wollok.interpreter.WollokInterpreterEvaluator._evaluate(Lorg/uqbar/project/wollok/wollokDsl/WFeatureCall;)Lorg/uqbar/project/wollok/interpreter/core/WollokObject;+119
j  org.uqbar.project.wollok.launch.WollokLauncherInterpreterEvaluator.evaluate(Lorg/eclipse/emf/ecore/EObject;)Lorg/uqbar/project/wollok/interpreter/core/WollokObject;+412
j  org.uqbar.project.wollok.interpreter.WollokInterpreterEvaluator.evaluate(Lorg/eclipse/emf/ecore/EObject;)Ljava/lang/Object;+2
j  org.uqbar.project.wollok.interpreter.WollokInterpreter.eval(Lorg/eclipse/emf/ecore/EObject;)Lorg/uqbar/project/wollok/interpreter/core/WollokObject;+63
J 3322 C1 org.uqbar.project.wollok.interpreter.WollokInterpreterEvaluator.eval(Lorg/eclipse/emf/ecore/EObject;)Lorg/uqbar/project/wollok/interpreter/core/WollokObject; (9 bytes) @ 0x000001b4251d9bac [0x000001b4251d9b40+0x6c]
j  org.uqbar.project.wollok.interpreter.WollokInterpreterEvaluator$1.apply(Lorg/uqbar/project/wollok/interpreter/core/WollokObject;Lorg/eclipse/emf/ecore/EObject;)Lorg/uqbar/project/wollok/interpreter/core/WollokObject;+5
j  org.uqbar.project.wollok.interpreter.WollokInterpreterEvaluator$1.apply(Ljava/lang/Object;Ljava/lang/Object;)Ljava/lang/Object;+9
j  org.eclipse.xtext.xbase.lib.IteratorExtensions.fold(Ljava/util/Iterator;Ljava/lang/Object;Lorg/eclipse/xtext/xbase/lib/Functions$Function2;)Ljava/lang/Object;+19
j  org.eclipse.xtext.xbase.lib.IterableExtensions.fold(Ljava/lang/Iterable;Ljava/lang/Object;Lorg/eclipse/xtext/xbase/lib/Functions$Function2;)Ljava/lang/Object;+8
j  org.uqbar.project.wollok.interpreter.WollokInterpreterEvaluator.evalAll(Ljava/lang/Iterable;)Lorg/uqbar/project/wollok/interpreter/core/WollokObject;+12
j  org.uqbar.project.wollok.interpreter.WollokInterpreterEvaluator._evaluate(Lorg/uqbar/project/wollok/wollokDsl/WBlockExpression;)Lorg/uqbar/project/wollok/interpreter/core/WollokObject;+34
j  org.uqbar.project.wollok.launch.WollokLauncherInterpreterEvaluator.evaluate(Lorg/eclipse/emf/ecore/EObject;)Lorg/uqbar/project/wollok/interpreter/core/WollokObject;+76
j  org.uqbar.project.wollok.interpreter.WollokInterpreterEvaluator.evaluate(Lorg/eclipse/emf/ecore/EObject;)Ljava/lang/Object;+2
j  org.uqbar.project.wollok.interpreter.WollokInterpreter.eval(Lorg/eclipse/emf/ecore/EObject;)Lorg/uqbar/project/wollok/interpreter/core/WollokObject;+63
j  org.uqbar.project.wollok.interpreter.AbstractWollokCallable.eval(Lorg/eclipse/emf/ecore/EObject;)Lorg/uqbar/project/wollok/interpreter/core/WollokObject;+5
j  org.uqbar.project.wollok.interpreter.AbstractWollokCallable$1.apply()Lorg/uqbar/project/wollok/interpreter/core/WollokObject;+110
j  org.uqbar.project.wollok.interpreter.AbstractWollokCallable$1.apply()Ljava/lang/Object;+1
j  org.uqbar.project.wollok.interpreter.threads.WThread.performOnStack(Lorg/eclipse/emf/ecore/EObject;Lorg/uqbar/project/wollok/interpreter/context/EvaluationContext;Lorg/eclipse/xtext/xbase/lib/Functions$Function0;)Lorg/uqbar/project/wollok/interpreter/core/WollokObject;+29
j  org.uqbar.project.wollok.interpreter.WollokInterpreter.performOnStack(Lorg/eclipse/emf/ecore/EObject;Lorg/uqbar/project/wollok/interpreter/context/EvaluationContext;Lorg/eclipse/xtext/xbase/lib/Functions$Function0;)Lorg/uqbar/project/wollok/interpreter/core/WollokObject;+7
j  org.uqbar.project.wollok.interpreter.AbstractWollokCallable.call(Lorg/uqbar/project/wollok/wollokDsl/WMethodDeclaration;[Lorg/uqbar/project/wollok/interpreter/core/WollokObject;)Lorg/uqbar/project/wollok/interpreter/core/WollokObject;+38
j  org.uqbar.project.wollok.interpreter.core.WollokObject.call(Ljava/lang/String;[Lorg/uqbar/project/wollok/interpreter/core/WollokObject;)Lorg/uqbar/project/wollok/interpreter/core/WollokObject;+55
j  org.uqbar.project.wollok.interpreter.WollokInterpreterEvaluator._evaluate(Lorg/uqbar/project/wollok/wollokDsl/WFeatureCall;)Lorg/uqbar/project/wollok/interpreter/core/WollokObject;+119
j  org.uqbar.project.wollok.launch.WollokLauncherInterpreterEvaluator.evaluate(Lorg/eclipse/emf/ecore/EObject;)Lorg/uqbar/project/wollok/interpreter/core/WollokObject;+412
j  org.uqbar.project.wollok.interpreter.WollokInterpreterEvaluator.evaluate(Lorg/eclipse/emf/ecore/EObject;)Ljava/lang/Object;+2
j  org.uqbar.project.wollok.interpreter.WollokInterpreter.eval(Lorg/eclipse/emf/ecore/EObject;)Lorg/uqbar/project/wollok/interpreter/core/WollokObject;+63
J 3322 C1 org.uqbar.project.wollok.interpreter.WollokInterpreterEvaluator.eval(Lorg/eclipse/emf/ecore/EObject;)Lorg/uqbar/project/wollok/interpreter/core/WollokObject; (9 bytes) @ 0x000001b4251d9bac [0x000001b4251d9b40+0x6c]
j  org.uqbar.project.wollok.interpreter.WollokInterpreterEvaluator$1.apply(Lorg/uqbar/project/wollok/interpreter/core/WollokObject;Lorg/eclipse/emf/ecore/EObject;)Lorg/uqbar/project/wollok/interpreter/core/WollokObject;+5
j  org.uqbar.project.wollok.interpreter.WollokInterpreterEvaluator$1.apply(Ljava/lang/Object;Ljava/lang/Object;)Ljava/lang/Object;+9
j  org.eclipse.xtext.xbase.lib.IteratorExtensions.fold(Ljava/util/Iterator;Ljava/lang/Object;Lorg/eclipse/xtext/xbase/lib/Functions$Function2;)Ljava/lang/Object;+19
j  org.eclipse.xtext.xbase.lib.IterableExtensions.fold(Ljava/lang/Iterable;Ljava/lang/Object;Lorg/eclipse/xtext/xbase/lib/Functions$Function2;)Ljava/lang/Object;+8
j  org.uqbar.project.wollok.interpreter.WollokInterpreterEvaluator.evalAll(Ljava/lang/Iterable;)Lorg/uqbar/project/wollok/interpreter/core/WollokObject;+12
j  org.uqbar.project.wollok.interpreter.WollokInterpreterEvaluator._evaluate(Lorg/uqbar/project/wollok/wollokDsl/WProgram;)Lorg/uqbar/project/wollok/interpreter/core/WollokObject;+18
j  org.uqbar.project.wollok.launch.WollokLauncherInterpreterEvaluator.evaluate(Lorg/eclipse/emf/ecore/EObject;)Lorg/uqbar/project/wollok/interpreter/core/WollokObject;+444
j  org.uqbar.project.wollok.interpreter.WollokInterpreterEvaluator.evaluate(Lorg/eclipse/emf/ecore/EObject;)Ljava/lang/Object;+2
j  org.uqbar.project.wollok.interpreter.WollokInterpreter.eval(Lorg/eclipse/emf/ecore/EObject;)Lorg/uqbar/project/wollok/interpreter/core/WollokObject;+63
j  org.uqbar.project.wollok.interpreter.WollokInterpreterEvaluator.eval(Lorg/eclipse/emf/ecore/EObject;)Lorg/uqbar/project/wollok/interpreter/core/WollokObject;+5
j  org.uqbar.project.wollok.launch.WollokLauncherInterpreterEvaluator._evaluate(Lorg/uqbar/project/wollok/wollokDsl/WFile;)Lorg/uqbar/project/wollok/interpreter/core/WollokObject;+32
j  org.uqbar.project.wollok.launch.WollokLauncherInterpreterEvaluator.evaluate(Lorg/eclipse/emf/ecore/EObject;)Lorg/uqbar/project/wollok/interpreter/core/WollokObject;+428
j  org.uqbar.project.wollok.interpreter.WollokInterpreterEvaluator.evaluate(Lorg/eclipse/emf/ecore/EObject;)Ljava/lang/Object;+2
j  org.uqbar.project.wollok.interpreter.WollokInterpreter.interpret(Lorg/eclipse/emf/ecore/EObject;Ljava/lang/Boolean;)Lorg/uqbar/project/wollok/interpreter/core/WollokObject;+25
j  org.uqbar.project.wollok.interpreter.WollokInterpreter.interpret(Lorg/eclipse/emf/ecore/EObject;)Lorg/uqbar/project/wollok/interpreter/core/WollokObject;+8
j  org.uqbar.project.wollok.launch.WollokLauncher.doSomething(Lorg/uqbar/project/wollok/wollokDsl/WFile;Lcom/google/inject/Injector;Ljava/io/File;Lorg/uqbar/project/wollok/launch/WollokLauncherParameters;)V+109
j  org.uqbar.project.wollok.launch.WollokChecker.launch(Ljava/lang/String;Lorg/uqbar/project/wollok/launch/WollokLauncherParameters;)V+31
j  org.uqbar.project.wollok.launch.WollokChecker.doMain([Ljava/lang/String;)V+205
j  org.uqbar.project.wollok.launch.WollokLauncher.main([Ljava/lang/String;)V+8
v  ~StubRoutines::call_stub

---------------  P R O C E S S  ---------------

Java Threads: ( => current thread )
  0x000001b44013d800 JavaThread "com.google.inject.internal.util.$Finalizer" daemon [_thread_blocked, id=10884, stack(0x000000402de00000,0x000000402df00000)]
  0x000001b440102000 JavaThread "EMF Reference Cleaner" daemon [_thread_blocked, id=19012, stack(0x000000402dd00000,0x000000402de00000)]
  0x000001b43f5d8800 JavaThread "Service Thread" daemon [_thread_blocked, id=21092, stack(0x000000402db00000,0x000000402dc00000)]
  0x000001b43d79a000 JavaThread "C1 CompilerThread3" daemon [_thread_blocked, id=11836, stack(0x000000402da00000,0x000000402db00000)]
  0x000001b43d799000 JavaThread "C2 CompilerThread2" daemon [_thread_blocked, id=23712, stack(0x000000402d900000,0x000000402da00000)]
  0x000001b43d790800 JavaThread "C2 CompilerThread1" daemon [_thread_blocked, id=9896, stack(0x000000402d800000,0x000000402d900000)]
  0x000001b43d795800 JavaThread "C2 CompilerThread0" daemon [_thread_blocked, id=21876, stack(0x000000402d700000,0x000000402d800000)]
  0x000001b43d78a800 JavaThread "Attach Listener" daemon [_thread_blocked, id=24048, stack(0x000000402d600000,0x000000402d700000)]
  0x000001b43d789000 JavaThread "Signal Dispatcher" daemon [_thread_blocked, id=5420, stack(0x000000402d500000,0x000000402d600000)]
  0x000001b43d762800 JavaThread "Finalizer" daemon [_thread_blocked, id=7520, stack(0x000000402d400000,0x000000402d500000)]
  0x000001b43d753000 JavaThread "Reference Handler" daemon [_thread_blocked, id=10844, stack(0x000000402d300000,0x000000402d400000)]
=>0x000001b422dd0000 JavaThread "main" [_thread_in_native, id=25168, stack(0x000000402c900000,0x000000402ca00000)]

Other Threads:
  0x000001b43d729000 VMThread [stack: 0x000000402d200000,0x000000402d300000] [id=22940]
  0x000001b43f5e9800 WatcherThread [stack: 0x000000402dc00000,0x000000402dd00000] [id=15864]

VM state:not at safepoint (normal execution)

VM Mutex/Monitor currently owned by a thread: None

heap address: 0x00000006c5000000, size: 4016 MB, Compressed Oops mode: Zero based, Oop shift amount: 3
Narrow klass base: 0x0000000000000000, Narrow klass shift: 3
Compressed class space size: 1073741824 Address: 0x00000007c0000000

Heap:
 PSYoungGen      total 139776K, used 5573K [0x000000076c580000, 0x000000077d680000, 0x00000007c0000000)
  eden space 129024K, 4% used [0x000000076c580000,0x000000076caf1490,0x0000000774380000)
  from space 10752K, 0% used [0x0000000774380000,0x0000000774380000,0x0000000774e00000)
  to   space 10752K, 0% used [0x000000077cc00000,0x000000077cc00000,0x000000077d680000)
 ParOldGen       total 142848K, used 21538K [0x00000006c5000000, 0x00000006cdb80000, 0x000000076c580000)
  object space 142848K, 15% used [0x00000006c5000000,0x00000006c6508af0,0x00000006cdb80000)
 Metaspace       used 21286K, capacity 21610K, committed 21760K, reserved 1069056K
  class space    used 2696K, capacity 2771K, committed 2816K, reserved 1048576K

Card table byte_map: [0x000001b433b70000,0x000001b434350000] byte_map_base: 0x000001b430548000

Marking Bits: (ParMarkBitMap*) 0x0000000052a0c820
 Begin Bits: [0x000001b434890000, 0x000001b438750000)
 End Bits:   [0x000001b438750000, 0x000001b43c610000)

Polling page: 0x000001b422d60000

CodeCache: size=245760Kb used=10883Kb max_used=10905Kb free=234876Kb
 bounds [0x000001b4247b0000, 0x000001b425270000, 0x000001b4337b0000]
 total_blobs=3836 nmethods=3394 adapters=353
 compilation: enabled

Compilation events (10 events):
Event: 1.697 Thread 0x000001b43d79a000 3389       3       java.nio.DirectByteBuffer::ix (10 bytes)
Event: 1.697 Thread 0x000001b43d79a000 nmethod 3389 0x000001b425240fd0 code [0x000001b425241120, 0x000001b425241278]
Event: 1.697 Thread 0x000001b43d79a000 3392       1       java.nio.DirectByteBuffer::ix (10 bytes)
Event: 1.697 Thread 0x000001b43d79a000 nmethod 3392 0x000001b425240d10 code [0x000001b425240e60, 0x000001b425240f78]
Event: 1.697 Thread 0x000001b43d79a000 3391       3       java.nio.DirectByteBuffer::put (18 bytes)
Event: 1.697 Thread 0x000001b43d79a000 nmethod 3391 0x000001b425240810 code [0x000001b425240980, 0x000001b425240bf8]
Event: 1.698 Thread 0x000001b43d790800 3393   !   4       java.lang.ClassLoader::loadClass (122 bytes)
Event: 1.699 Thread 0x000001b43d79a000 3394       3       java.io.WinNTFileSystem::parentOrNull (171 bytes)
Event: 1.699 Thread 0x000001b43d79a000 nmethod 3394 0x000001b42523f350 code [0x000001b42523f580, 0x000001b425240300]
Event: 1.719 Thread 0x000001b43d799000 3395       4       java.util.WeakHashMap::put (162 bytes)

GC Heap History (8 events):
Event: 0.466 GC heap before
{Heap before GC invocations=1 (full 0):
 PSYoungGen      total 75264K, used 64512K [0x000000076c580000, 0x0000000771980000, 0x00000007c0000000)
  eden space 64512K, 100% used [0x000000076c580000,0x0000000770480000,0x0000000770480000)
  from space 10752K, 0% used [0x0000000770f00000,0x0000000770f00000,0x0000000771980000)
  to   space 10752K, 0% used [0x0000000770480000,0x0000000770480000,0x0000000770f00000)
 ParOldGen       total 172032K, used 0K [0x00000006c5000000, 0x00000006cf800000, 0x000000076c580000)
  object space 172032K, 0% used [0x00000006c5000000,0x00000006c5000000,0x00000006cf800000)
 Metaspace       used 8544K, capacity 8616K, committed 8832K, reserved 1056768K
  class space    used 1023K, capacity 1076K, committed 1152K, reserved 1048576K
Event: 0.472 GC heap after
Heap after GC invocations=1 (full 0):
 PSYoungGen      total 75264K, used 10742K [0x000000076c580000, 0x0000000775880000, 0x00000007c0000000)
  eden space 64512K, 0% used [0x000000076c580000,0x000000076c580000,0x0000000770480000)
  from space 10752K, 99% used [0x0000000770480000,0x0000000770efda00,0x0000000770f00000)
  to   space 10752K, 0% used [0x0000000774e00000,0x0000000774e00000,0x0000000775880000)
 ParOldGen       total 172032K, used 4543K [0x00000006c5000000, 0x00000006cf800000, 0x000000076c580000)
  object space 172032K, 2% used [0x00000006c5000000,0x00000006c546fe48,0x00000006cf800000)
 Metaspace       used 8544K, capacity 8616K, committed 8832K, reserved 1056768K
  class space    used 1023K, capacity 1076K, committed 1152K, reserved 1048576K
}
Event: 0.896 GC heap before
{Heap before GC invocations=2 (full 0):
 PSYoungGen      total 75264K, used 75254K [0x000000076c580000, 0x0000000775880000, 0x00000007c0000000)
  eden space 64512K, 100% used [0x000000076c580000,0x0000000770480000,0x0000000770480000)
  from space 10752K, 99% used [0x0000000770480000,0x0000000770efda00,0x0000000770f00000)
  to   space 10752K, 0% used [0x0000000774e00000,0x0000000774e00000,0x0000000775880000)
 ParOldGen       total 172032K, used 4543K [0x00000006c5000000, 0x00000006cf800000, 0x000000076c580000)
  object space 172032K, 2% used [0x00000006c5000000,0x00000006c546fe48,0x00000006cf800000)
 Metaspace       used 15026K, capacity 15178K, committed 15360K, reserved 1062912K
  class space    used 1900K, capacity 1951K, committed 2048K, reserved 1048576K
Event: 0.905 GC heap after
Heap after GC invocations=2 (full 0):
 PSYoungGen      total 139776K, used 10736K [0x000000076c580000, 0x0000000775880000, 0x00000007c0000000)
  eden space 129024K, 0% used [0x000000076c580000,0x000000076c580000,0x0000000774380000)
  from space 10752K, 99% used [0x0000000774e00000,0x000000077587c190,0x0000000775880000)
  to   space 10752K, 0% used [0x0000000774380000,0x0000000774380000,0x0000000774e00000)
 ParOldGen       total 172032K, used 18593K [0x00000006c5000000, 0x00000006cf800000, 0x000000076c580000)
  object space 172032K, 10% used [0x00000006c5000000,0x00000006c62286c0,0x00000006cf800000)
 Metaspace       used 15026K, capacity 15178K, committed 15360K, reserved 1062912K
  class space    used 1900K, capacity 1951K, committed 2048K, reserved 1048576K
}
Event: 1.527 GC heap before
{Heap before GC invocations=3 (full 0):
 PSYoungGen      total 139776K, used 78022K [0x000000076c580000, 0x0000000775880000, 0x00000007c0000000)
  eden space 129024K, 52% used [0x000000076c580000,0x0000000770735a10,0x0000000774380000)
  from space 10752K, 99% used [0x0000000774e00000,0x000000077587c190,0x0000000775880000)
  to   space 10752K, 0% used [0x0000000774380000,0x0000000774380000,0x0000000774e00000)
 ParOldGen       total 172032K, used 18593K [0x00000006c5000000, 0x00000006cf800000, 0x000000076c580000)
  object space 172032K, 10% used [0x00000006c5000000,0x00000006c62286c0,0x00000006cf800000)
 Metaspace       used 20841K, capacity 21098K, committed 21248K, reserved 1067008K
  class space    used 2635K, capacity 2707K, committed 2816K, reserved 1048576K
Event: 1.537 GC heap after
Heap after GC invocations=3 (full 0):
 PSYoungGen      total 139776K, used 10738K [0x000000076c580000, 0x000000077d680000, 0x00000007c0000000)
  eden space 129024K, 0% used [0x000000076c580000,0x000000076c580000,0x0000000774380000)
  from space 10752K, 99% used [0x0000000774380000,0x0000000774dfc970,0x0000000774e00000)
  to   space 10752K, 0% used [0x000000077cc00000,0x000000077cc00000,0x000000077d680000)
 ParOldGen       total 172032K, used 25009K [0x00000006c5000000, 0x00000006cf800000, 0x000000076c580000)
  object space 172032K, 14% used [0x00000006c5000000,0x00000006c686c400,0x00000006cf800000)
 Metaspace       used 20841K, capacity 21098K, committed 21248K, reserved 1067008K
  class space    used 2635K, capacity 2707K, committed 2816K, reserved 1048576K
}
Event: 1.537 GC heap before
{Heap before GC invocations=4 (full 1):
 PSYoungGen      total 139776K, used 10738K [0x000000076c580000, 0x000000077d680000, 0x00000007c0000000)
  eden space 129024K, 0% used [0x000000076c580000,0x000000076c580000,0x0000000774380000)
  from space 10752K, 99% used [0x0000000774380000,0x0000000774dfc970,0x0000000774e00000)
  to   space 10752K, 0% used [0x000000077cc00000,0x000000077cc00000,0x000000077d680000)
 ParOldGen       total 172032K, used 25009K [0x00000006c5000000, 0x00000006cf800000, 0x000000076c580000)
  object space 172032K, 14% used [0x00000006c5000000,0x00000006c686c400,0x00000006cf800000)
 Metaspace       used 20841K, capacity 21098K, committed 21248K, reserved 1067008K
  class space    used 2635K, capacity 2707K, committed 2816K, reserved 1048576K
Event: 1.580 GC heap after
Heap after GC invocations=4 (full 1):
 PSYoungGen      total 139776K, used 0K [0x000000076c580000, 0x000000077d680000, 0x00000007c0000000)
  eden space 129024K, 0% used [0x000000076c580000,0x000000076c580000,0x0000000774380000)
  from space 10752K, 0% used [0x0000000774380000,0x0000000774380000,0x0000000774e00000)
  to   space 10752K, 0% used [0x000000077cc00000,0x000000077cc00000,0x000000077d680000)
 ParOldGen       total 142848K, used 21538K [0x00000006c5000000, 0x00000006cdb80000, 0x000000076c580000)
  object space 142848K, 15% used [0x00000006c5000000,0x00000006c6508af0,0x00000006cdb80000)
 Metaspace       used 20841K, capacity 21098K, committed 21248K, reserved 1067008K
  class space    used 2635K, capacity 2707K, committed 2816K, reserved 1048576K
}

Deoptimization events (10 events):
Event: 1.209 Thread 0x000001b422dd0000 Uncommon trap: reason=unstable_if action=reinterpret pc=0x000001b424f2172c method=java.util.HashMap.computeIfAbsent(Ljava/lang/Object;Ljava/util/function/Function;)Ljava/lang/Object; @ 44
Event: 1.226 Thread 0x000001b422dd0000 Uncommon trap: reason=unstable_if action=reinterpret pc=0x000001b424fb8dec method=sun.nio.cs.UTF_8$Decoder.decodeArrayLoop(Ljava/nio/ByteBuffer;Ljava/nio/CharBuffer;)Ljava/nio/charset/CoderResult; @ 84
Event: 1.303 Thread 0x000001b422dd0000 Uncommon trap: reason=unstable_if action=reinterpret pc=0x000001b424d0dc14 method=java.util.concurrent.ConcurrentHashMap.putVal(Ljava/lang/Object;Ljava/lang/Object;Z)Ljava/lang/Object; @ 181
Event: 1.348 Thread 0x000001b422dd0000 Uncommon trap: reason=bimorphic action=maybe_recompile pc=0x000001b4250bbd88 method=com.google.common.collect.AbstractIterator.tryToComputeNext()Z @ 9
Event: 1.348 Thread 0x000001b422dd0000 Uncommon trap: reason=bimorphic action=maybe_recompile pc=0x000001b4250bbd88 method=com.google.common.collect.AbstractIterator.tryToComputeNext()Z @ 9
Event: 1.348 Thread 0x000001b422dd0000 Uncommon trap: reason=bimorphic action=maybe_recompile pc=0x000001b4250bbd88 method=com.google.common.collect.AbstractIterator.tryToComputeNext()Z @ 9
Event: 1.348 Thread 0x000001b422dd0000 Uncommon trap: reason=bimorphic action=maybe_recompile pc=0x000001b4250bbd88 method=com.google.common.collect.AbstractIterator.tryToComputeNext()Z @ 9
Event: 1.352 Thread 0x000001b422dd0000 Uncommon trap: reason=unstable_if action=reinterpret pc=0x000001b425001d20 method=org.eclipse.xtext.nodemodel.impl.InternalNodeModelUtils.computeLineBreaks(Ljava/lang/String;)[I @ 37
Event: 1.354 Thread 0x000001b422dd0000 Uncommon trap: reason=unstable_if action=reinterpret pc=0x000001b4250e32c0 method=org.eclipse.emf.common.notify.impl.BasicNotifierImpl$EAdapterList.getAdapterForType(Ljava/lang/Object;)Lorg/eclipse/emf/common/notify/Adapter; @ 50
Event: 1.522 Thread 0x000001b422dd0000 Uncommon trap: reason=unstable_if action=reinterpret pc=0x000001b424ae3a14 method=java.io.WinNTFileSystem.normalize(Ljava/lang/String;)Ljava/lang/String; @ 49

Classes redefined (0 events):
No events

Internal exceptions (10 events):
Event: 1.421 Thread 0x000001b422dd0000 Exception <a 'java/io/FileNotFoundException'> (0x000000076f852ae0) thrown at [J:\jenkins\tmp\workspace\build\src\hotspot\src\share\vm\prims\jni.cpp, line 711]
Event: 1.428 Thread 0x000001b422dd0000 Exception <a 'java/io/FileNotFoundException'> (0x000000076f917898) thrown at [J:\jenkins\tmp\workspace\build\src\hotspot\src\share\vm\prims\jni.cpp, line 711]
Event: 1.435 Thread 0x000001b422dd0000 Exception <a 'java/io/FileNotFoundException'> (0x000000076fa2acf8) thrown at [J:\jenkins\tmp\workspace\build\src\hotspot\src\share\vm\prims\jni.cpp, line 711]
Event: 1.440 Thread 0x000001b422dd0000 Exception <a 'java/io/FileNotFoundException'> (0x000000076fa9fff0) thrown at [J:\jenkins\tmp\workspace\build\src\hotspot\src\share\vm\prims\jni.cpp, line 711]
Event: 1.702 Thread 0x000001b422dd0000 Exception <a 'java/security/PrivilegedActionException'> (0x000000076c6eac50) thrown at [J:\jenkins\tmp\workspace\build\src\hotspot\src\share\vm\prims\jvm.cpp, line 1523]
Event: 1.703 Thread 0x000001b422dd0000 Exception <a 'java/security/PrivilegedActionException'> (0x000000076c6ec180) thrown at [J:\jenkins\tmp\workspace\build\src\hotspot\src\share\vm\prims\jvm.cpp, line 1523]
Event: 1.703 Thread 0x000001b422dd0000 Exception <a 'java/security/PrivilegedActionException'> (0x000000076c6ed5b0) thrown at [J:\jenkins\tmp\workspace\build\src\hotspot\src\share\vm\prims\jvm.cpp, line 1523]
Event: 1.703 Thread 0x000001b422dd0000 Exception <a 'java/security/PrivilegedActionException'> (0x000000076c6eec70) thrown at [J:\jenkins\tmp\workspace\build\src\hotspot\src\share\vm\prims\jvm.cpp, line 1523]
Event: 1.703 Thread 0x000001b422dd0000 Exception <a 'java/security/PrivilegedActionException'> (0x000000076c6f0068) thrown at [J:\jenkins\tmp\workspace\build\src\hotspot\src\share\vm\prims\jvm.cpp, line 1523]
Event: 1.703 Thread 0x000001b422dd0000 Exception <a 'java/security/PrivilegedActionException'> (0x000000076c6f1430) thrown at [J:\jenkins\tmp\workspace\build\src\hotspot\src\share\vm\prims\jvm.cpp, line 1523]

Events (10 events):
Event: 1.718 loading class org/lwjgl/openal/ALCdevice
Event: 1.718 loading class org/lwjgl/openal/ALCdevice done
Event: 1.719 loading class org/lwjgl/openal/ALCcontext
Event: 1.719 loading class org/lwjgl/openal/ALCcontext done
Event: 1.719 loading class java/nio/DirectIntBufferU
Event: 1.719 loading class java/nio/DirectIntBufferU done
Event: 1.719 loading class org/lwjgl/openal/Util
Event: 1.719 loading class org/lwjgl/openal/Util done
Event: 1.720 loading class org/lwjgl/openal/OpenALException
Event: 1.720 loading class org/lwjgl/openal/OpenALException done


Dynamic libraries:
0x00007ff7ad760000 - 0x00007ff7ad79a000 	C:\Program Files\Eclipse Foundation\jdk-8.0.302.8-hotspot\bin\javaw.exe
0x00007ffa5f920000 - 0x00007ffa5fb27000 	C:\WINDOWS\SYSTEM32\ntdll.dll
0x00007ffa5ef70000 - 0x00007ffa5f02d000 	C:\WINDOWS\System32\KERNEL32.DLL
0x00007ffa5ce00000 - 0x00007ffa5d174000 	C:\WINDOWS\System32\KERNELBASE.dll
0x00007ffa5f270000 - 0x00007ffa5f31c000 	C:\WINDOWS\System32\ADVAPI32.dll
0x00007ffa5f7a0000 - 0x00007ffa5f843000 	C:\WINDOWS\System32\msvcrt.dll
0x00007ffa5dc00000 - 0x00007ffa5dc9d000 	C:\WINDOWS\System32\sechost.dll
0x00007ffa5f5e0000 - 0x00007ffa5f701000 	C:\WINDOWS\System32\RPCRT4.dll
0x00007ffa5e110000 - 0x00007ffa5e2bc000 	C:\WINDOWS\System32\USER32.dll
0x00007ffa5d6c0000 - 0x00007ffa5d6e6000 	C:\WINDOWS\System32\win32u.dll
0x00007ffa5f710000 - 0x00007ffa5f739000 	C:\WINDOWS\System32\GDI32.dll
0x00007ffa5d5a0000 - 0x00007ffa5d6b2000 	C:\WINDOWS\System32\gdi32full.dll
0x00007ffa5d320000 - 0x00007ffa5d3bd000 	C:\WINDOWS\System32\msvcp_win.dll
0x00007ffa5d200000 - 0x00007ffa5d311000 	C:\WINDOWS\System32\ucrtbase.dll
0x00007ffa441f0000 - 0x00007ffa44495000 	C:\WINDOWS\WinSxS\amd64_microsoft.windows.common-controls_6595b64144ccf1df_6.0.22000.120_none_9d947278b86cc467\COMCTL32.dll
0x00007ffa5f570000 - 0x00007ffa5f5a1000 	C:\WINDOWS\System32\IMM32.DLL
0x00007ffa05410000 - 0x00007ffa054ff000 	C:\Program Files\Eclipse Foundation\jdk-8.0.302.8-hotspot\jre\bin\msvcr120.dll
0x00007ffa44e00000 - 0x00007ffa44ea6000 	C:\Program Files\Eclipse Foundation\jdk-8.0.302.8-hotspot\jre\bin\msvcp120.dll
0x0000000052220000 - 0x0000000052a8b000 	C:\Program Files\Eclipse Foundation\jdk-8.0.302.8-hotspot\jre\bin\server\jvm.dll
0x00007ffa5f5b0000 - 0x00007ffa5f5b8000 	C:\WINDOWS\System32\PSAPI.DLL
0x00007ffa4c2b0000 - 0x00007ffa4c2b9000 	C:\WINDOWS\SYSTEM32\WSOCK32.dll
0x00007ffa503a0000 - 0x00007ffa503d3000 	C:\WINDOWS\SYSTEM32\WINMM.dll
0x00007ffa5f120000 - 0x00007ffa5f18f000 	C:\WINDOWS\System32\WS2_32.dll
0x00007ffa4e190000 - 0x00007ffa4e19a000 	C:\WINDOWS\SYSTEM32\VERSION.dll
0x00007ffa4ba30000 - 0x00007ffa4ba3f000 	C:\Program Files\Eclipse Foundation\jdk-8.0.302.8-hotspot\jre\bin\verify.dll
0x00007ffa36530000 - 0x00007ffa36559000 	C:\Program Files\Eclipse Foundation\jdk-8.0.302.8-hotspot\jre\bin\java.dll
0x00007ffa38350000 - 0x00007ffa38366000 	C:\Program Files\Eclipse Foundation\jdk-8.0.302.8-hotspot\jre\bin\zip.dll
0x00007ffa5e7c0000 - 0x00007ffa5ef69000 	C:\WINDOWS\System32\SHELL32.dll
0x00007ffa5afc0000 - 0x00007ffa5b822000 	C:\WINDOWS\SYSTEM32\windows.storage.dll
0x00007ffa5e440000 - 0x00007ffa5e7b8000 	C:\WINDOWS\System32\combase.dll
0x00007ffa5ae50000 - 0x00007ffa5afb6000 	C:\WINDOWS\SYSTEM32\wintypes.dll
0x00007ffa5f030000 - 0x00007ffa5f11a000 	C:\WINDOWS\System32\SHCORE.dll
0x00007ffa5dba0000 - 0x00007ffa5dbfd000 	C:\WINDOWS\System32\shlwapi.dll
0x00007ffa5cd30000 - 0x00007ffa5cd51000 	C:\WINDOWS\SYSTEM32\profapi.dll
0x0000000065580000 - 0x0000000065616000 	C:\Users\valen\AppData\Local\Temp\libgdxvalen\12dfaa03\gdx64.dll
0x00007ffa5c680000 - 0x00007ffa5c698000 	C:\WINDOWS\SYSTEM32\CRYPTSP.dll
0x00007ffa5bf80000 - 0x00007ffa5bfb5000 	C:\WINDOWS\system32\rsaenh.dll
0x00007ffa5c520000 - 0x00007ffa5c549000 	C:\WINDOWS\SYSTEM32\USERENV.dll
0x00007ffa5c7f0000 - 0x00007ffa5c817000 	C:\WINDOWS\SYSTEM32\bcrypt.dll
0x00007ffa5d180000 - 0x00007ffa5d200000 	C:\WINDOWS\System32\bcryptprimitives.dll
0x00007ffa5c670000 - 0x00007ffa5c67c000 	C:\WINDOWS\SYSTEM32\CRYPTBASE.dll
0x00007ffa36c00000 - 0x00007ffa36c1a000 	C:\Program Files\Eclipse Foundation\jdk-8.0.302.8-hotspot\jre\bin\net.dll
0x00007ffa5c430000 - 0x00007ffa5c497000 	C:\WINDOWS\system32\mswsock.dll
0x00007ffa5bb60000 - 0x00007ffa5bb8d000 	C:\WINDOWS\SYSTEM32\IPHLPAPI.DLL
0x00007ffa5d7b0000 - 0x00007ffa5d7b9000 	C:\WINDOWS\System32\NSI.dll
0x00007ffa506c0000 - 0x00007ffa506d9000 	C:\WINDOWS\SYSTEM32\dhcpcsvc6.DLL
0x00007ffa50b50000 - 0x00007ffa50b6e000 	C:\WINDOWS\SYSTEM32\dhcpcsvc.DLL
0x00007ffa5bbd0000 - 0x00007ffa5bcb7000 	C:\WINDOWS\SYSTEM32\DNSAPI.dll
0x00007ffa350f0000 - 0x00007ffa35102000 	C:\Program Files\Eclipse Foundation\jdk-8.0.302.8-hotspot\jre\bin\nio.dll
0x0000000180000000 - 0x0000000180053000 	C:\Users\valen\AppData\Local\Temp\libgdxvalen\dc0f0009\lwjgl64.dll
0x00007ffa1ff00000 - 0x00007ffa20001000 	C:\WINDOWS\SYSTEM32\OPENGL32.dll
0x00007ffa39f90000 - 0x00007ffa39fbd000 	C:\WINDOWS\SYSTEM32\GLU32.dll
0x00007ffa5a540000 - 0x00007ffa5a578000 	C:\WINDOWS\SYSTEM32\dxcore.dll
0x000001b443cb0000 - 0x000001b443d14000 	C:\Users\valen\AppData\Local\Temp\libgdxvalen\dc0f0009\OpenAL64.dll
0x00007ffa5d8e0000 - 0x00007ffa5da7a000 	C:\WINDOWS\System32\ole32.dll
0x00007ffa5c020000 - 0x00007ffa5c038000 	C:\WINDOWS\SYSTEM32\kernel.appcore.dll
0x00007ffa5a0d0000 - 0x00007ffa5a17c000 	C:\WINDOWS\system32\uxtheme.dll
0x00007ffa5dae0000 - 0x00007ffa5db8f000 	C:\WINDOWS\System32\clbcatq.dll
0x00007ffa1e0d0000 - 0x00007ffa1e172000 	C:\WINDOWS\SYSTEM32\dsound.dll
0x00007ffa4db20000 - 0x00007ffa4db49000 	C:\WINDOWS\SYSTEM32\winmmbase.dll
0x00007ffa5b840000 - 0x00007ffa5b88d000 	C:\WINDOWS\SYSTEM32\powrprof.dll
0x00007ffa04b40000 - 0x00007ffa04bf1000 	C:\WINDOWS\SYSTEM32\ResampleDmo.DLL
0x00007ffa5f190000 - 0x00007ffa5f266000 	C:\WINDOWS\System32\OLEAUT32.dll
0x00007ffa4bf80000 - 0x00007ffa4bf8b000 	C:\WINDOWS\SYSTEM32\msdmo.dll
0x00007ffa5b930000 - 0x00007ffa5b943000 	C:\WINDOWS\SYSTEM32\UMPDC.dll
0x00007ffa4e070000 - 0x00007ffa4e10c000 	C:\WINDOWS\System32\MMDevApi.dll
0x00007ffa5cad0000 - 0x00007ffa5cafc000 	C:\WINDOWS\System32\DEVOBJ.dll
0x00007ffa5cb00000 - 0x00007ffa5cb4c000 	C:\WINDOWS\SYSTEM32\cfgmgr32.dll
0x00007ffa4c620000 - 0x00007ffa4c7ef000 	C:\WINDOWS\SYSTEM32\AUDIOSES.DLL
0x00007ffa5a2e0000 - 0x00007ffa5a501000 	C:\WINDOWS\SYSTEM32\dbghelp.dll

VM Arguments:
jvm_args: -Duser.language=en_US -Dfile.encoding=UTF-8 
java_command: org.uqbar.project.wollok.launch.WollokLauncher -requestsPort 0 -eventsPort 0 -folder -dontValidate -wf src/juego.wpgm
java_class_path (initial): C:\Users\valen\Documents\PdeP\Objetos\2021-objetos-tp-integrador-insert-vmj-mat\bin;C:\Users\valen\Documents\PdeP\Wollok\wollok-win32.win32.x86_64 (1)\plugins\com.ibm.icu_64.2.0.v20190507-1337.jar;C:\Users\valen\Documents\PdeP\Wollok\wollok-win32.win32.x86_64 (1)\plugins\org.eclipse.xtext_2.20.0.v20191202-0915.jar;C:\Users\valen\Documents\PdeP\Wollok\wollok-win32.win32.x86_64 (1)\plugins\org.eclipse.emf.ecore.xmi_2.16.0.v20190528-0725.jar;C:\Users\valen\Documents\PdeP\Wollok\wollok-win32.win32.x86_64 (1)\plugins\org.eclipse.emf.ecore_2.20.0.v20190920-0401.jar;C:\Users\valen\Documents\PdeP\Wollok\wollok-win32.win32.x86_64 (1)\plugins\org.eclipse.emf.common_2.17.0.v20190920-0401.jar;C:\Users\valen\Documents\PdeP\Wollok\wollok-win32.win32.x86_64 (1)\plugins\org.antlr.runtime_3.2.0.v201101311130.jar;C:\Users\valen\Documents\PdeP\Wollok\wollok-win32.win32.x86_64 (1)\plugins\com.google.inject_3.0.0.v201605172100.jar;C:\Users\valen\Documents\PdeP\Wollok\wollok-win32.win32.x86_64 (1)\plugins\org.eclipse.emf.mwe.core_1.5.1.v20191121-1148.jar;C:\Users\valen\Documents\PdeP\Wollok\wollok-win32.win32.x86_64 (1)\plugins\org.apache.commons.cli_1.2.0.v201404270220.jar;C:\Users\valen\Documents\PdeP\Wollok\wollok-win32.win32.x86_64 (1)\plugins\org.eclipse.emf.mwe2.runtime_2.11.1.v20191121-1148.jar;C:\Users\valen\Documents\PdeP\Wollok\wollok-win32.win32.x86_64 (1)\plugins\org.eclipse.emf.mwe.utils_1.5.1.v20191121-1148.jar;C:\Users\valen\Documents\PdeP\Wollok\wollok-win32.win32.x86_64 (1)\plugins\org.eclipse.xtext.util_2.20.0.v20191202-0915.jar;C:\Users\valen\Documents\PdeP\Wollok\wollok-win32.win32.x86_64 (1)\plugins\com.google.guava_27.1.0.v20190517-1946.jar;C:\Users\valen\Documents\PdeP\Wollok\wollok-win32.win32.x86_64 (1)\plugins\javax.inject_1.0.0.v20091030.jar;C:\Users\valen\Documents\PdeP\Wollok\wollok-win32.win32.x86_64 (1)\plugins\org.eclipse.xtext.generator_2.20.0.v20191202-0933.jar;C:\Users\valen\Documents\PdeP\Wollok\wollok-win32.win32.x86_64 (1
Launcher Type: SUN_STANDARD

Environment Variables:
PATH=C:/Program Files/Eclipse Foundation/jdk-8.0.302.8-hotspot/bin/../jre/bin/server;C:/Program Files/Eclipse Foundation/jdk-8.0.302.8-hotspot/bin/../jre/bin;C:/Program Files/Eclipse Foundation/jdk-8.0.302.8-hotspot/bin/../jre/lib/amd64;C:\Program Files\Eclipse Foundation\jdk-8.0.302.8-hotspot\bin;C:\Users\valen\AppData\Local\Programs\Python\Python39\Scripts\;C:\Users\valen\AppData\Local\Programs\Python\Python39\;C:\Program Files (x86)\Common Files\Oracle\Java\javapath;C:\WINDOWS\system32;C:\WINDOWS;C:\WINDOWS\System32\Wbem;C:\WINDOWS\System32\WindowsPowerShell\v1.0\;C:\WINDOWS\System32\OpenSSH\;C:\MinGW\bin;C:\GnuWin32\bin;C:\Program Files\Git\cmd;C:\Program Files\Git\bin;C:\Program Files\swipl\bin;C:\HashiCorp\Vagrant\bin;C:\ProgramData\chocolatey\bin;C:\Users\valen\AppData\Roaming\local\bin;C:\Users\valen\AppData\Local\Microsoft\WindowsApps;C:\Users\valen\AppData\Local\Programs\Microsoft VS Code\bin;;C:\Users\valen\Documents\PdeP\Wollok\wollok-win32.win32.x86_64 (1);
USERNAME=valen
OS=Windows_NT
PROCESSOR_IDENTIFIER=Intel64 Family 6 Model 140 Stepping 1, GenuineIntel



---------------  S Y S T E M  ---------------

OS: Windows 10.0 , 64 bit Build 22000 (10.0.22000.120)

CPU:total 8 (initial active 8) (4 cores per cpu, 2 threads per core) family 6 model 140 stepping 1, cmov, cx8, fxsr, mmx, sse, sse2, sse3, ssse3, sse4.1, sse4.2, popcnt, avx, avx2, aes, clmul, erms, 3dnowpref, lzcnt, ht, tsc, tscinvbit, bmi1, bmi2, adx

Memory: 4k page, physical 16448632k(6097708k free), swap 18552576k(2782872k free)

vm_info: OpenJDK 64-Bit Server VM (25.302-b08) for windows-amd64 JRE (1.8.0_302-b08), built on Jul 20 2021 21:31:03 by "jenkins" with MS VC++ 12.0 (VS2013)

time: Fri Oct 22 00:20:07 2021
timezone: Argentina Standard Time
elapsed time: 1.739219 seconds (0d 0h 0m 1s)

