#
# A fatal error has been detected by the Java Runtime Environment:
#
#  EXCEPTION_ACCESS_VIOLATION (0xc0000005) at pc=0x00007ffceb31fa4b, pid=10100, tid=0x00000000000062a8
#
# JRE version: OpenJDK Runtime Environment (8.0_302-b08) (build 1.8.0_302-b08)
# Java VM: OpenJDK 64-Bit Server VM (25.302-b08 mixed mode windows-amd64 compressed oops)
# Problematic frame:
# C  [igxelpicd64.dll+0x26fa4b]
#
# Failed to write core dump. Minidumps are not enabled by default on client versions of Windows
#
# If you would like to submit a bug report, please visit:
#   https://github.com/adoptium/adoptium-support/issues
#

---------------  T H R E A D  ---------------

Current thread (0x000001da9993b000):  VMThread [stack: 0x0000007cafa00000,0x0000007cafb00000] [id=25256]

siginfo: ExceptionCode=0xc0000005, reading address 0x00000000000353c8

Registers:
RAX=0x000001da9ef2d800, RBX=0x000001da9ef2dc48, RCX=0x0000000000000000, RDX=0x0000000000000000
RSP=0x0000007cafafe3b0, RBP=0x0000007cafafe4b0, RSI=0x0000000000000000, RDI=0x000001da9cad5a00
R8 =0x000001da9ef2d800, R9 =0x0000000000000000, R10=0x0000000000000000, R11=0x0000000000000246
R12=0x000001da9ef2d730, R13=0x0000000000000000, R14=0x000001da9ef2d730, R15=0x0000000000000000
RIP=0x00007ffceb31fa4b, EFLAGS=0x0000000000010206

Top of Stack: (sp=0x0000007cafafe3b0)
0x0000007cafafe3b0:   000001da9cc81f20 0000000000000000
0x0000007cafafe3c0:   0000000000000000 0000000000000000
0x0000007cafafe3d0:   0000001600000000 0000000000000000
0x0000007cafafe3e0:   000001da9ea74ac0 000001da9e90e140
0x0000007cafafe3f0:   0000000000000000 0000000000000028
0x0000007cafafe400:   000001da9cc81f20 000000000000000a
0x0000007cafafe410:   0000000000000000 00007ffceb102e3c
0x0000007cafafe420:   000001da9eab4dc0 000000000000000a
0x0000007cafafe430:   000001da9eab4dc0 0000000000000018
0x0000007cafafe440:   000001da00000000 000001da9eab0eb0
0x0000007cafafe450:   0000000000000000 000001daa4b40000
0x0000007cafafe460:   000001da9ea74ac0 000001daa4b203c0
0x0000007cafafe470:   0000800400192000 00000000741e3850
0x0000007cafafe480:   0000000000000000 00000000741e865f
0x0000007cafafe490:   000001dafee22920 000001da9eab53c0
0x0000007cafafe4a0:   000001da00000000 000001dafee93070 

Instructions: (pc=0x00007ffceb31fa4b)
0x00007ffceb31fa2b:   00 83 f9 10 0f 83 c2 07 00 00 8b c1 48 c1 e0 06
0x00007ffceb31fa3b:   49 03 c0 48 85 c0 0f 84 1f 08 00 00 48 8b 50 08
0x00007ffceb31fa4b:   48 3b 96 c8 53 03 00 0f 87 9d 0e 00 00 49 83 be
0x00007ffceb31fa5b:   70 05 00 00 00 0f 85 c6 67 6e 00 44 8b 8f d0 01 


Register to memory mapping:

RAX=0x000001da9ef2d800 is an unknown value
RBX=0x000001da9ef2dc48 is an unknown value
RCX=0x0000000000000000 is an unknown value
RDX=0x0000000000000000 is an unknown value
RSP=0x0000007cafafe3b0 is an unknown value
RBP=0x0000007cafafe4b0 is an unknown value
RSI=0x0000000000000000 is an unknown value
RDI=0x000001da9cad5a00 is an unknown value
R8 =0x000001da9ef2d800 is an unknown value
R9 =0x0000000000000000 is an unknown value
R10=0x0000000000000000 is an unknown value
R11=0x0000000000000246 is an unknown value
R12=0x000001da9ef2d730 is an unknown value
R13=0x0000000000000000 is an unknown value
R14=0x000001da9ef2d730 is an unknown value
R15=0x0000000000000000 is an unknown value


Stack: [0x0000007cafa00000,0x0000007cafb00000],  sp=0x0000007cafafe3b0,  free space=1016k
Native frames: (J=compiled Java code, j=interpreted, Vv=VM code, C=native code)
C  [igxelpicd64.dll+0x26fa4b]
C  [igxelpicd64.dll+0x24d8ab]
C  [igxelpicd64.dll+0x26e520]
C  [igxelpicd64.dll+0x16a567]
C  [igxelpicd64.dll+0x2a057d]
C  [igxelpicd64.dll+0x970a6c]
C  [igxelpicd64.dll+0x29b1ed]
C  [igxelpicd64.dll+0x29b024]
C  [igxelpicd64.dll+0x746d5b]
C  [ntdll.dll+0x3fc37]
C  [ntdll.dll+0x541b0]
C  [ntdll.dll+0x5401d]
C  [KERNEL32.DLL+0x1c66b]
C  [msvcr120.dll+0x229a7]
V  [jvm.dll+0x1e16c5]
V  [jvm.dll+0x21c4f7]
V  [jvm.dll+0x21abca]
V  [jvm.dll+0x21b2df]
V  [jvm.dll+0x21b73d]
V  [jvm.dll+0x26706a]
C  [msvcr120.dll+0x24f7f]
C  [msvcr120.dll+0x25126]
C  [KERNEL32.DLL+0x154e0]
C  [ntdll.dll+0x485b]

VM_Operation (0x0000007caf1fee30): Exit, mode: safepoint, requested by thread 0x000001dafee40800


---------------  P R O C E S S  ---------------

Java Threads: ( => current thread )
  0x000001da9df00800 JavaThread "LWJGL Timer" daemon [_thread_blocked, id=19576, stack(0x0000007cb0f00000,0x0000007cb1000000)]
  0x000001da9c50e000 JavaThread "com.google.inject.internal.util.$Finalizer" daemon [_thread_blocked, id=13660, stack(0x0000007cb0600000,0x0000007cb0700000)]
  0x000001da9c460000 JavaThread "EMF Reference Cleaner" daemon [_thread_blocked, id=7676, stack(0x0000007cb0500000,0x0000007cb0600000)]
  0x000001da9b838800 JavaThread "Service Thread" daemon [_thread_blocked, id=12184, stack(0x0000007cb0300000,0x0000007cb0400000)]
  0x000001da999ae000 JavaThread "C1 CompilerThread3" daemon [_thread_blocked, id=8160, stack(0x0000007cb0200000,0x0000007cb0300000)]
  0x000001da9999f800 JavaThread "C2 CompilerThread2" daemon [_thread_blocked, id=25364, stack(0x0000007cb0100000,0x0000007cb0200000)]
  0x000001da9999f000 JavaThread "C2 CompilerThread1" daemon [_thread_blocked, id=12296, stack(0x0000007cb0000000,0x0000007cb0100000)]
  0x000001da999a2000 JavaThread "C2 CompilerThread0" daemon [_thread_blocked, id=8712, stack(0x0000007caff00000,0x0000007cb0000000)]
  0x000001da99996800 JavaThread "Attach Listener" daemon [_thread_blocked, id=11044, stack(0x0000007cafe00000,0x0000007caff00000)]
  0x000001da99995800 JavaThread "Signal Dispatcher" daemon [_thread_blocked, id=1132, stack(0x0000007cafd00000,0x0000007cafe00000)]
  0x000001da9996c800 JavaThread "Finalizer" daemon [_thread_blocked, id=22384, stack(0x0000007cafc00000,0x0000007cafd00000)]
  0x000001da99965800 JavaThread "Reference Handler" daemon [_thread_blocked, id=25372, stack(0x0000007cafb00000,0x0000007cafc00000)]
  0x000001dafee40800 JavaThread "main" [_thread_blocked, id=25332, stack(0x0000007caf100000,0x0000007caf200000)]

Other Threads:
=>0x000001da9993b000 VMThread [stack: 0x0000007cafa00000,0x0000007cafb00000] [id=25256]

VM state:at safepoint (shutting down)

VM Mutex/Monitor currently owned by a thread:  ([mutex/lock_event])
[0x000001dafee3df40] Threads_lock - owner thread: 0x000001da9993b000

heap address: 0x00000006c5000000, size: 4016 MB, Compressed Oops mode: Zero based, Oop shift amount: 3
Narrow klass base: 0x0000000000000000, Narrow klass shift: 3
Compressed class space size: 1073741824 Address: 0x00000007c0000000

Heap:
 PSYoungGen      total 251392K, used 117633K [0x000000076c580000, 0x0000000780a00000, 0x00000007c0000000)
  eden space 222208K, 52% used [0x000000076c580000,0x00000007736ccde0,0x0000000779e80000)
  from space 29184K, 5% used [0x000000077bc00000,0x000000077bd938a0,0x000000077d880000)
  to   space 30208K, 0% used [0x0000000779e80000,0x0000000779e80000,0x000000077bc00000)
 ParOldGen       total 141312K, used 22050K [0x00000006c5000000, 0x00000006cda00000, 0x000000076c580000)
  object space 141312K, 15% used [0x00000006c5000000,0x00000006c6588920,0x00000006cda00000)
 Metaspace       used 24346K, capacity 24775K, committed 25088K, reserved 1071104K
  class space    used 2877K, capacity 2994K, committed 3072K, reserved 1048576K

Card table byte_map: [0x000001daff820000,0x000001db00000000] byte_map_base: 0x000001dafc1f8000

Marking Bits: (ParMarkBitMap*) 0x00000000743fc820
 Begin Bits: [0x000001da90950000, 0x000001da94810000)
 End Bits:   [0x000001da94810000, 0x000001da986d0000)

Polling page: 0x000001daff080000

CodeCache: size=245760Kb used=17637Kb max_used=17736Kb free=228122Kb
 bounds [0x000001da81410000, 0x000001da82590000, 0x000001da90410000]
 total_blobs=5561 nmethods=4970 adapters=501
 compilation: enabled

Compilation events (10 events):
Event: 9.093 Thread 0x000001da9999f000 5046       4       java.lang.reflect.AccessibleObject::isAnnotationPresent (6 bytes)
Event: 9.096 Thread 0x000001da9999f000 nmethod 5046 0x000001da81544b90 code [0x000001da81544d20, 0x000001da81545258]
Event: 9.097 Thread 0x000001da999ae000 5047       3       org.uqbar.project.wollok.model.WMethodContainerExtensions::matches (151 bytes)
Event: 9.098 Thread 0x000001da999ae000 nmethod 5047 0x000001da82564e10 code [0x000001da825652a0, 0x000001da82567ab0]
Event: 9.101 Thread 0x000001da999ae000 5048       3       org.uqbar.project.wollok.wollokDsl.impl.WClassImpl::eIsSet (135 bytes)
Event: 9.101 Thread 0x000001da999ae000 nmethod 5048 0x000001da815603d0 code [0x000001da81560580, 0x000001da81560af0]
Event: 9.129 Thread 0x000001da999ae000 5049       3       java.nio.ByteBuffer::array (35 bytes)
Event: 9.129 Thread 0x000001da999a2000 5050       4       java.nio.Buffer::clear (20 bytes)
Event: 9.129 Thread 0x000001da999ae000 nmethod 5049 0x000001da81527d50 code [0x000001da81527ee0, 0x000001da81528200]
Event: 9.129 Thread 0x000001da999a2000 nmethod 5050 0x000001da8242ccd0 code [0x000001da8242ce00, 0x000001da8242ce78]

GC Heap History (10 events):
Event: 1.406 GC heap before
{Heap before GC invocations=3 (full 0):
 PSYoungGen      total 139776K, used 80809K [0x000000076c580000, 0x0000000775880000, 0x00000007c0000000)
  eden space 129024K, 54% used [0x000000076c580000,0x00000007709ee2b8,0x0000000774380000)
  from space 10752K, 99% used [0x0000000774e00000,0x000000077587c190,0x0000000775880000)
  to   space 10752K, 0% used [0x0000000774380000,0x0000000774380000,0x0000000774e00000)
 ParOldGen       total 172032K, used 18534K [0x00000006c5000000, 0x00000006cf800000, 0x000000076c580000)
  object space 172032K, 10% used [0x00000006c5000000,0x00000006c6219b78,0x00000006cf800000)
 Metaspace       used 20870K, capacity 21122K, committed 21248K, reserved 1067008K
  class space    used 2633K, capacity 2711K, committed 2816K, reserved 1048576K
Event: 1.415 GC heap after
Heap after GC invocations=3 (full 0):
 PSYoungGen      total 139776K, used 10732K [0x000000076c580000, 0x000000077d680000, 0x00000007c0000000)
  eden space 129024K, 0% used [0x000000076c580000,0x000000076c580000,0x0000000774380000)
  from space 10752K, 99% used [0x0000000774380000,0x0000000774dfb3e0,0x0000000774e00000)
  to   space 10752K, 0% used [0x000000077cc00000,0x000000077cc00000,0x000000077d680000)
 ParOldGen       total 172032K, used 24879K [0x00000006c5000000, 0x00000006cf800000, 0x000000076c580000)
  object space 172032K, 14% used [0x00000006c5000000,0x00000006c684bd90,0x00000006cf800000)
 Metaspace       used 20870K, capacity 21122K, committed 21248K, reserved 1067008K
  class space    used 2633K, capacity 2711K, committed 2816K, reserved 1048576K
}
Event: 1.415 GC heap before
{Heap before GC invocations=4 (full 1):
 PSYoungGen      total 139776K, used 10732K [0x000000076c580000, 0x000000077d680000, 0x00000007c0000000)
  eden space 129024K, 0% used [0x000000076c580000,0x000000076c580000,0x0000000774380000)
  from space 10752K, 99% used [0x0000000774380000,0x0000000774dfb3e0,0x0000000774e00000)
  to   space 10752K, 0% used [0x000000077cc00000,0x000000077cc00000,0x000000077d680000)
 ParOldGen       total 172032K, used 24879K [0x00000006c5000000, 0x00000006cf800000, 0x000000076c580000)
  object space 172032K, 14% used [0x00000006c5000000,0x00000006c684bd90,0x00000006cf800000)
 Metaspace       used 20870K, capacity 21122K, committed 21248K, reserved 1067008K
  class space    used 2633K, capacity 2711K, committed 2816K, reserved 1048576K
Event: 1.452 GC heap after
Heap after GC invocations=4 (full 1):
 PSYoungGen      total 139776K, used 0K [0x000000076c580000, 0x000000077d680000, 0x00000007c0000000)
  eden space 129024K, 0% used [0x000000076c580000,0x000000076c580000,0x0000000774380000)
  from space 10752K, 0% used [0x0000000774380000,0x0000000774380000,0x0000000774e00000)
  to   space 10752K, 0% used [0x000000077cc00000,0x000000077cc00000,0x000000077d680000)
 ParOldGen       total 141312K, used 22026K [0x00000006c5000000, 0x00000006cda00000, 0x000000076c580000)
  object space 141312K, 15% used [0x00000006c5000000,0x00000006c6582920,0x00000006cda00000)
 Metaspace       used 20870K, capacity 21122K, committed 21248K, reserved 1067008K
  class space    used 2633K, capacity 2711K, committed 2816K, reserved 1048576K
}
Event: 3.207 GC heap before
{Heap before GC invocations=5 (full 1):
 PSYoungGen      total 139776K, used 129024K [0x000000076c580000, 0x000000077d680000, 0x00000007c0000000)
  eden space 129024K, 100% used [0x000000076c580000,0x0000000774380000,0x0000000774380000)
  from space 10752K, 0% used [0x0000000774380000,0x0000000774380000,0x0000000774e00000)
  to   space 10752K, 0% used [0x000000077cc00000,0x000000077cc00000,0x000000077d680000)
 ParOldGen       total 141312K, used 22026K [0x00000006c5000000, 0x00000006cda00000, 0x000000076c580000)
  object space 141312K, 15% used [0x00000006c5000000,0x00000006c6582920,0x00000006cda00000)
 Metaspace       used 23894K, capacity 24235K, committed 24576K, reserved 1071104K
  class space    used 2849K, capacity 2968K, committed 3072K, reserved 1048576K
Event: 3.211 GC heap after
Heap after GC invocations=5 (full 1):
 PSYoungGen      total 175616K, used 2916K [0x000000076c580000, 0x000000077cf00000, 0x00000007c0000000)
  eden space 172544K, 0% used [0x000000076c580000,0x000000076c580000,0x0000000776e00000)
  from space 3072K, 94% used [0x000000077cc00000,0x000000077ced9210,0x000000077cf00000)
  to   space 10752K, 0% used [0x000000077ba00000,0x000000077ba00000,0x000000077c480000)
 ParOldGen       total 141312K, used 22034K [0x00000006c5000000, 0x00000006cda00000, 0x000000076c580000)
  object space 141312K, 15% used [0x00000006c5000000,0x00000006c6584920,0x00000006cda00000)
 Metaspace       used 23894K, capacity 24235K, committed 24576K, reserved 1071104K
  class space    used 2849K, capacity 2968K, committed 3072K, reserved 1048576K
}
Event: 4.843 GC heap before
{Heap before GC invocations=6 (full 1):
 PSYoungGen      total 175616K, used 175460K [0x000000076c580000, 0x000000077cf00000, 0x00000007c0000000)
  eden space 172544K, 100% used [0x000000076c580000,0x0000000776e00000,0x0000000776e00000)
  from space 3072K, 94% used [0x000000077cc00000,0x000000077ced9210,0x000000077cf00000)
  to   space 10752K, 0% used [0x000000077ba00000,0x000000077ba00000,0x000000077c480000)
 ParOldGen       total 141312K, used 22034K [0x00000006c5000000, 0x00000006cda00000, 0x000000076c580000)
  object space 141312K, 15% used [0x00000006c5000000,0x00000006c6584920,0x00000006cda00000)
 Metaspace       used 24182K, capacity 24553K, committed 24832K, reserved 1071104K
  class space    used 2865K, capacity 2989K, committed 3072K, reserved 1048576K
Event: 4.845 GC heap after
Heap after GC invocations=6 (full 1):
 PSYoungGen      total 223232K, used 1614K [0x000000076c580000, 0x000000077d880000, 0x00000007c0000000)
  eden space 221184K, 0% used [0x000000076c580000,0x000000076c580000,0x0000000779d80000)
  from space 2048K, 78% used [0x000000077ba00000,0x000000077bb938a0,0x000000077bc00000)
  to   space 29184K, 0% used [0x000000077bc00000,0x000000077bc00000,0x000000077d880000)
 ParOldGen       total 141312K, used 22042K [0x00000006c5000000, 0x00000006cda00000, 0x000000076c580000)
  object space 141312K, 15% used [0x00000006c5000000,0x00000006c6586920,0x00000006cda00000)
 Metaspace       used 24182K, capacity 24553K, committed 24832K, reserved 1071104K
  class space    used 2865K, capacity 2989K, committed 3072K, reserved 1048576K
}
Event: 7.543 GC heap before
{Heap before GC invocations=7 (full 1):
 PSYoungGen      total 223232K, used 222798K [0x000000076c580000, 0x000000077d880000, 0x00000007c0000000)
  eden space 221184K, 100% used [0x000000076c580000,0x0000000779d80000,0x0000000779d80000)
  from space 2048K, 78% used [0x000000077ba00000,0x000000077bb938a0,0x000000077bc00000)
  to   space 29184K, 0% used [0x000000077bc00000,0x000000077bc00000,0x000000077d880000)
 ParOldGen       total 141312K, used 22042K [0x00000006c5000000, 0x00000006cda00000, 0x000000076c580000)
  object space 141312K, 15% used [0x00000006c5000000,0x00000006c6586920,0x00000006cda00000)
 Metaspace       used 24272K, capacity 24699K, committed 24832K, reserved 1071104K
  class space    used 2868K, capacity 2992K, committed 3072K, reserved 1048576K
Event: 7.544 GC heap after
Heap after GC invocations=7 (full 1):
 PSYoungGen      total 251392K, used 1614K [0x000000076c580000, 0x0000000780a00000, 0x00000007c0000000)
  eden space 222208K, 0% used [0x000000076c580000,0x000000076c580000,0x0000000779e80000)
  from space 29184K, 5% used [0x000000077bc00000,0x000000077bd938a0,0x000000077d880000)
  to   space 30208K, 0% used [0x0000000779e80000,0x0000000779e80000,0x000000077bc00000)
 ParOldGen       total 141312K, used 22050K [0x00000006c5000000, 0x00000006cda00000, 0x000000076c580000)
  object space 141312K, 15% used [0x00000006c5000000,0x00000006c6588920,0x00000006cda00000)
 Metaspace       used 24272K, capacity 24699K, committed 24832K, reserved 1071104K
  class space    used 2868K, capacity 2992K, committed 3072K, reserved 1048576K
}

Deoptimization events (10 events):
Event: 7.545 Thread 0x000001da9c460000 Uncommon trap: reason=unstable_if action=reinterpret pc=0x000001da820e8cf4 method=java.util.concurrent.locks.AbstractQueuedSynchronizer.acquire(I)V @ 5
Event: 9.091 Thread 0x000001da9eb20800 Uncommon trap: reason=unstable_if action=reinterpret pc=0x000001da823cd0dc method=org.uqbar.project.wollok.interpreter.core.WollokObject.call(Ljava/lang/String;[Lorg/uqbar/project/wollok/interpreter/core/WollokObject;)Lorg/uqbar/project/wollok/interpreter
Event: 9.097 Thread 0x000001da9eb20800 Uncommon trap: reason=unstable_if action=reinterpret pc=0x000001da81f9061c method=org.uqbar.project.wollok.model.WMethodContainerExtensions.matches(Lorg/uqbar/project/wollok/wollokDsl/WMethodDeclaration;Ljava/lang/String;IZ)Z @ 7
Event: 9.097 Thread 0x000001da9eb20800 Uncommon trap: reason=unstable_if action=reinterpret pc=0x000001da82571180 method=org.uqbar.project.wollok.launch.WollokLauncherInterpreterEvaluator.evaluate(Lorg/eclipse/emf/ecore/EObject;)Lorg/uqbar/project/wollok/interpreter/core/WollokObject; @ 260
Event: 9.099 Thread 0x000001da9eb20800 Uncommon trap: reason=class_check action=maybe_recompile pc=0x000001da824ed898 method=java.util.Collections.reverse(Ljava/util/List;)V @ 1
Event: 9.099 Thread 0x000001da9eb20800 Uncommon trap: reason=unstable_if action=reinterpret pc=0x000001da8154b9b0 method=org.uqbar.project.wollok.wollokDsl.impl.WClassImpl.eIsSet(I)Z @ 88
Event: 9.102 Thread 0x000001da9eb20800 Uncommon trap: reason=class_check action=maybe_recompile pc=0x000001da8241819c method=org.uqbar.project.wollok.interpreter.WollokInterpreter.eval(Lorg/eclipse/emf/ecore/EObject;)Lorg/uqbar/project/wollok/interpreter/core/WollokObject; @ 79
Event: 9.102 Thread 0x000001da9eb20800 Uncommon trap: reason=class_check action=maybe_recompile pc=0x000001da8241819c method=org.uqbar.project.wollok.interpreter.WollokInterpreter.eval(Lorg/eclipse/emf/ecore/EObject;)Lorg/uqbar/project/wollok/interpreter/core/WollokObject; @ 79
Event: 9.102 Thread 0x000001da9eb20800 Uncommon trap: reason=class_check action=maybe_recompile pc=0x000001da825442ec method=org.uqbar.project.wollok.interpreter.threads.WThread.performOnStack(Lorg/eclipse/emf/ecore/EObject;Lorg/uqbar/project/wollok/interpreter/context/EvaluationContext;Lorg/e
Event: 9.128 Thread 0x000001da9eb20800 Uncommon trap: reason=unstable_if action=reinterpret pc=0x000001da8224ba84 method=java.util.HashMap$HashIterator.<init>(Ljava/util/HashMap;)V @ 45

Classes redefined (0 events):
No events

Internal exceptions (10 events):
Event: 1.299 Thread 0x000001dafee40800 Exception <a 'java/io/FileNotFoundException'> (0x000000076fa86f40) thrown at [J:\jenkins\tmp\workspace\build\src\hotspot\src\share\vm\prims\jni.cpp, line 711]
Event: 1.308 Thread 0x000001dafee40800 Exception <a 'java/io/FileNotFoundException'> (0x000000076fbef148) thrown at [J:\jenkins\tmp\workspace\build\src\hotspot\src\share\vm\prims\jni.cpp, line 711]
Event: 1.314 Thread 0x000001dafee40800 Exception <a 'java/io/FileNotFoundException'> (0x000000076fc9edd0) thrown at [J:\jenkins\tmp\workspace\build\src\hotspot\src\share\vm\prims\jni.cpp, line 711]
Event: 1.578 Thread 0x000001dafee40800 Exception <a 'java/security/PrivilegedActionException'> (0x000000076c746a00) thrown at [J:\jenkins\tmp\workspace\build\src\hotspot\src\share\vm\prims\jvm.cpp, line 1523]
Event: 1.578 Thread 0x000001dafee40800 Exception <a 'java/security/PrivilegedActionException'> (0x000000076c747f30) thrown at [J:\jenkins\tmp\workspace\build\src\hotspot\src\share\vm\prims\jvm.cpp, line 1523]
Event: 1.578 Thread 0x000001dafee40800 Exception <a 'java/security/PrivilegedActionException'> (0x000000076c749360) thrown at [J:\jenkins\tmp\workspace\build\src\hotspot\src\share\vm\prims\jvm.cpp, line 1523]
Event: 1.578 Thread 0x000001dafee40800 Exception <a 'java/security/PrivilegedActionException'> (0x000000076c74aa20) thrown at [J:\jenkins\tmp\workspace\build\src\hotspot\src\share\vm\prims\jvm.cpp, line 1523]
Event: 1.578 Thread 0x000001dafee40800 Exception <a 'java/security/PrivilegedActionException'> (0x000000076c74be18) thrown at [J:\jenkins\tmp\workspace\build\src\hotspot\src\share\vm\prims\jvm.cpp, line 1523]
Event: 1.578 Thread 0x000001dafee40800 Exception <a 'java/security/PrivilegedActionException'> (0x000000076c74d1e0) thrown at [J:\jenkins\tmp\workspace\build\src\hotspot\src\share\vm\prims\jvm.cpp, line 1523]
Event: 4.712 Thread 0x000001da9eb20800 Implicit null exception at 0x000001da8229717e to 0x000001da82297469

Events (10 events):
Event: 9.129 Thread 0x000001da9eb20800 Thread exited: 0x000001da9eb20800
Event: 9.129 loading class org/uqbar/project/wollok/interpreter/WollokInterpreter$3
Event: 9.129 loading class org/uqbar/project/wollok/interpreter/WollokInterpreter$3 done
Event: 9.130 loading class java/util/IdentityHashMap$KeyIterator
Event: 9.130 loading class java/util/IdentityHashMap$KeyIterator done
Event: 9.130 Thread 0x000001da9eb20800 Thread added: 0x000001da9eb20800
Event: 9.130 Thread 0x000001da9f122800 Thread added: 0x000001da9f122800
Event: 9.130 Thread 0x000001da9eb20800 Thread exited: 0x000001da9eb20800
Event: 9.143 Thread 0x000001da9f122800 Thread exited: 0x000001da9f122800
Event: 9.143 Executing VM operation: Exit


Dynamic libraries:
0x00007ff6046b0000 - 0x00007ff6046ea000 	C:\Program Files\Eclipse Foundation\jdk-8.0.302.8-hotspot\bin\javaw.exe
0x00007ffd86ec0000 - 0x00007ffd870c7000 	C:\WINDOWS\SYSTEM32\ntdll.dll
0x00007ffd85ac0000 - 0x00007ffd85b7d000 	C:\WINDOWS\System32\KERNEL32.DLL
0x00007ffd849d0000 - 0x00007ffd84d44000 	C:\WINDOWS\System32\KERNELBASE.dll
0x00007ffd853d0000 - 0x00007ffd8547c000 	C:\WINDOWS\System32\ADVAPI32.dll
0x00007ffd86dd0000 - 0x00007ffd86e73000 	C:\WINDOWS\System32\msvcrt.dll
0x00007ffd857b0000 - 0x00007ffd8584d000 	C:\WINDOWS\System32\sechost.dll
0x00007ffd86ca0000 - 0x00007ffd86dc1000 	C:\WINDOWS\System32\RPCRT4.dll
0x00007ffd858b0000 - 0x00007ffd85a5c000 	C:\WINDOWS\System32\USER32.dll
0x00007ffd84580000 - 0x00007ffd845a6000 	C:\WINDOWS\System32\win32u.dll
0x00007ffd86980000 - 0x00007ffd869a9000 	C:\WINDOWS\System32\GDI32.dll
0x00007ffd84750000 - 0x00007ffd84862000 	C:\WINDOWS\System32\gdi32full.dll
0x00007ffd84870000 - 0x00007ffd8490d000 	C:\WINDOWS\System32\msvcp_win.dll
0x00007ffd84630000 - 0x00007ffd84741000 	C:\WINDOWS\System32\ucrtbase.dll
0x00007ffd67940000 - 0x00007ffd67be5000 	C:\WINDOWS\WinSxS\amd64_microsoft.windows.common-controls_6595b64144ccf1df_6.0.22000.120_none_9d947278b86cc467\COMCTL32.dll
0x00007ffd869c0000 - 0x00007ffd869f1000 	C:\WINDOWS\System32\IMM32.DLL
0x00007ffd0b190000 - 0x00007ffd0b27f000 	C:\Program Files\Eclipse Foundation\jdk-8.0.302.8-hotspot\jre\bin\msvcr120.dll
0x00007ffd0a980000 - 0x00007ffd0aa26000 	C:\Program Files\Eclipse Foundation\jdk-8.0.302.8-hotspot\jre\bin\msvcp120.dll
0x0000000073c10000 - 0x000000007447b000 	C:\Program Files\Eclipse Foundation\jdk-8.0.302.8-hotspot\jre\bin\server\jvm.dll
0x00007ffd86970000 - 0x00007ffd86978000 	C:\WINDOWS\System32\PSAPI.DLL
0x00007ffd75a40000 - 0x00007ffd75a4a000 	C:\WINDOWS\SYSTEM32\VERSION.dll
0x00007ffd77b90000 - 0x00007ffd77bc3000 	C:\WINDOWS\SYSTEM32\WINMM.dll
0x00007ffd74ed0000 - 0x00007ffd74ed9000 	C:\WINDOWS\SYSTEM32\WSOCK32.dll
0x00007ffd85c70000 - 0x00007ffd85cdf000 	C:\WINDOWS\System32\WS2_32.dll
0x00007ffd733a0000 - 0x00007ffd733af000 	C:\Program Files\Eclipse Foundation\jdk-8.0.302.8-hotspot\jre\bin\verify.dll
0x00007ffd4f900000 - 0x00007ffd4f929000 	C:\Program Files\Eclipse Foundation\jdk-8.0.302.8-hotspot\jre\bin\java.dll
0x00007ffd4fe80000 - 0x00007ffd4fe96000 	C:\Program Files\Eclipse Foundation\jdk-8.0.302.8-hotspot\jre\bin\zip.dll
0x00007ffd861c0000 - 0x00007ffd8696a000 	C:\WINDOWS\System32\SHELL32.dll
0x00007ffd82550000 - 0x00007ffd82db2000 	C:\WINDOWS\SYSTEM32\windows.storage.dll
0x00007ffd85e40000 - 0x00007ffd861b8000 	C:\WINDOWS\System32\combase.dll
0x00007ffd823e0000 - 0x00007ffd82546000 	C:\WINDOWS\SYSTEM32\wintypes.dll
0x00007ffd85b80000 - 0x00007ffd85c6a000 	C:\WINDOWS\System32\SHCORE.dll
0x00007ffd84d50000 - 0x00007ffd84dad000 	C:\WINDOWS\System32\shlwapi.dll
0x00007ffd842d0000 - 0x00007ffd842f1000 	C:\WINDOWS\SYSTEM32\profapi.dll
0x0000000065580000 - 0x0000000065616000 	C:\Users\valen\AppData\Local\Temp\libgdxvalen\12dfaa03\gdx64.dll
0x00007ffd83c00000 - 0x00007ffd83c18000 	C:\WINDOWS\SYSTEM32\CRYPTSP.dll
0x00007ffd83510000 - 0x00007ffd83545000 	C:\WINDOWS\system32\rsaenh.dll
0x00007ffd83ab0000 - 0x00007ffd83ad9000 	C:\WINDOWS\SYSTEM32\USERENV.dll
0x00007ffd83d80000 - 0x00007ffd83da7000 	C:\WINDOWS\SYSTEM32\bcrypt.dll
0x00007ffd845b0000 - 0x00007ffd84630000 	C:\WINDOWS\System32\bcryptprimitives.dll
0x00007ffd83c20000 - 0x00007ffd83c2c000 	C:\WINDOWS\SYSTEM32\CRYPTBASE.dll
0x00007ffd4fe30000 - 0x00007ffd4fe4a000 	C:\Program Files\Eclipse Foundation\jdk-8.0.302.8-hotspot\jre\bin\net.dll
0x00007ffd839c0000 - 0x00007ffd83a27000 	C:\WINDOWS\system32\mswsock.dll
0x00007ffd830f0000 - 0x00007ffd8311d000 	C:\WINDOWS\SYSTEM32\IPHLPAPI.DLL
0x00007ffd85510000 - 0x00007ffd85519000 	C:\WINDOWS\System32\NSI.dll
0x00007ffd78130000 - 0x00007ffd78149000 	C:\WINDOWS\SYSTEM32\dhcpcsvc6.DLL
0x00007ffd78560000 - 0x00007ffd7857e000 	C:\WINDOWS\SYSTEM32\dhcpcsvc.DLL
0x00007ffd83160000 - 0x00007ffd83247000 	C:\WINDOWS\SYSTEM32\DNSAPI.dll
0x00007ffd49d80000 - 0x00007ffd49d92000 	C:\Program Files\Eclipse Foundation\jdk-8.0.302.8-hotspot\jre\bin\nio.dll
0x0000000180000000 - 0x0000000180053000 	C:\Users\valen\AppData\Local\Temp\libgdxvalen\dc0f0009\lwjgl64.dll
0x00007ffd52660000 - 0x00007ffd52761000 	C:\WINDOWS\SYSTEM32\OPENGL32.dll
0x00007ffd6de50000 - 0x00007ffd6de7d000 	C:\WINDOWS\SYSTEM32\GLU32.dll
0x00007ffd818b0000 - 0x00007ffd818e8000 	C:\WINDOWS\SYSTEM32\dxcore.dll
0x000001da9fef0000 - 0x000001da9ff54000 	C:\Users\valen\AppData\Local\Temp\libgdxvalen\dc0f0009\OpenAL64.dll
0x00007ffd85520000 - 0x00007ffd856ba000 	C:\WINDOWS\System32\ole32.dll
0x00007ffd835b0000 - 0x00007ffd835c8000 	C:\WINDOWS\SYSTEM32\kernel.appcore.dll
0x00007ffd81660000 - 0x00007ffd8170c000 	C:\WINDOWS\system32\uxtheme.dll
0x00007ffd84db0000 - 0x00007ffd84e5f000 	C:\WINDOWS\System32\clbcatq.dll
0x00007ffd06c60000 - 0x00007ffd06d02000 	C:\WINDOWS\SYSTEM32\dsound.dll
0x00007ffd82dd0000 - 0x00007ffd82e1d000 	C:\WINDOWS\SYSTEM32\powrprof.dll
0x00007ffd74020000 - 0x00007ffd74049000 	C:\WINDOWS\SYSTEM32\winmmbase.dll
0x00007ffd06ba0000 - 0x00007ffd06c51000 	C:\WINDOWS\SYSTEM32\ResampleDmo.DLL
0x00007ffd86a00000 - 0x00007ffd86ad6000 	C:\WINDOWS\System32\OLEAUT32.dll
0x00007ffd73160000 - 0x00007ffd7316b000 	C:\WINDOWS\SYSTEM32\msdmo.dll
0x00007ffd82ec0000 - 0x00007ffd82ed3000 	C:\WINDOWS\SYSTEM32\UMPDC.dll
0x00007ffd753c0000 - 0x00007ffd7545c000 	C:\WINDOWS\System32\MMDevApi.dll
0x00007ffd84070000 - 0x00007ffd8409c000 	C:\WINDOWS\System32\DEVOBJ.dll
0x00007ffd840a0000 - 0x00007ffd840ec000 	C:\WINDOWS\SYSTEM32\cfgmgr32.dll
0x00007ffd73d90000 - 0x00007ffd73f5f000 	C:\WINDOWS\SYSTEM32\AUDIOSES.DLL
0x00007ffd81dd0000 - 0x00007ffd81de5000 	C:\WINDOWS\SYSTEM32\resourcepolicyclient.dll
0x00007ffd788c0000 - 0x00007ffd78979000 	C:\WINDOWS\SYSTEM32\mscms.dll
0x00007ffd75e80000 - 0x00007ffd75eca000 	C:\Windows\System32\Windows.Internal.Graphics.Display.DisplayColorManagement.dll
0x00007ffd85d20000 - 0x00007ffd85e3e000 	C:\WINDOWS\System32\MSCTF.dll
0x00007ffd7bef0000 - 0x00007ffd7bf34000 	C:\WINDOWS\SYSTEM32\directxdatabasehelper.dll
0x00007ffd81d90000 - 0x00007ffd81dc4000 	C:\WINDOWS\SYSTEM32\ntmarta.dll
0x00007ffd779b0000 - 0x00007ffd77ae3000 	C:\Windows\System32\AppXDeploymentClient.dll
0x00007ffd77740000 - 0x00007ffd7792e000 	C:\WINDOWS\SYSTEM32\urlmon.dll
0x00007ffd83070000 - 0x00007ffd8307c000 	C:\Windows\System32\netutils.dll
0x00007ffd77450000 - 0x00007ffd77702000 	C:\Windows\System32\iertutil.dll
0x00007ffd77710000 - 0x00007ffd77738000 	C:\Windows\System32\srvcli.dll
0x00007ffceb0b0000 - 0x00007ffcec046000 	C:\Windows\System32\DriverStore\FileRepository\iigd_dch.inf_amd64_7afabf937b5bd7bd\igxelpicd64.dll
0x00007ffd81d60000 - 0x00007ffd81d8f000 	C:\WINDOWS\system32\dwmapi.dll
0x00007ffd818f0000 - 0x00007ffd819e3000 	C:\WINDOWS\system32\dxgi.dll
0x00007ffd40230000 - 0x00007ffd40639000 	C:\Windows\System32\DriverStore\FileRepository\iigd_dch.inf_amd64_7afabf937b5bd7bd\igdml64.dll
0x00007ffd75690000 - 0x00007ffd759c1000 	C:\Windows\System32\DriverStore\FileRepository\iigd_dch.inf_amd64_7afabf937b5bd7bd\igdgmm64.dll
0x00007ffd68c70000 - 0x00007ffd68d9d000 	C:\WINDOWS\SYSTEM32\textinputframework.dll
0x00007ffd81290000 - 0x00007ffd813c2000 	C:\WINDOWS\SYSTEM32\CoreMessaging.dll
0x00007ffd7b1b0000 - 0x00007ffd7b51d000 	C:\WINDOWS\SYSTEM32\CoreUIComponents.dll
0x00007ffd496f0000 - 0x00007ffd49734000 	C:\WINDOWS\SYSTEM32\icm32.dll
0x00007ffd6f9a0000 - 0x00007ffd726dc000 	C:\Windows\System32\DriverStore\FileRepository\iigd_dch.inf_amd64_7afabf937b5bd7bd\igc64.dll
0x00007ffd819f0000 - 0x00007ffd81c11000 	C:\WINDOWS\SYSTEM32\dbghelp.dll

VM Arguments:
jvm_args: -Duser.language=en_US -Dfile.encoding=UTF-8 
java_command: org.uqbar.project.wollok.launch.WollokLauncher -requestsPort 0 -eventsPort 0 -folder -dontValidate -wf src/juego.wpgm
java_class_path (initial): C:\Users\valen\Documents\PdeP\Objetos\2021-objetos-tp-integrador-insert-vmj-mat\bin;C:\Users\valen\Documents\PdeP\Wollok\wollok-win32.win32.x86_64 (1)\plugins\com.ibm.icu_64.2.0.v20190507-1337.jar;C:\Users\valen\Documents\PdeP\Wollok\wollok-win32.win32.x86_64 (1)\plugins\org.eclipse.xtext_2.20.0.v20191202-0915.jar;C:\Users\valen\Documents\PdeP\Wollok\wollok-win32.win32.x86_64 (1)\plugins\org.eclipse.emf.ecore.xmi_2.16.0.v20190528-0725.jar;C:\Users\valen\Documents\PdeP\Wollok\wollok-win32.win32.x86_64 (1)\plugins\org.eclipse.emf.ecore_2.20.0.v20190920-0401.jar;C:\Users\valen\Documents\PdeP\Wollok\wollok-win32.win32.x86_64 (1)\plugins\org.eclipse.emf.common_2.17.0.v20190920-0401.jar;C:\Users\valen\Documents\PdeP\Wollok\wollok-win32.win32.x86_64 (1)\plugins\org.antlr.runtime_3.2.0.v201101311130.jar;C:\Users\valen\Documents\PdeP\Wollok\wollok-win32.win32.x86_64 (1)\plugins\com.google.inject_3.0.0.v201605172100.jar;C:\Users\valen\Documents\PdeP\Wollok\wollok-win32.win32.x86_64 (1)\plugins\org.eclipse.emf.mwe.core_1.5.1.v20191121-1148.jar;C:\Users\valen\Documents\PdeP\Wollok\wollok-win32.win32.x86_64 (1)\plugins\org.apache.commons.cli_1.2.0.v201404270220.jar;C:\Users\valen\Documents\PdeP\Wollok\wollok-win32.win32.x86_64 (1)\plugins\org.eclipse.emf.mwe2.runtime_2.11.1.v20191121-1148.jar;C:\Users\valen\Documents\PdeP\Wollok\wollok-win32.win32.x86_64 (1)\plugins\org.eclipse.emf.mwe.utils_1.5.1.v20191121-1148.jar;C:\Users\valen\Documents\PdeP\Wollok\wollok-win32.win32.x86_64 (1)\plugins\org.eclipse.xtext.util_2.20.0.v20191202-0915.jar;C:\Users\valen\Documents\PdeP\Wollok\wollok-win32.win32.x86_64 (1)\plugins\com.google.guava_27.1.0.v20190517-1946.jar;C:\Users\valen\Documents\PdeP\Wollok\wollok-win32.win32.x86_64 (1)\plugins\javax.inject_1.0.0.v20091030.jar;C:\Users\valen\Documents\PdeP\Wollok\wollok-win32.win32.x86_64 (1)\plugins\org.eclipse.xtext.generator_2.20.0.v20191202-0933.jar;C:\Users\valen\Documents\PdeP\Wollok\wollok-win32.win32.x86_64 (1
Launcher Type: SUN_STANDARD

Environment Variables:
PATH=C:/Program Files/Eclipse Foundation/jdk-8.0.302.8-hotspot/bin/../jre/bin/server;C:/Program Files/Eclipse Foundation/jdk-8.0.302.8-hotspot/bin/../jre/bin;C:/Program Files/Eclipse Foundation/jdk-8.0.302.8-hotspot/bin/../jre/lib/amd64;C:\Program Files\Eclipse Foundation\jdk-8.0.302.8-hotspot\bin;C:\Users\valen\AppData\Local\Programs\Python\Python39\Scripts\;C:\Users\valen\AppData\Local\Programs\Python\Python39\;C:\Program Files (x86)\Common Files\Oracle\Java\javapath;C:\WINDOWS\system32;C:\WINDOWS;C:\WINDOWS\System32\Wbem;C:\WINDOWS\System32\WindowsPowerShell\v1.0\;C:\WINDOWS\System32\OpenSSH\;C:\MinGW\bin;C:\GnuWin32\bin;C:\Program Files\Git\cmd;C:\Program Files\Git\bin;C:\Program Files\swipl\bin;C:\HashiCorp\Vagrant\bin;C:\ProgramData\chocolatey\bin;C:\Users\valen\AppData\Roaming\local\bin;C:\Users\valen\AppData\Local\Microsoft\WindowsApps;C:\Users\valen\AppData\Local\Programs\Microsoft VS Code\bin;;C:\Users\valen\Documents\PdeP\Wollok\wollok-win32.win32.x86_64 (1);
USERNAME=valen
OS=Windows_NT
PROCESSOR_IDENTIFIER=Intel64 Family 6 Model 140 Stepping 1, GenuineIntel



---------------  S Y S T E M  ---------------

OS: Windows 10.0 , 64 bit Build 22000 (10.0.22000.282)

CPU:total 8 (initial active 8) (4 cores per cpu, 2 threads per core) family 6 model 140 stepping 1, cmov, cx8, fxsr, mmx, sse, sse2, sse3, ssse3, sse4.1, sse4.2, popcnt, avx, avx2, aes, clmul, erms, 3dnowpref, lzcnt, ht, tsc, tscinvbit, bmi1, bmi2, adx

Memory: 4k page, physical 16448632k(7925052k free), swap 17497208k(5053484k free)

vm_info: OpenJDK 64-Bit Server VM (25.302-b08) for windows-amd64 JRE (1.8.0_302-b08), built on Jul 20 2021 21:31:03 by "jenkins" with MS VC++ 12.0 (VS2013)

time: Sat Nov 06 00:16:35 2021
timezone: Argentina Standard Time
elapsed time: 9.175524 seconds (0d 0h 0m 9s)

