#
# A fatal error has been detected by the Java Runtime Environment:
#
#  EXCEPTION_ACCESS_VIOLATION (0xc0000005) at pc=0x00007ff9e758fa4b, pid=12032, tid=0x000000000000285c
#
# JRE version: OpenJDK Runtime Environment (8.0_302-b08) (build 1.8.0_302-b08)
# Java VM: OpenJDK 64-Bit Server VM (25.302-b08 mixed mode windows-amd64 compressed oops)
# Problematic frame:
# C  [igxelpicd64.dll+0x26fa4b]
#
# Failed to write core dump. Minidumps are not enabled by default on client versions of Windows
#
# If you would like to submit a bug report, please visit:
#   https://github.com/adoptium/adoptium-support/issues
#

---------------  T H R E A D  ---------------

Current thread (0x000001a5ffef5800):  VMThread [stack: 0x0000001eb1000000,0x0000001eb1100000] [id=10332]

siginfo: ExceptionCode=0xc0000005, reading address 0x00000000000353c8

Registers:
RAX=0x000001a59bf1cf10, RBX=0x000001a59bf1d358, RCX=0x0000000000000000, RDX=0x0000000000000000
RSP=0x0000001eb10fe890, RBP=0x0000001eb10fe990, RSI=0x0000000000000000, RDI=0x000001a59e9509f0
R8 =0x000001a59bf1cf10, R9 =0x0000000000000000, R10=0x0000000000000000, R11=0x0000000000000246
R12=0x000001a59bf1ce40, R13=0x0000000000000000, R14=0x000001a59bf1ce40, R15=0x0000000000000000
RIP=0x00007ff9e758fa4b, EFLAGS=0x0000000000010202

Top of Stack: (sp=0x0000001eb10fe890)
0x0000001eb10fe890:   000001a59edc3c20 0000000000000000
0x0000001eb10fe8a0:   0000000000000000 0000000000000000
0x0000001eb10fe8b0:   0000001600000000 0000000000000000
0x0000001eb10fe8c0:   000001a59d476040 000001a59bffb1f0
0x0000001eb10fe8d0:   0000000000000000 0000000000000028
0x0000001eb10fe8e0:   000001a59edc3c20 000000000000000a
0x0000001eb10fe8f0:   0000000000000000 00007ff9e7372e3c
0x0000001eb10fe900:   000001a59d4b6340 000000000000000a
0x0000001eb10fe910:   000001a59d4b6340 0000000000000018
0x0000001eb10fe920:   000001a500000000 000001a59d4b2430
0x0000001eb10fe930:   319001e5af8f0100 000001a5a37a0000
0x0000001eb10fe940:   000001a59d476040 000001a5a37103c0
0x0000001eb10fe950:   0000800400192000 f69201c5eb920016
0x0000001eb10fe960:   cd930061869301ef 5a94018cce9301fd
0x0000001eb10fe970:   eb94015ba19401e0 000001a59d4b6940
0x0000001eb10fe980:   9b95018400000000 e19501339f950051 

Instructions: (pc=0x00007ff9e758fa4b)
0x00007ff9e758fa2b:   00 83 f9 10 0f 83 c2 07 00 00 8b c1 48 c1 e0 06
0x00007ff9e758fa3b:   49 03 c0 48 85 c0 0f 84 1f 08 00 00 48 8b 50 08
0x00007ff9e758fa4b:   48 3b 96 c8 53 03 00 0f 87 9d 0e 00 00 49 83 be
0x00007ff9e758fa5b:   70 05 00 00 00 0f 85 c6 67 6e 00 44 8b 8f d0 01 


Register to memory mapping:

RAX=0x000001a59bf1cf10 is an unknown value
RBX=0x000001a59bf1d358 is an unknown value
RCX=0x0000000000000000 is an unknown value
RDX=0x0000000000000000 is an unknown value
RSP=0x0000001eb10fe890 is an unknown value
RBP=0x0000001eb10fe990 is an unknown value
RSI=0x0000000000000000 is an unknown value
RDI=0x000001a59e9509f0 is an unknown value
R8 =0x000001a59bf1cf10 is an unknown value
R9 =0x0000000000000000 is an unknown value
R10=0x0000000000000000 is an unknown value
R11=0x0000000000000246 is an unknown value
R12=0x000001a59bf1ce40 is an unknown value
R13=0x0000000000000000 is an unknown value
R14=0x000001a59bf1ce40 is an unknown value
R15=0x0000000000000000 is an unknown value


Stack: [0x0000001eb1000000,0x0000001eb1100000],  sp=0x0000001eb10fe890,  free space=1018k
Native frames: (J=compiled Java code, j=interpreted, Vv=VM code, C=native code)
C  [igxelpicd64.dll+0x26fa4b]
C  [igxelpicd64.dll+0x24d8ab]
C  [igxelpicd64.dll+0x26e520]
C  [igxelpicd64.dll+0x16a567]
C  [igxelpicd64.dll+0x2a057d]
C  [igxelpicd64.dll+0x970a6c]
C  [igxelpicd64.dll+0x29b1ed]
C  [igxelpicd64.dll+0x29b024]
C  [igxelpicd64.dll+0x746d5b]
C  [ntdll.dll+0x3fba7]
C  [ntdll.dll+0x54120]
C  [ntdll.dll+0x53f8d]
C  [KERNEL32.DLL+0x1c66b]
C  [msvcr120.dll+0x229a7]
V  [jvm.dll+0x1e16c5]
V  [jvm.dll+0x21c4f7]
V  [jvm.dll+0x21abca]
V  [jvm.dll+0x21b2df]
V  [jvm.dll+0x21b73d]
V  [jvm.dll+0x26706a]
C  [msvcr120.dll+0x24f7f]
C  [msvcr120.dll+0x25126]
C  [KERNEL32.DLL+0x154e0]
C  [ntdll.dll+0x485b]

VM_Operation (0x0000001eb07fef50): Exit, mode: safepoint, requested by thread 0x000001a5fe2b0000


---------------  P R O C E S S  ---------------

Java Threads: ( => current thread )
  0x000001a59dd29800 JavaThread "LWJGL Timer" daemon [_thread_blocked, id=7156, stack(0x0000001eb2500000,0x0000001eb2600000)]
  0x000001a59bbcb800 JavaThread "com.google.inject.internal.util.$Finalizer" daemon [_thread_blocked, id=9204, stack(0x0000001eb1c00000,0x0000001eb1d00000)]
  0x000001a59b542800 JavaThread "EMF Reference Cleaner" daemon [_thread_blocked, id=5012, stack(0x0000001eb1b00000,0x0000001eb1c00000)]
  0x000001a59ac28800 JavaThread "Service Thread" daemon [_thread_blocked, id=19644, stack(0x0000001eb1900000,0x0000001eb1a00000)]
  0x000001a5fff67800 JavaThread "C1 CompilerThread3" daemon [_thread_blocked, id=14956, stack(0x0000001eb1800000,0x0000001eb1900000)]
  0x000001a5fff66800 JavaThread "C2 CompilerThread2" daemon [_thread_blocked, id=14712, stack(0x0000001eb1700000,0x0000001eb1800000)]
  0x000001a5fff61000 JavaThread "C2 CompilerThread1" daemon [_thread_blocked, id=11756, stack(0x0000001eb1600000,0x0000001eb1700000)]
  0x000001a5fff63000 JavaThread "C2 CompilerThread0" daemon [_thread_blocked, id=17996, stack(0x0000001eb1500000,0x0000001eb1600000)]
  0x000001a5fff56800 JavaThread "Attach Listener" daemon [_thread_blocked, id=3532, stack(0x0000001eb1400000,0x0000001eb1500000)]
  0x000001a5fff29000 JavaThread "Finalizer" daemon [_thread_blocked, id=7004, stack(0x0000001eb1200000,0x0000001eb1300000)]
  0x000001a5fff21000 JavaThread "Reference Handler" daemon [_thread_blocked, id=15924, stack(0x0000001eb1100000,0x0000001eb1200000)]
  0x000001a5fe2b0000 JavaThread "main" [_thread_blocked, id=12616, stack(0x0000001eb0700000,0x0000001eb0800000)]

Other Threads:
=>0x000001a5ffef5800 VMThread [stack: 0x0000001eb1000000,0x0000001eb1100000] [id=10332]

VM state:at safepoint (shutting down)

VM Mutex/Monitor currently owned by a thread:  ([mutex/lock_event])
[0x000001a5fe2acf30] Threads_lock - owner thread: 0x000001a5ffef5800

heap address: 0x00000006c5000000, size: 4016 MB, Compressed Oops mode: Zero based, Oop shift amount: 3
Narrow klass base: 0x0000000000000000, Narrow klass shift: 3
Compressed class space size: 1073741824 Address: 0x00000007c0000000

Heap:
 PSYoungGen      total 139776K, used 49537K [0x000000076c580000, 0x000000077d680000, 0x00000007c0000000)
  eden space 129024K, 38% used [0x000000076c580000,0x000000076f5e07b8,0x0000000774380000)
  from space 10752K, 0% used [0x0000000774380000,0x0000000774380000,0x0000000774e00000)
  to   space 10752K, 0% used [0x000000077cc00000,0x000000077cc00000,0x000000077d680000)
 ParOldGen       total 139264K, used 21414K [0x00000006c5000000, 0x00000006cd800000, 0x000000076c580000)
  object space 139264K, 15% used [0x00000006c5000000,0x00000006c64e9870,0x00000006cd800000)
 Metaspace       used 23808K, capacity 24147K, committed 24576K, reserved 1071104K
  class space    used 2862K, capacity 2964K, committed 3072K, reserved 1048576K

Card table byte_map: [0x000001a58f3c0000,0x000001a58fba0000] byte_map_base: 0x000001a58bd98000

Marking Bits: (ParMarkBitMap*) 0x0000000052a0c820
 Begin Bits: [0x000001a5900e0000, 0x000001a593fa0000)
 End Bits:   [0x000001a593fa0000, 0x000001a597e60000)

Polling page: 0x000001a5ffc40000

CodeCache: size=245760Kb used=12829Kb max_used=12829Kb free=232930Kb
 bounds [0x000001a580000000, 0x000001a580ca0000, 0x000001a58f000000]
 total_blobs=4617 nmethods=4027 adapters=501
 compilation: enabled

Compilation events (10 events):
Event: 3.021 Thread 0x000001a5fff67800 4020       3       java.nio.HeapCharBuffer::<init> (14 bytes)
Event: 3.021 Thread 0x000001a5fff67800 nmethod 4020 0x000001a580c86690 code [0x000001a580c86800, 0x000001a580c86a50]
Event: 3.021 Thread 0x000001a5fff67800 4024       3       java.nio.ByteBuffer::hasArray (20 bytes)
Event: 3.021 Thread 0x000001a5fff67800 nmethod 4024 0x000001a580c862d0 code [0x000001a580c86420, 0x000001a580c86618]
Event: 3.021 Thread 0x000001a5fff67800 4025       3       sun.nio.cs.UTF_8$Encoder::encodeArrayLoop (489 bytes)
Event: 3.023 Thread 0x000001a5fff67800 nmethod 4025 0x000001a580c8ef90 code [0x000001a580c8f500, 0x000001a580c92b90]
Event: 3.023 Thread 0x000001a5fff67800 4026       3       java.io.BufferedWriter::ensureOpen (18 bytes)
Event: 3.023 Thread 0x000001a5fff67800 nmethod 4026 0x000001a580c85e50 code [0x000001a580c85fc0, 0x000001a580c86210]
Event: 3.023 Thread 0x000001a5fff67800 4027       1       sun.nio.cs.StreamEncoder::isOpen (5 bytes)
Event: 3.023 Thread 0x000001a5fff67800 nmethod 4027 0x000001a580c87d50 code [0x000001a580c87ea0, 0x000001a580c87fb8]

GC Heap History (8 events):
Event: 0.418 GC heap before
{Heap before GC invocations=1 (full 0):
 PSYoungGen      total 75264K, used 64512K [0x000000076c580000, 0x0000000771980000, 0x00000007c0000000)
  eden space 64512K, 100% used [0x000000076c580000,0x0000000770480000,0x0000000770480000)
  from space 10752K, 0% used [0x0000000770f00000,0x0000000770f00000,0x0000000771980000)
  to   space 10752K, 0% used [0x0000000770480000,0x0000000770480000,0x0000000770f00000)
 ParOldGen       total 172032K, used 0K [0x00000006c5000000, 0x00000006cf800000, 0x000000076c580000)
  object space 172032K, 0% used [0x00000006c5000000,0x00000006c5000000,0x00000006cf800000)
 Metaspace       used 8532K, capacity 8616K, committed 8832K, reserved 1056768K
  class space    used 1023K, capacity 1076K, committed 1152K, reserved 1048576K
Event: 0.423 GC heap after
Heap after GC invocations=1 (full 0):
 PSYoungGen      total 75264K, used 10734K [0x000000076c580000, 0x0000000775880000, 0x00000007c0000000)
  eden space 64512K, 0% used [0x000000076c580000,0x000000076c580000,0x0000000770480000)
  from space 10752K, 99% used [0x0000000770480000,0x0000000770efba60,0x0000000770f00000)
  to   space 10752K, 0% used [0x0000000774e00000,0x0000000774e00000,0x0000000775880000)
 ParOldGen       total 172032K, used 4541K [0x00000006c5000000, 0x00000006cf800000, 0x000000076c580000)
  object space 172032K, 2% used [0x00000006c5000000,0x00000006c546f700,0x00000006cf800000)
 Metaspace       used 8532K, capacity 8616K, committed 8832K, reserved 1056768K
  class space    used 1023K, capacity 1076K, committed 1152K, reserved 1048576K
}
Event: 0.786 GC heap before
{Heap before GC invocations=2 (full 0):
 PSYoungGen      total 75264K, used 75246K [0x000000076c580000, 0x0000000775880000, 0x00000007c0000000)
  eden space 64512K, 100% used [0x000000076c580000,0x0000000770480000,0x0000000770480000)
  from space 10752K, 99% used [0x0000000770480000,0x0000000770efba60,0x0000000770f00000)
  to   space 10752K, 0% used [0x0000000774e00000,0x0000000774e00000,0x0000000775880000)
 ParOldGen       total 172032K, used 4541K [0x00000006c5000000, 0x00000006cf800000, 0x000000076c580000)
  object space 172032K, 2% used [0x00000006c5000000,0x00000006c546f700,0x00000006cf800000)
 Metaspace       used 15004K, capacity 15178K, committed 15360K, reserved 1062912K
  class space    used 1902K, capacity 1951K, committed 2048K, reserved 1048576K
Event: 0.794 GC heap after
Heap after GC invocations=2 (full 0):
 PSYoungGen      total 139776K, used 10737K [0x000000076c580000, 0x0000000775880000, 0x00000007c0000000)
  eden space 129024K, 0% used [0x000000076c580000,0x000000076c580000,0x0000000774380000)
  from space 10752K, 99% used [0x0000000774e00000,0x000000077587c570,0x0000000775880000)
  to   space 10752K, 0% used [0x0000000774380000,0x0000000774380000,0x0000000774e00000)
 ParOldGen       total 172032K, used 18036K [0x00000006c5000000, 0x00000006cf800000, 0x000000076c580000)
  object space 172032K, 10% used [0x00000006c5000000,0x00000006c619d1e8,0x00000006cf800000)
 Metaspace       used 15004K, capacity 15178K, committed 15360K, reserved 1062912K
  class space    used 1902K, capacity 1951K, committed 2048K, reserved 1048576K
}
Event: 1.377 GC heap before
{Heap before GC invocations=3 (full 0):
 PSYoungGen      total 139776K, used 79284K [0x000000076c580000, 0x0000000775880000, 0x00000007c0000000)
  eden space 129024K, 53% used [0x000000076c580000,0x0000000770870cc0,0x0000000774380000)
  from space 10752K, 99% used [0x0000000774e00000,0x000000077587c570,0x0000000775880000)
  to   space 10752K, 0% used [0x0000000774380000,0x0000000774380000,0x0000000774e00000)
 ParOldGen       total 172032K, used 18036K [0x00000006c5000000, 0x00000006cf800000, 0x000000076c580000)
  object space 172032K, 10% used [0x00000006c5000000,0x00000006c619d1e8,0x00000006cf800000)
 Metaspace       used 20810K, capacity 21074K, committed 21248K, reserved 1067008K
  class space    used 2632K, capacity 2703K, committed 2816K, reserved 1048576K
Event: 1.387 GC heap after
Heap after GC invocations=3 (full 0):
 PSYoungGen      total 139776K, used 10738K [0x000000076c580000, 0x000000077d680000, 0x00000007c0000000)
  eden space 129024K, 0% used [0x000000076c580000,0x000000076c580000,0x0000000774380000)
  from space 10752K, 99% used [0x0000000774380000,0x0000000774dfc970,0x0000000774e00000)
  to   space 10752K, 0% used [0x000000077cc00000,0x000000077cc00000,0x000000077d680000)
 ParOldGen       total 172032K, used 24938K [0x00000006c5000000, 0x00000006cf800000, 0x000000076c580000)
  object space 172032K, 14% used [0x00000006c5000000,0x00000006c685ab10,0x00000006cf800000)
 Metaspace       used 20810K, capacity 21074K, committed 21248K, reserved 1067008K
  class space    used 2632K, capacity 2703K, committed 2816K, reserved 1048576K
}
Event: 1.387 GC heap before
{Heap before GC invocations=4 (full 1):
 PSYoungGen      total 139776K, used 10738K [0x000000076c580000, 0x000000077d680000, 0x00000007c0000000)
  eden space 129024K, 0% used [0x000000076c580000,0x000000076c580000,0x0000000774380000)
  from space 10752K, 99% used [0x0000000774380000,0x0000000774dfc970,0x0000000774e00000)
  to   space 10752K, 0% used [0x000000077cc00000,0x000000077cc00000,0x000000077d680000)
 ParOldGen       total 172032K, used 24938K [0x00000006c5000000, 0x00000006cf800000, 0x000000076c580000)
  object space 172032K, 14% used [0x00000006c5000000,0x00000006c685ab10,0x00000006cf800000)
 Metaspace       used 20810K, capacity 21074K, committed 21248K, reserved 1067008K
  class space    used 2632K, capacity 2703K, committed 2816K, reserved 1048576K
Event: 1.423 GC heap after
Heap after GC invocations=4 (full 1):
 PSYoungGen      total 139776K, used 0K [0x000000076c580000, 0x000000077d680000, 0x00000007c0000000)
  eden space 129024K, 0% used [0x000000076c580000,0x000000076c580000,0x0000000774380000)
  from space 10752K, 0% used [0x0000000774380000,0x0000000774380000,0x0000000774e00000)
  to   space 10752K, 0% used [0x000000077cc00000,0x000000077cc00000,0x000000077d680000)
 ParOldGen       total 139264K, used 21414K [0x00000006c5000000, 0x00000006cd800000, 0x000000076c580000)
  object space 139264K, 15% used [0x00000006c5000000,0x00000006c64e9870,0x00000006cd800000)
 Metaspace       used 20810K, capacity 21074K, committed 21248K, reserved 1067008K
  class space    used 2632K, capacity 2703K, committed 2816K, reserved 1048576K
}

Deoptimization events (10 events):
Event: 2.899 Thread 0x000001a59c6dc800 Uncommon trap: reason=class_check action=maybe_recompile pc=0x000001a580af7eec method=org.eclipse.emf.common.util.Pool$AccessUnit$Queue.push(Lorg/eclipse/emf/common/util/Pool$AccessUnit;Z)V @ 25
Event: 2.899 Thread 0x000001a59c6dc800 Uncommon trap: reason=class_check action=maybe_recompile pc=0x000001a580af7eec method=org.eclipse.emf.common.util.Pool$AccessUnit$Queue.push(Lorg/eclipse/emf/common/util/Pool$AccessUnit;Z)V @ 25
Event: 2.905 Thread 0x000001a59c6dc800 Uncommon trap: reason=predicate action=maybe_recompile pc=0x000001a580bbe444 method=java.util.AbstractCollection.toArray([Ljava/lang/Object;)[Ljava/lang/Object; @ 49
Event: 2.931 Thread 0x000001a59c6dc800 Uncommon trap: reason=array_check action=maybe_recompile pc=0x000001a580c0816c method=java.util.AbstractCollection.toArray([Ljava/lang/Object;)[Ljava/lang/Object; @ 119
Event: 2.932 Thread 0x000001a59c6dc800 Uncommon trap: reason=array_check action=maybe_recompile pc=0x000001a580c0816c method=java.util.AbstractCollection.toArray([Ljava/lang/Object;)[Ljava/lang/Object; @ 119
Event: 2.932 Thread 0x000001a59c6dc800 Uncommon trap: reason=array_check action=maybe_recompile pc=0x000001a580c0816c method=java.util.AbstractCollection.toArray([Ljava/lang/Object;)[Ljava/lang/Object; @ 119
Event: 2.932 Thread 0x000001a59c6dc800 Uncommon trap: reason=array_check action=maybe_recompile pc=0x000001a580c0816c method=java.util.AbstractCollection.toArray([Ljava/lang/Object;)[Ljava/lang/Object; @ 119
Event: 2.937 Thread 0x000001a59c6dc800 Uncommon trap: reason=unstable_if action=reinterpret pc=0x000001a580b775c0 method=org.uqbar.project.wollok.model.WMethodContainerExtensions.isAbstract(Lorg/uqbar/project/wollok/wollokDsl/WMethodDeclaration;)Z @ 15
Event: 2.938 Thread 0x000001a59c6dc800 Uncommon trap: reason=unstable_if action=reinterpret pc=0x000001a580b5a4e0 method=org.uqbar.project.wollok.model.WMethodContainerExtensions.matches(Lorg/uqbar/project/wollok/wollokDsl/WMethodDeclaration;Ljava/lang/String;IZ)Z @ 70
Event: 3.019 Thread 0x000001a59c6dc800 Uncommon trap: reason=unstable_if action=reinterpret pc=0x000001a580bb44e8 method=java.util.HashMap$HashIterator.<init>(Ljava/util/HashMap;)V @ 45

Classes redefined (0 events):
No events

Internal exceptions (10 events):
Event: 1.276 Thread 0x000001a5fe2b0000 Exception <a 'java/io/FileNotFoundException'> (0x000000076f73ebd0) thrown at [J:\jenkins\tmp\workspace\build\src\hotspot\src\share\vm\prims\jni.cpp, line 711]
Event: 1.304 Thread 0x000001a5fe2b0000 Exception <a 'java/io/FileNotFoundException'> (0x000000076fb44a10) thrown at [J:\jenkins\tmp\workspace\build\src\hotspot\src\share\vm\prims\jni.cpp, line 711]
Event: 1.537 Thread 0x000001a5fe2b0000 Exception <a 'java/security/PrivilegedActionException'> (0x000000076c978788) thrown at [J:\jenkins\tmp\workspace\build\src\hotspot\src\share\vm\prims\jvm.cpp, line 1523]
Event: 1.537 Thread 0x000001a5fe2b0000 Exception <a 'java/security/PrivilegedActionException'> (0x000000076c979cb8) thrown at [J:\jenkins\tmp\workspace\build\src\hotspot\src\share\vm\prims\jvm.cpp, line 1523]
Event: 1.537 Thread 0x000001a5fe2b0000 Exception <a 'java/security/PrivilegedActionException'> (0x000000076c97b0e8) thrown at [J:\jenkins\tmp\workspace\build\src\hotspot\src\share\vm\prims\jvm.cpp, line 1523]
Event: 1.537 Thread 0x000001a5fe2b0000 Exception <a 'java/security/PrivilegedActionException'> (0x000000076c97c7a8) thrown at [J:\jenkins\tmp\workspace\build\src\hotspot\src\share\vm\prims\jvm.cpp, line 1523]
Event: 1.537 Thread 0x000001a5fe2b0000 Exception <a 'java/security/PrivilegedActionException'> (0x000000076c97dba0) thrown at [J:\jenkins\tmp\workspace\build\src\hotspot\src\share\vm\prims\jvm.cpp, line 1523]
Event: 1.537 Thread 0x000001a5fe2b0000 Exception <a 'java/security/PrivilegedActionException'> (0x000000076c97ef68) thrown at [J:\jenkins\tmp\workspace\build\src\hotspot\src\share\vm\prims\jvm.cpp, line 1523]
Event: 2.969 Thread 0x000001a59c6dc800 Exception <a 'java/lang/reflect/InvocationTargetException'> (0x000000076eee2178) thrown at [J:\jenkins\tmp\workspace\build\src\hotspot\src\share\vm\runtime\reflection.cpp, line 1092]
Event: 2.969 Thread 0x000001a59c6dc800 Exception <a 'java/lang/reflect/InvocationTargetException'> (0x000000076eee2dc0) thrown at [J:\jenkins\tmp\workspace\build\src\hotspot\src\share\vm\runtime\reflection.cpp, line 1092]

Events (10 events):
Event: 3.022 loading class org/uqbar/project/wollok/interpreter/WollokInterpreter$3
Event: 3.022 loading class org/uqbar/project/wollok/interpreter/WollokInterpreter$3 done
Event: 3.022 loading class java/util/IdentityHashMap$KeyIterator
Event: 3.022 loading class java/util/IdentityHashMap$KeyIterator done
Event: 3.022 Thread 0x000001a59c6dc800 Thread added: 0x000001a59c6dc800
Event: 3.022 Thread 0x000001a59c694800 Thread added: 0x000001a59c694800
Event: 3.022 Thread 0x000001a59c6dc800 Thread exited: 0x000001a59c6dc800
Event: 3.036 Thread 0x000001a59c694800 Thread exited: 0x000001a59c694800
Event: 3.036 Thread 0x000001a5fff51800 Thread exited: 0x000001a5fff51800
Event: 3.036 Executing VM operation: Exit


Dynamic libraries:
0x00007ff68a9b0000 - 0x00007ff68a9ea000 	C:\Program Files\Eclipse Foundation\jdk-8.0.302.8-hotspot\bin\javaw.exe
0x00007ffa5f920000 - 0x00007ffa5fb27000 	C:\WINDOWS\SYSTEM32\ntdll.dll
0x00007ffa5ef70000 - 0x00007ffa5f02d000 	C:\WINDOWS\System32\KERNEL32.DLL
0x00007ffa5ce00000 - 0x00007ffa5d174000 	C:\WINDOWS\System32\KERNELBASE.dll
0x00007ffa5f270000 - 0x00007ffa5f31c000 	C:\WINDOWS\System32\ADVAPI32.dll
0x00007ffa5f7a0000 - 0x00007ffa5f843000 	C:\WINDOWS\System32\msvcrt.dll
0x00007ffa5dc00000 - 0x00007ffa5dc9d000 	C:\WINDOWS\System32\sechost.dll
0x00007ffa5f5e0000 - 0x00007ffa5f701000 	C:\WINDOWS\System32\RPCRT4.dll
0x00007ffa5e110000 - 0x00007ffa5e2bc000 	C:\WINDOWS\System32\USER32.dll
0x00007ffa5d6c0000 - 0x00007ffa5d6e6000 	C:\WINDOWS\System32\win32u.dll
0x00007ffa5f710000 - 0x00007ffa5f739000 	C:\WINDOWS\System32\GDI32.dll
0x00007ffa5d5a0000 - 0x00007ffa5d6b2000 	C:\WINDOWS\System32\gdi32full.dll
0x00007ffa5d320000 - 0x00007ffa5d3bd000 	C:\WINDOWS\System32\msvcp_win.dll
0x00007ffa5d200000 - 0x00007ffa5d311000 	C:\WINDOWS\System32\ucrtbase.dll
0x00007ffa441f0000 - 0x00007ffa44495000 	C:\WINDOWS\WinSxS\amd64_microsoft.windows.common-controls_6595b64144ccf1df_6.0.22000.120_none_9d947278b86cc467\COMCTL32.dll
0x00007ffa5f570000 - 0x00007ffa5f5a1000 	C:\WINDOWS\System32\IMM32.DLL
0x00007ffa41460000 - 0x00007ffa4154f000 	C:\Program Files\Eclipse Foundation\jdk-8.0.302.8-hotspot\jre\bin\msvcr120.dll
0x00007ffa413b0000 - 0x00007ffa41456000 	C:\Program Files\Eclipse Foundation\jdk-8.0.302.8-hotspot\jre\bin\msvcp120.dll
0x0000000052220000 - 0x0000000052a8b000 	C:\Program Files\Eclipse Foundation\jdk-8.0.302.8-hotspot\jre\bin\server\jvm.dll
0x00007ffa5f5b0000 - 0x00007ffa5f5b8000 	C:\WINDOWS\System32\PSAPI.DLL
0x00007ffa4c240000 - 0x00007ffa4c249000 	C:\WINDOWS\SYSTEM32\WSOCK32.dll
0x00007ffa503a0000 - 0x00007ffa503d3000 	C:\WINDOWS\SYSTEM32\WINMM.dll
0x00007ffa4e190000 - 0x00007ffa4e19a000 	C:\WINDOWS\SYSTEM32\VERSION.dll
0x00007ffa5f120000 - 0x00007ffa5f18f000 	C:\WINDOWS\System32\WS2_32.dll
0x00007ffa4ba30000 - 0x00007ffa4ba3f000 	C:\Program Files\Eclipse Foundation\jdk-8.0.302.8-hotspot\jre\bin\verify.dll
0x00007ffa4ba00000 - 0x00007ffa4ba29000 	C:\Program Files\Eclipse Foundation\jdk-8.0.302.8-hotspot\jre\bin\java.dll
0x00007ffa4b980000 - 0x00007ffa4b996000 	C:\Program Files\Eclipse Foundation\jdk-8.0.302.8-hotspot\jre\bin\zip.dll
0x00007ffa5e7c0000 - 0x00007ffa5ef69000 	C:\WINDOWS\System32\SHELL32.dll
0x00007ffa5afc0000 - 0x00007ffa5b822000 	C:\WINDOWS\SYSTEM32\windows.storage.dll
0x00007ffa5e440000 - 0x00007ffa5e7b8000 	C:\WINDOWS\System32\combase.dll
0x00007ffa5ae50000 - 0x00007ffa5afb6000 	C:\WINDOWS\SYSTEM32\wintypes.dll
0x00007ffa5f030000 - 0x00007ffa5f11a000 	C:\WINDOWS\System32\SHCORE.dll
0x00007ffa5dba0000 - 0x00007ffa5dbfd000 	C:\WINDOWS\System32\shlwapi.dll
0x00007ffa5cd30000 - 0x00007ffa5cd51000 	C:\WINDOWS\SYSTEM32\profapi.dll
0x0000000065580000 - 0x0000000065616000 	C:\Users\valen\AppData\Local\Temp\libgdxvalen\12dfaa03\gdx64.dll
0x00007ffa5c680000 - 0x00007ffa5c698000 	C:\WINDOWS\SYSTEM32\CRYPTSP.dll
0x00007ffa5bf80000 - 0x00007ffa5bfb5000 	C:\WINDOWS\system32\rsaenh.dll
0x00007ffa5c520000 - 0x00007ffa5c549000 	C:\WINDOWS\SYSTEM32\USERENV.dll
0x00007ffa5c7f0000 - 0x00007ffa5c817000 	C:\WINDOWS\SYSTEM32\bcrypt.dll
0x00007ffa5d180000 - 0x00007ffa5d200000 	C:\WINDOWS\System32\bcryptprimitives.dll
0x00007ffa5c670000 - 0x00007ffa5c67c000 	C:\WINDOWS\SYSTEM32\CRYPTBASE.dll
0x00007ffa47dc0000 - 0x00007ffa47dda000 	C:\Program Files\Eclipse Foundation\jdk-8.0.302.8-hotspot\jre\bin\net.dll
0x00007ffa5c430000 - 0x00007ffa5c497000 	C:\WINDOWS\system32\mswsock.dll
0x00007ffa5bb60000 - 0x00007ffa5bb8d000 	C:\WINDOWS\SYSTEM32\IPHLPAPI.DLL
0x00007ffa5d7b0000 - 0x00007ffa5d7b9000 	C:\WINDOWS\System32\NSI.dll
0x00007ffa506c0000 - 0x00007ffa506d9000 	C:\WINDOWS\SYSTEM32\dhcpcsvc6.DLL
0x00007ffa50b50000 - 0x00007ffa50b6e000 	C:\WINDOWS\SYSTEM32\dhcpcsvc.DLL
0x00007ffa5bbd0000 - 0x00007ffa5bcb7000 	C:\WINDOWS\SYSTEM32\DNSAPI.dll
0x00007ffa47da0000 - 0x00007ffa47db2000 	C:\Program Files\Eclipse Foundation\jdk-8.0.302.8-hotspot\jre\bin\nio.dll
0x0000000180000000 - 0x0000000180053000 	C:\Users\valen\AppData\Local\Temp\libgdxvalen\dc0f0009\lwjgl64.dll
0x00007ffa21b60000 - 0x00007ffa21c61000 	C:\WINDOWS\SYSTEM32\OPENGL32.dll
0x00007ffa39f90000 - 0x00007ffa39fbd000 	C:\WINDOWS\SYSTEM32\GLU32.dll
0x00007ffa5a540000 - 0x00007ffa5a578000 	C:\WINDOWS\SYSTEM32\dxcore.dll
0x000001a59f2f0000 - 0x000001a59f354000 	C:\Users\valen\AppData\Local\Temp\libgdxvalen\dc0f0009\OpenAL64.dll
0x00007ffa5d8e0000 - 0x00007ffa5da7a000 	C:\WINDOWS\System32\ole32.dll
0x00007ffa5c020000 - 0x00007ffa5c038000 	C:\WINDOWS\SYSTEM32\kernel.appcore.dll
0x00007ffa5a0d0000 - 0x00007ffa5a17c000 	C:\WINDOWS\system32\uxtheme.dll
0x00007ffa5dae0000 - 0x00007ffa5db8f000 	C:\WINDOWS\System32\clbcatq.dll
0x00007ffa21950000 - 0x00007ffa219f2000 	C:\WINDOWS\SYSTEM32\dsound.dll
0x00007ffa5b840000 - 0x00007ffa5b88d000 	C:\WINDOWS\SYSTEM32\powrprof.dll
0x00007ffa4db20000 - 0x00007ffa4db49000 	C:\WINDOWS\SYSTEM32\winmmbase.dll
0x00007ffa086f0000 - 0x00007ffa087a1000 	C:\WINDOWS\SYSTEM32\ResampleDmo.DLL
0x00007ffa5f190000 - 0x00007ffa5f266000 	C:\WINDOWS\System32\OLEAUT32.dll
0x00007ffa4bf80000 - 0x00007ffa4bf8b000 	C:\WINDOWS\SYSTEM32\msdmo.dll
0x00007ffa5b930000 - 0x00007ffa5b943000 	C:\WINDOWS\SYSTEM32\UMPDC.dll
0x00007ffa4e070000 - 0x00007ffa4e10c000 	C:\WINDOWS\System32\MMDevApi.dll
0x00007ffa5cad0000 - 0x00007ffa5cafc000 	C:\WINDOWS\System32\DEVOBJ.dll
0x00007ffa5cb00000 - 0x00007ffa5cb4c000 	C:\WINDOWS\SYSTEM32\cfgmgr32.dll
0x00007ffa4c620000 - 0x00007ffa4c7ef000 	C:\WINDOWS\SYSTEM32\AUDIOSES.DLL
0x00007ffa5a800000 - 0x00007ffa5a815000 	C:\WINDOWS\SYSTEM32\resourcepolicyclient.dll
0x00007ffa51c10000 - 0x00007ffa51cc9000 	C:\WINDOWS\SYSTEM32\mscms.dll
0x00007ffa4e640000 - 0x00007ffa4e68a000 	C:\Windows\System32\Windows.Internal.Graphics.Display.DisplayColorManagement.dll
0x00007ffa5d7c0000 - 0x00007ffa5d8de000 	C:\WINDOWS\System32\MSCTF.dll
0x00007ffa547a0000 - 0x00007ffa547e4000 	C:\WINDOWS\SYSTEM32\directxdatabasehelper.dll
0x00007ffa5a820000 - 0x00007ffa5a854000 	C:\WINDOWS\SYSTEM32\ntmarta.dll
0x00007ffa508d0000 - 0x00007ffa50a03000 	C:\Windows\System32\AppXDeploymentClient.dll
0x00007ffa506e0000 - 0x00007ffa508ce000 	C:\WINDOWS\SYSTEM32\urlmon.dll
0x00007ffa500e0000 - 0x00007ffa50392000 	C:\Windows\System32\iertutil.dll
0x00007ffa500b0000 - 0x00007ffa500d8000 	C:\Windows\System32\srvcli.dll
0x00007ffa5bae0000 - 0x00007ffa5baec000 	C:\Windows\System32\netutils.dll
0x00007ff9e7320000 - 0x00007ff9e82b6000 	C:\Windows\System32\DriverStore\FileRepository\iigd_dch.inf_amd64_7afabf937b5bd7bd\igxelpicd64.dll
0x00007ffa5a7d0000 - 0x00007ffa5a7ff000 	C:\WINDOWS\system32\dwmapi.dll
0x00007ffa5a690000 - 0x00007ffa5a783000 	C:\WINDOWS\system32\dxgi.dll
0x00007ffa17070000 - 0x00007ffa17479000 	C:\Windows\System32\DriverStore\FileRepository\iigd_dch.inf_amd64_7afabf937b5bd7bd\igdml64.dll
0x00007ffa4e300000 - 0x00007ffa4e631000 	C:\Windows\System32\DriverStore\FileRepository\iigd_dch.inf_amd64_7afabf937b5bd7bd\igdgmm64.dll
0x00007ffa20160000 - 0x00007ffa2028d000 	C:\WINDOWS\SYSTEM32\textinputframework.dll
0x00007ffa59d00000 - 0x00007ffa59e32000 	C:\WINDOWS\SYSTEM32\CoreMessaging.dll
0x00007ffa53a30000 - 0x00007ffa53d9d000 	C:\WINDOWS\SYSTEM32\CoreUIComponents.dll
0x00007ffa2f4b0000 - 0x00007ffa2f4f4000 	C:\WINDOWS\SYSTEM32\icm32.dll
0x00007ffa48840000 - 0x00007ffa4b57c000 	C:\Windows\System32\DriverStore\FileRepository\iigd_dch.inf_amd64_7afabf937b5bd7bd\igc64.dll
0x00007ffa5a2e0000 - 0x00007ffa5a501000 	C:\WINDOWS\SYSTEM32\dbghelp.dll

VM Arguments:
jvm_args: -Duser.language=en_US -Dfile.encoding=UTF-8 
java_command: org.uqbar.project.wollok.launch.WollokLauncher -requestsPort 0 -eventsPort 0 -folder -dontValidate -wf src/juego.wpgm
java_class_path (initial): C:\Users\valen\Documents\PdeP\Objetos\2021-objetos-tp-integrador-insert-vmj-mat\bin;C:\Users\valen\Documents\PdeP\Wollok\wollok-win32.win32.x86_64 (1)\plugins\com.ibm.icu_64.2.0.v20190507-1337.jar;C:\Users\valen\Documents\PdeP\Wollok\wollok-win32.win32.x86_64 (1)\plugins\org.eclipse.xtext_2.20.0.v20191202-0915.jar;C:\Users\valen\Documents\PdeP\Wollok\wollok-win32.win32.x86_64 (1)\plugins\org.eclipse.emf.ecore.xmi_2.16.0.v20190528-0725.jar;C:\Users\valen\Documents\PdeP\Wollok\wollok-win32.win32.x86_64 (1)\plugins\org.eclipse.emf.ecore_2.20.0.v20190920-0401.jar;C:\Users\valen\Documents\PdeP\Wollok\wollok-win32.win32.x86_64 (1)\plugins\org.eclipse.emf.common_2.17.0.v20190920-0401.jar;C:\Users\valen\Documents\PdeP\Wollok\wollok-win32.win32.x86_64 (1)\plugins\org.antlr.runtime_3.2.0.v201101311130.jar;C:\Users\valen\Documents\PdeP\Wollok\wollok-win32.win32.x86_64 (1)\plugins\com.google.inject_3.0.0.v201605172100.jar;C:\Users\valen\Documents\PdeP\Wollok\wollok-win32.win32.x86_64 (1)\plugins\org.eclipse.emf.mwe.core_1.5.1.v20191121-1148.jar;C:\Users\valen\Documents\PdeP\Wollok\wollok-win32.win32.x86_64 (1)\plugins\org.apache.commons.cli_1.2.0.v201404270220.jar;C:\Users\valen\Documents\PdeP\Wollok\wollok-win32.win32.x86_64 (1)\plugins\org.eclipse.emf.mwe2.runtime_2.11.1.v20191121-1148.jar;C:\Users\valen\Documents\PdeP\Wollok\wollok-win32.win32.x86_64 (1)\plugins\org.eclipse.emf.mwe.utils_1.5.1.v20191121-1148.jar;C:\Users\valen\Documents\PdeP\Wollok\wollok-win32.win32.x86_64 (1)\plugins\org.eclipse.xtext.util_2.20.0.v20191202-0915.jar;C:\Users\valen\Documents\PdeP\Wollok\wollok-win32.win32.x86_64 (1)\plugins\com.google.guava_27.1.0.v20190517-1946.jar;C:\Users\valen\Documents\PdeP\Wollok\wollok-win32.win32.x86_64 (1)\plugins\javax.inject_1.0.0.v20091030.jar;C:\Users\valen\Documents\PdeP\Wollok\wollok-win32.win32.x86_64 (1)\plugins\org.eclipse.xtext.generator_2.20.0.v20191202-0933.jar;C:\Users\valen\Documents\PdeP\Wollok\wollok-win32.win32.x86_64 (1
Launcher Type: SUN_STANDARD

Environment Variables:
PATH=C:/Program Files/Eclipse Foundation/jdk-8.0.302.8-hotspot/bin/../jre/bin/server;C:/Program Files/Eclipse Foundation/jdk-8.0.302.8-hotspot/bin/../jre/bin;C:/Program Files/Eclipse Foundation/jdk-8.0.302.8-hotspot/bin/../jre/lib/amd64;C:\Program Files\Eclipse Foundation\jdk-8.0.302.8-hotspot\bin;C:\Users\valen\AppData\Local\Programs\Python\Python39\Scripts\;C:\Users\valen\AppData\Local\Programs\Python\Python39\;C:\Program Files (x86)\Common Files\Oracle\Java\javapath;C:\WINDOWS\system32;C:\WINDOWS;C:\WINDOWS\System32\Wbem;C:\WINDOWS\System32\WindowsPowerShell\v1.0\;C:\WINDOWS\System32\OpenSSH\;C:\MinGW\bin;C:\GnuWin32\bin;C:\Program Files\Git\cmd;C:\Program Files\Git\bin;C:\Program Files\swipl\bin;C:\HashiCorp\Vagrant\bin;C:\ProgramData\chocolatey\bin;C:\Users\valen\AppData\Roaming\local\bin;C:\Users\valen\AppData\Local\Microsoft\WindowsApps;C:\Users\valen\AppData\Local\Programs\Microsoft VS Code\bin;;C:\Users\valen\Documents\PdeP\Wollok\wollok-win32.win32.x86_64 (1);
USERNAME=valen
OS=Windows_NT
PROCESSOR_IDENTIFIER=Intel64 Family 6 Model 140 Stepping 1, GenuineIntel



---------------  S Y S T E M  ---------------

OS: Windows 10.0 , 64 bit Build 22000 (10.0.22000.120)

CPU:total 8 (initial active 8) (4 cores per cpu, 2 threads per core) family 6 model 140 stepping 1, cmov, cx8, fxsr, mmx, sse, sse2, sse3, ssse3, sse4.1, sse4.2, popcnt, avx, avx2, aes, clmul, erms, 3dnowpref, lzcnt, ht, tsc, tscinvbit, bmi1, bmi2, adx

Memory: 4k page, physical 16448632k(8808312k free), swap 17497208k(8230764k free)

vm_info: OpenJDK 64-Bit Server VM (25.302-b08) for windows-amd64 JRE (1.8.0_302-b08), built on Jul 20 2021 21:31:03 by "jenkins" with MS VC++ 12.0 (VS2013)

time: Wed Oct 20 01:03:45 2021
timezone: Argentina Standard Time
elapsed time: 3.079265 seconds (0d 0h 0m 3s)

