#
# A fatal error has been detected by the Java Runtime Environment:
#
#  EXCEPTION_ACCESS_VIOLATION (0xc0000005) at pc=0x00007ffc52c5fa4b, pid=14508, tid=0x0000000000000868
#
# JRE version: OpenJDK Runtime Environment (8.0_302-b08) (build 1.8.0_302-b08)
# Java VM: OpenJDK 64-Bit Server VM (25.302-b08 mixed mode windows-amd64 compressed oops)
# Problematic frame:
# C  [igxelpicd64.dll+0x26fa4b]
#
# Failed to write core dump. Minidumps are not enabled by default on client versions of Windows
#
# If you would like to submit a bug report, please visit:
#   https://github.com/adoptium/adoptium-support/issues
#

---------------  T H R E A D  ---------------

Current thread (0x000001b4ec18e800):  VMThread [stack: 0x0000002b5d400000,0x0000002b5d500000] [id=2152]

siginfo: ExceptionCode=0xc0000005, reading address 0x00000000000353c8

Registers:
RAX=0x000001b4f2042270, RBX=0x000001b4f20426b8, RCX=0x0000000000000000, RDX=0x0000000000000000
RSP=0x0000002b5d4fe080, RBP=0x0000002b5d4fe180, RSI=0x0000000000000000, RDI=0x000001b4efa46d70
R8 =0x000001b4f2042270, R9 =0x0000000000000000, R10=0x0000000000000000, R11=0x0000000000000246
R12=0x000001b4f20421a0, R13=0x0000000000000000, R14=0x000001b4f20421a0, R15=0x0000000000000000
RIP=0x00007ffc52c5fa4b, EFLAGS=0x0000000000010202

Top of Stack: (sp=0x0000002b5d4fe080)
0x0000002b5d4fe080:   000001b4f129fb70 0000000000000000
0x0000002b5d4fe090:   0000000000000000 0000000000000000
0x0000002b5d4fe0a0:   00000016ae000000 0000000000000000
0x0000002b5d4fe0b0:   000001b4f29c0080 000001b4f2040b60
0x0000002b5d4fe0c0:   0000000000000000 0000000000000000
0x0000002b5d4fe0d0:   000001b4f129fb70 0000000000000000
0x0000002b5d4fe0e0:   000001b4f74f386c 00007ffc52a42e3c
0x0000002b5d4fe0f0:   000001b4f2a00380 0000002b5d4fe1f0
0x0000002b5d4fe100:   000001b4f29f5470 000001b4f74f386c
0x0000002b5d4fe110:   000001b4f29f6800 000001b4f29fa900
0x0000002b5d4fe120:   f69700b66a970001 000001b4f74e0000
0x0000002b5d4fe130:   000001b4f7540154 000001b4f74f369c
0x0000002b5d4fe140:   000001b4f29f49b0 619c007ad39b01c5
0x0000002b5d4fe150:   a49c01a06c9c01ea 9d9d00a8e09c00eb
0x0000002b5d4fe160:   159e01eee59d0092 000001b4f2a00980
0x0000002b5d4fe170:   e49f017a219f01cc 9da1006186a001e2 

Instructions: (pc=0x00007ffc52c5fa4b)
0x00007ffc52c5fa2b:   00 83 f9 10 0f 83 c2 07 00 00 8b c1 48 c1 e0 06
0x00007ffc52c5fa3b:   49 03 c0 48 85 c0 0f 84 1f 08 00 00 48 8b 50 08
0x00007ffc52c5fa4b:   48 3b 96 c8 53 03 00 0f 87 9d 0e 00 00 49 83 be
0x00007ffc52c5fa5b:   70 05 00 00 00 0f 85 c6 67 6e 00 44 8b 8f d0 01 


Register to memory mapping:

RAX=0x000001b4f2042270 is an unknown value
RBX=0x000001b4f20426b8 is an unknown value
RCX=0x0000000000000000 is an unknown value
RDX=0x0000000000000000 is an unknown value
RSP=0x0000002b5d4fe080 is an unknown value
RBP=0x0000002b5d4fe180 is an unknown value
RSI=0x0000000000000000 is an unknown value
RDI=0x000001b4efa46d70 is an unknown value
R8 =0x000001b4f2042270 is an unknown value
R9 =0x0000000000000000 is an unknown value
R10=0x0000000000000000 is an unknown value
R11=0x0000000000000246 is an unknown value
R12=0x000001b4f20421a0 is an unknown value
R13=0x0000000000000000 is an unknown value
R14=0x000001b4f20421a0 is an unknown value
R15=0x0000000000000000 is an unknown value


Stack: [0x0000002b5d400000,0x0000002b5d500000],  sp=0x0000002b5d4fe080,  free space=1016k
Native frames: (J=compiled Java code, j=interpreted, Vv=VM code, C=native code)
C  [igxelpicd64.dll+0x26fa4b]
C  [igxelpicd64.dll+0x24d8ab]
C  [igxelpicd64.dll+0x26e520]
C  [igxelpicd64.dll+0x16a567]
C  [igxelpicd64.dll+0x2a057d]
C  [igxelpicd64.dll+0x970a6c]
C  [igxelpicd64.dll+0x29b1ed]
C  [igxelpicd64.dll+0x29b024]
C  [igxelpicd64.dll+0x746d5b]
C  [ntdll.dll+0x3fc37]
C  [ntdll.dll+0x541b0]
C  [ntdll.dll+0x5401d]
C  [KERNEL32.DLL+0x1c66b]
C  [msvcr120.dll+0x229a7]
V  [jvm.dll+0x1e16c5]
V  [jvm.dll+0x21c4f7]
V  [jvm.dll+0x21abca]
V  [jvm.dll+0x21b2df]
V  [jvm.dll+0x21b73d]
V  [jvm.dll+0x26706a]
C  [msvcr120.dll+0x24f7f]
C  [msvcr120.dll+0x25126]
C  [KERNEL32.DLL+0x154e0]
C  [ntdll.dll+0x485b]

VM_Operation (0x0000002b5cbfed50): Exit, mode: safepoint, requested by thread 0x000001b4d187f000


---------------  P R O C E S S  ---------------

Java Threads: ( => current thread )
  0x000001b4ef37e800 JavaThread "LWJGL Timer" daemon [_thread_blocked, id=24248, stack(0x0000002b5e900000,0x0000002b5ea00000)]
  0x000001b4eefee800 JavaThread "com.google.inject.internal.util.$Finalizer" daemon [_thread_blocked, id=8808, stack(0x0000002b5e000000,0x0000002b5e100000)]
  0x000001b4eee94800 JavaThread "EMF Reference Cleaner" daemon [_thread_blocked, id=21236, stack(0x0000002b5df00000,0x0000002b5e000000)]
  0x000001b4ec389000 JavaThread "Service Thread" daemon [_thread_blocked, id=9476, stack(0x0000002b5dd00000,0x0000002b5de00000)]
  0x000001b4ec343800 JavaThread "C1 CompilerThread3" daemon [_thread_blocked, id=14416, stack(0x0000002b5dc00000,0x0000002b5dd00000)]
  0x000001b4ec32e000 JavaThread "C2 CompilerThread2" daemon [_thread_blocked, id=2948, stack(0x0000002b5db00000,0x0000002b5dc00000)]
  0x000001b4ec32d800 JavaThread "C2 CompilerThread1" daemon [_thread_blocked, id=4100, stack(0x0000002b5da00000,0x0000002b5db00000)]
  0x000001b4ec330000 JavaThread "C2 CompilerThread0" daemon [_thread_blocked, id=22896, stack(0x0000002b5d900000,0x0000002b5da00000)]
  0x000001b4ec323000 JavaThread "Attach Listener" daemon [_thread_blocked, id=18952, stack(0x0000002b5d800000,0x0000002b5d900000)]
  0x000001b4ec322000 JavaThread "Signal Dispatcher" daemon [_thread_blocked, id=11500, stack(0x0000002b5d700000,0x0000002b5d800000)]
  0x000001b4ec2fa000 JavaThread "Finalizer" daemon [_thread_blocked, id=18752, stack(0x0000002b5d600000,0x0000002b5d700000)]
  0x000001b4ec2f2800 JavaThread "Reference Handler" daemon [_thread_blocked, id=10120, stack(0x0000002b5d500000,0x0000002b5d600000)]
  0x000001b4d187f000 JavaThread "main" [_thread_blocked, id=21696, stack(0x0000002b5cb00000,0x0000002b5cc00000)]

Other Threads:
=>0x000001b4ec18e800 VMThread [stack: 0x0000002b5d400000,0x0000002b5d500000] [id=2152]

VM state:at safepoint (shutting down)

VM Mutex/Monitor currently owned by a thread:  ([mutex/lock_event])
[0x000001b4d187c090] Threads_lock - owner thread: 0x000001b4ec18e800

heap address: 0x00000006c5000000, size: 4016 MB, Compressed Oops mode: Zero based, Oop shift amount: 3
Narrow klass base: 0x0000000000000000, Narrow klass shift: 3
Compressed class space size: 1073741824 Address: 0x00000007c0000000

Heap:
 PSYoungGen      total 268800K, used 119693K [0x000000076c580000, 0x000000077d680000, 0x00000007c0000000)
  eden space 258048K, 46% used [0x000000076c580000,0x0000000773a63508,0x000000077c180000)
  from space 10752K, 0% used [0x000000077cc00000,0x000000077cc00000,0x000000077d680000)
  to   space 10752K, 0% used [0x000000077c180000,0x000000077c180000,0x000000077cc00000)
 ParOldGen       total 134144K, used 21893K [0x00000006c5000000, 0x00000006cd300000, 0x000000076c580000)
  object space 134144K, 16% used [0x00000006c5000000,0x00000006c6561478,0x00000006cd300000)
 Metaspace       used 24061K, capacity 24445K, committed 24832K, reserved 1071104K
  class space    used 2868K, capacity 2971K, committed 3072K, reserved 1048576K

Card table byte_map: [0x000001b4e25c0000,0x000001b4e2da0000] byte_map_base: 0x000001b4def98000

Marking Bits: (ParMarkBitMap*) 0x000000006281c820
 Begin Bits: [0x000001b4e32e0000, 0x000001b4e71a0000)
 End Bits:   [0x000001b4e71a0000, 0x000001b4eb060000)

Polling page: 0x000001b4d1a20000

CodeCache: size=245760Kb used=14105Kb max_used=14123Kb free=231654Kb
 bounds [0x000001b4d3200000, 0x000001b4d3fe0000, 0x000001b4e2200000]
 total_blobs=4910 nmethods=4320 adapters=501
 compilation: enabled

Compilation events (10 events):
Event: 4.247 Thread 0x000001b4ec330000 4394       4       java.io.WinNTFileSystem::normalize (143 bytes)
Event: 4.247 Thread 0x000001b4ec343800 4395       3       org.uqbar.project.wollok.libraries.BasicWollokLibraryLoader$1::apply (9 bytes)
Event: 4.248 Thread 0x000001b4ec343800 nmethod 4395 0x000001b4d3fc7c90 code [0x000001b4d3fc7ec0, 0x000001b4d3fc8c70]
Event: 4.248 Thread 0x000001b4ec343800 4396       3       org.uqbar.project.wollok.libraries.BasicWollokLibraryLoader$1::apply (11 bytes)
Event: 4.248 Thread 0x000001b4ec343800 nmethod 4396 0x000001b4d3fcded0 code [0x000001b4d3fce100, 0x000001b4d3fced30]
Event: 4.248 Thread 0x000001b4ec343800 4397       3       java.lang.ClassLoader::getResource (36 bytes)
Event: 4.249 Thread 0x000001b4ec343800 nmethod 4397 0x000001b4d3fc71d0 code [0x000001b4d3fc73a0, 0x000001b4d3fc7a20]
Event: 4.260 Thread 0x000001b4ec343800 4398       3       java.nio.ByteBuffer::array (35 bytes)
Event: 4.260 Thread 0x000001b4ec343800 nmethod 4398 0x000001b4d3fc6bd0 code [0x000001b4d3fc6d60, 0x000001b4d3fc7080]
Event: 4.267 Thread 0x000001b4ec32e000 nmethod 4392 0x000001b4d3fd3d10 code [0x000001b4d3fd3f40, 0x000001b4d3fd5a68]

GC Heap History (10 events):
Event: 0.413 GC heap before
{Heap before GC invocations=1 (full 0):
 PSYoungGen      total 75264K, used 64512K [0x000000076c580000, 0x0000000771980000, 0x00000007c0000000)
  eden space 64512K, 100% used [0x000000076c580000,0x0000000770480000,0x0000000770480000)
  from space 10752K, 0% used [0x0000000770f00000,0x0000000770f00000,0x0000000771980000)
  to   space 10752K, 0% used [0x0000000770480000,0x0000000770480000,0x0000000770f00000)
 ParOldGen       total 172032K, used 0K [0x00000006c5000000, 0x00000006cf800000, 0x000000076c580000)
  object space 172032K, 0% used [0x00000006c5000000,0x00000006c5000000,0x00000006cf800000)
 Metaspace       used 8544K, capacity 8616K, committed 8832K, reserved 1056768K
  class space    used 1023K, capacity 1076K, committed 1152K, reserved 1048576K
Event: 0.419 GC heap after
Heap after GC invocations=1 (full 0):
 PSYoungGen      total 75264K, used 10726K [0x000000076c580000, 0x0000000775880000, 0x00000007c0000000)
  eden space 64512K, 0% used [0x000000076c580000,0x000000076c580000,0x0000000770480000)
  from space 10752K, 99% used [0x0000000770480000,0x0000000770ef9a10,0x0000000770f00000)
  to   space 10752K, 0% used [0x0000000774e00000,0x0000000774e00000,0x0000000775880000)
 ParOldGen       total 172032K, used 4514K [0x00000006c5000000, 0x00000006cf800000, 0x000000076c580000)
  object space 172032K, 2% used [0x00000006c5000000,0x00000006c5468a38,0x00000006cf800000)
 Metaspace       used 8544K, capacity 8616K, committed 8832K, reserved 1056768K
  class space    used 1023K, capacity 1076K, committed 1152K, reserved 1048576K
}
Event: 0.787 GC heap before
{Heap before GC invocations=2 (full 0):
 PSYoungGen      total 75264K, used 75238K [0x000000076c580000, 0x0000000775880000, 0x00000007c0000000)
  eden space 64512K, 100% used [0x000000076c580000,0x0000000770480000,0x0000000770480000)
  from space 10752K, 99% used [0x0000000770480000,0x0000000770ef9a10,0x0000000770f00000)
  to   space 10752K, 0% used [0x0000000774e00000,0x0000000774e00000,0x0000000775880000)
 ParOldGen       total 172032K, used 4514K [0x00000006c5000000, 0x00000006cf800000, 0x000000076c580000)
  object space 172032K, 2% used [0x00000006c5000000,0x00000006c5468a38,0x00000006cf800000)
 Metaspace       used 15030K, capacity 15178K, committed 15360K, reserved 1062912K
  class space    used 1900K, capacity 1951K, committed 2048K, reserved 1048576K
Event: 0.797 GC heap after
Heap after GC invocations=2 (full 0):
 PSYoungGen      total 139776K, used 10736K [0x000000076c580000, 0x0000000775880000, 0x00000007c0000000)
  eden space 129024K, 0% used [0x000000076c580000,0x000000076c580000,0x0000000774380000)
  from space 10752K, 99% used [0x0000000774e00000,0x000000077587c190,0x0000000775880000)
  to   space 10752K, 0% used [0x0000000774380000,0x0000000774380000,0x0000000774e00000)
 ParOldGen       total 172032K, used 18667K [0x00000006c5000000, 0x00000006cf800000, 0x000000076c580000)
  object space 172032K, 10% used [0x00000006c5000000,0x00000006c623ad78,0x00000006cf800000)
 Metaspace       used 15030K, capacity 15178K, committed 15360K, reserved 1062912K
  class space    used 1900K, capacity 1951K, committed 2048K, reserved 1048576K
}
Event: 1.415 GC heap before
{Heap before GC invocations=3 (full 0):
 PSYoungGen      total 139776K, used 78940K [0x000000076c580000, 0x0000000775880000, 0x00000007c0000000)
  eden space 129024K, 52% used [0x000000076c580000,0x000000077081b070,0x0000000774380000)
  from space 10752K, 99% used [0x0000000774e00000,0x000000077587c190,0x0000000775880000)
  to   space 10752K, 0% used [0x0000000774380000,0x0000000774380000,0x0000000774e00000)
 ParOldGen       total 172032K, used 18667K [0x00000006c5000000, 0x00000006cf800000, 0x000000076c580000)
  object space 172032K, 10% used [0x00000006c5000000,0x00000006c623ad78,0x00000006cf800000)
 Metaspace       used 20864K, capacity 21162K, committed 21504K, reserved 1069056K
  class space    used 2633K, capacity 2707K, committed 2816K, reserved 1048576K
Event: 1.422 GC heap after
Heap after GC invocations=3 (full 0):
 PSYoungGen      total 139776K, used 10729K [0x000000076c580000, 0x000000077d680000, 0x00000007c0000000)
  eden space 129024K, 0% used [0x000000076c580000,0x000000076c580000,0x0000000774380000)
  from space 10752K, 99% used [0x0000000774380000,0x0000000774dfa520,0x0000000774e00000)
  to   space 10752K, 0% used [0x000000077cc00000,0x000000077cc00000,0x000000077d680000)
 ParOldGen       total 172032K, used 25904K [0x00000006c5000000, 0x00000006cf800000, 0x000000076c580000)
  object space 172032K, 15% used [0x00000006c5000000,0x00000006c694c2e0,0x00000006cf800000)
 Metaspace       used 20864K, capacity 21162K, committed 21504K, reserved 1069056K
  class space    used 2633K, capacity 2707K, committed 2816K, reserved 1048576K
}
Event: 1.532 GC heap before
{Heap before GC invocations=4 (full 0):
 PSYoungGen      total 139776K, used 13728K [0x000000076c580000, 0x000000077d680000, 0x00000007c0000000)
  eden space 129024K, 2% used [0x000000076c580000,0x000000076c86ddf8,0x0000000774380000)
  from space 10752K, 99% used [0x0000000774380000,0x0000000774dfa520,0x0000000774e00000)
  to   space 10752K, 0% used [0x000000077cc00000,0x000000077cc00000,0x000000077d680000)
 ParOldGen       total 172032K, used 25904K [0x00000006c5000000, 0x00000006cf800000, 0x000000076c580000)
  object space 172032K, 15% used [0x00000006c5000000,0x00000006c694c2e0,0x00000006cf800000)
 Metaspace       used 21216K, capacity 21482K, committed 21628K, reserved 1069056K
  class space    used 2679K, capacity 2771K, committed 2816K, reserved 1048576K
Event: 1.537 GC heap after
Heap after GC invocations=4 (full 0):
 PSYoungGen      total 268800K, used 10728K [0x000000076c580000, 0x000000077d680000, 0x00000007c0000000)
  eden space 258048K, 0% used [0x000000076c580000,0x000000076c580000,0x000000077c180000)
  from space 10752K, 99% used [0x000000077cc00000,0x000000077d67a140,0x000000077d680000)
  to   space 10752K, 0% used [0x000000077c180000,0x000000077c180000,0x000000077cc00000)
 ParOldGen       total 172032K, used 26652K [0x00000006c5000000, 0x00000006cf800000, 0x000000076c580000)
  object space 172032K, 15% used [0x00000006c5000000,0x00000006c6a072d0,0x00000006cf800000)
 Metaspace       used 21216K, capacity 21482K, committed 21628K, reserved 1069056K
  class space    used 2679K, capacity 2771K, committed 2816K, reserved 1048576K
}
Event: 1.537 GC heap before
{Heap before GC invocations=5 (full 1):
 PSYoungGen      total 268800K, used 10728K [0x000000076c580000, 0x000000077d680000, 0x00000007c0000000)
  eden space 258048K, 0% used [0x000000076c580000,0x000000076c580000,0x000000077c180000)
  from space 10752K, 99% used [0x000000077cc00000,0x000000077d67a140,0x000000077d680000)
  to   space 10752K, 0% used [0x000000077c180000,0x000000077c180000,0x000000077cc00000)
 ParOldGen       total 172032K, used 26652K [0x00000006c5000000, 0x00000006cf800000, 0x000000076c580000)
  object space 172032K, 15% used [0x00000006c5000000,0x00000006c6a072d0,0x00000006cf800000)
 Metaspace       used 21216K, capacity 21482K, committed 21628K, reserved 1069056K
  class space    used 2679K, capacity 2771K, committed 2816K, reserved 1048576K
Event: 1.574 GC heap after
Heap after GC invocations=5 (full 1):
 PSYoungGen      total 268800K, used 0K [0x000000076c580000, 0x000000077d680000, 0x00000007c0000000)
  eden space 258048K, 0% used [0x000000076c580000,0x000000076c580000,0x000000077c180000)
  from space 10752K, 0% used [0x000000077cc00000,0x000000077cc00000,0x000000077d680000)
  to   space 10752K, 0% used [0x000000077c180000,0x000000077c180000,0x000000077cc00000)
 ParOldGen       total 134144K, used 21893K [0x00000006c5000000, 0x00000006cd300000, 0x000000076c580000)
  object space 134144K, 16% used [0x00000006c5000000,0x00000006c6561478,0x00000006cd300000)
 Metaspace       used 21216K, capacity 21482K, committed 21628K, reserved 1069056K
  class space    used 2679K, capacity 2771K, committed 2816K, reserved 1048576K
}

Deoptimization events (10 events):
Event: 4.029 Thread 0x000001b4f2dc6000 Uncommon trap: reason=array_check action=maybe_recompile pc=0x000001b4d3e9b52c method=java.util.AbstractCollection.toArray([Ljava/lang/Object;)[Ljava/lang/Object; @ 119
Event: 4.030 Thread 0x000001b4f2dc6000 Uncommon trap: reason=array_check action=maybe_recompile pc=0x000001b4d3e9b52c method=java.util.AbstractCollection.toArray([Ljava/lang/Object;)[Ljava/lang/Object; @ 119
Event: 4.030 Thread 0x000001b4f2dc6000 Uncommon trap: reason=array_check action=maybe_recompile pc=0x000001b4d3e9b52c method=java.util.AbstractCollection.toArray([Ljava/lang/Object;)[Ljava/lang/Object; @ 119
Event: 4.031 Thread 0x000001b4f2dc6000 Uncommon trap: reason=array_check action=maybe_recompile pc=0x000001b4d3e9b52c method=java.util.AbstractCollection.toArray([Ljava/lang/Object;)[Ljava/lang/Object; @ 119
Event: 4.160 Thread 0x000001b4f2dc6000 Uncommon trap: reason=unstable_if action=reinterpret pc=0x000001b4d3f288b8 method=org.uqbar.project.wollok.wollokDsl.impl.WCollectionLiteralImpl.eIsSet(I)Z @ 36
Event: 4.204 Thread 0x000001b4f2dc6000 Uncommon trap: reason=unstable_if action=reinterpret pc=0x000001b4d3f7e780 method=org.uqbar.project.wollok.model.WMethodContainerExtensions.matches(Lorg/uqbar/project/wollok/wollokDsl/WMethodDeclaration;Ljava/lang/String;IZ)Z @ 130
Event: 4.223 Thread 0x000001b4f2dc6000 Uncommon trap: reason=unstable_if action=reinterpret pc=0x000001b4d3f85830 method=org.uqbar.project.wollok.wollokDsl.impl.WClassImpl.eIsSet(I)Z @ 88
Event: 4.230 Thread 0x000001b4f2dc6000 Uncommon trap: reason=predicate action=maybe_recompile pc=0x000001b4d3f9b954 method=java.lang.Iterable.forEach(Ljava/util/function/Consumer;)V @ 21
Event: 4.243 Thread 0x000001b4f2dc6000 Uncommon trap: reason=predicate action=maybe_recompile pc=0x000001b4d3fbb8b4 method=com.google.common.base.Joiner.appendTo(Ljava/lang/Appendable;Ljava/util/Iterator;)Ljava/lang/Appendable; @ 40
Event: 4.259 Thread 0x000001b4f2dc6000 Uncommon trap: reason=unstable_if action=reinterpret pc=0x000001b4d3fb60d4 method=java.util.HashMap$HashIterator.<init>(Ljava/util/HashMap;)V @ 45

Classes redefined (0 events):
No events

Internal exceptions (10 events):
Event: 1.321 Thread 0x000001b4d187f000 Exception <a 'java/io/FileNotFoundException'> (0x000000076fad6678) thrown at [J:\jenkins\tmp\workspace\build\src\hotspot\src\share\vm\prims\jni.cpp, line 711]
Event: 1.581 Thread 0x000001b4d187f000 Exception <a 'java/security/PrivilegedActionException'> (0x000000076c5c6830) thrown at [J:\jenkins\tmp\workspace\build\src\hotspot\src\share\vm\prims\jvm.cpp, line 1523]
Event: 1.581 Thread 0x000001b4d187f000 Exception <a 'java/security/PrivilegedActionException'> (0x000000076c5c7d60) thrown at [J:\jenkins\tmp\workspace\build\src\hotspot\src\share\vm\prims\jvm.cpp, line 1523]
Event: 1.581 Thread 0x000001b4d187f000 Exception <a 'java/security/PrivilegedActionException'> (0x000000076c5c9190) thrown at [J:\jenkins\tmp\workspace\build\src\hotspot\src\share\vm\prims\jvm.cpp, line 1523]
Event: 1.581 Thread 0x000001b4d187f000 Exception <a 'java/security/PrivilegedActionException'> (0x000000076c5ca850) thrown at [J:\jenkins\tmp\workspace\build\src\hotspot\src\share\vm\prims\jvm.cpp, line 1523]
Event: 1.581 Thread 0x000001b4d187f000 Exception <a 'java/security/PrivilegedActionException'> (0x000000076c5cbc48) thrown at [J:\jenkins\tmp\workspace\build\src\hotspot\src\share\vm\prims\jvm.cpp, line 1523]
Event: 1.581 Thread 0x000001b4d187f000 Exception <a 'java/security/PrivilegedActionException'> (0x000000076c5cd010) thrown at [J:\jenkins\tmp\workspace\build\src\hotspot\src\share\vm\prims\jvm.cpp, line 1523]
Event: 1.728 Thread 0x000001b4f2dc6000 Implicit null exception at 0x000001b4d35a84cc to 0x000001b4d35a8d1d
Event: 4.250 Thread 0x000001b4f2dc6000 Implicit null exception at 0x000001b4d3e42ea2 to 0x000001b4d3e430b2
Event: 4.250 Thread 0x000001b4f2dc6000 Exception <a 'java/lang/NullPointerException'> (0x00000007734ec638) thrown at [J:\jenkins\tmp\workspace\build\src\hotspot\src\share\vm\runtime\sharedRuntime.cpp, line 609]

Events (10 events):
Event: 4.260 Thread 0x000001b4f2dc6000 Thread exited: 0x000001b4f2dc6000
Event: 4.261 loading class org/uqbar/project/wollok/interpreter/WollokInterpreter$3
Event: 4.261 loading class org/uqbar/project/wollok/interpreter/WollokInterpreter$3 done
Event: 4.261 loading class java/util/IdentityHashMap$KeyIterator
Event: 4.261 loading class java/util/IdentityHashMap$KeyIterator done
Event: 4.261 Thread 0x000001b4f234c000 Thread added: 0x000001b4f234c000
Event: 4.261 Thread 0x000001b4f2349800 Thread added: 0x000001b4f2349800
Event: 4.262 Thread 0x000001b4f234c000 Thread exited: 0x000001b4f234c000
Event: 4.278 Thread 0x000001b4f2349800 Thread exited: 0x000001b4f2349800
Event: 4.278 Executing VM operation: Exit


Dynamic libraries:
0x00007ff6ee8a0000 - 0x00007ff6ee8da000 	C:\Program Files\Eclipse Foundation\jdk-8.0.302.8-hotspot\bin\javaw.exe
0x00007ffd0fb20000 - 0x00007ffd0fd27000 	C:\WINDOWS\SYSTEM32\ntdll.dll
0x00007ffd0df90000 - 0x00007ffd0e04d000 	C:\WINDOWS\System32\KERNEL32.DLL
0x00007ffd0d270000 - 0x00007ffd0d5e4000 	C:\WINDOWS\System32\KERNELBASE.dll
0x00007ffd0da10000 - 0x00007ffd0dabc000 	C:\WINDOWS\System32\ADVAPI32.dll
0x00007ffd0e3e0000 - 0x00007ffd0e483000 	C:\WINDOWS\System32\msvcrt.dll
0x00007ffd0f850000 - 0x00007ffd0f8ed000 	C:\WINDOWS\System32\sechost.dll
0x00007ffd0f900000 - 0x00007ffd0fa21000 	C:\WINDOWS\System32\RPCRT4.dll
0x00007ffd0e820000 - 0x00007ffd0e9cc000 	C:\WINDOWS\System32\USER32.dll
0x00007ffd0d120000 - 0x00007ffd0d146000 	C:\WINDOWS\System32\win32u.dll
0x00007ffd0f730000 - 0x00007ffd0f759000 	C:\WINDOWS\System32\GDI32.dll
0x00007ffd0d150000 - 0x00007ffd0d262000 	C:\WINDOWS\System32\gdi32full.dll
0x00007ffd0d7d0000 - 0x00007ffd0d86d000 	C:\WINDOWS\System32\msvcp_win.dll
0x00007ffd0d000000 - 0x00007ffd0d111000 	C:\WINDOWS\System32\ucrtbase.dll
0x00007ffcf1280000 - 0x00007ffcf1525000 	C:\WINDOWS\WinSxS\amd64_microsoft.windows.common-controls_6595b64144ccf1df_6.0.22000.120_none_9d947278b86cc467\COMCTL32.dll
0x00007ffd0e9e0000 - 0x00007ffd0ea11000 	C:\WINDOWS\System32\IMM32.DLL
0x00007ffcc0ec0000 - 0x00007ffcc0faf000 	C:\Program Files\Eclipse Foundation\jdk-8.0.302.8-hotspot\jre\bin\msvcr120.dll
0x00007ffccc080000 - 0x00007ffccc126000 	C:\Program Files\Eclipse Foundation\jdk-8.0.302.8-hotspot\jre\bin\msvcp120.dll
0x0000000062030000 - 0x000000006289b000 	C:\Program Files\Eclipse Foundation\jdk-8.0.302.8-hotspot\jre\bin\server\jvm.dll
0x00007ffd0f720000 - 0x00007ffd0f728000 	C:\WINDOWS\System32\PSAPI.DLL
0x00007ffd04740000 - 0x00007ffd04749000 	C:\WINDOWS\SYSTEM32\WSOCK32.dll
0x00007ffd02410000 - 0x00007ffd0241a000 	C:\WINDOWS\SYSTEM32\VERSION.dll
0x00007ffd03de0000 - 0x00007ffd03e13000 	C:\WINDOWS\SYSTEM32\WINMM.dll
0x00007ffd0ea20000 - 0x00007ffd0ea8f000 	C:\WINDOWS\System32\WS2_32.dll
0x00007ffd03ce0000 - 0x00007ffd03cef000 	C:\Program Files\Eclipse Foundation\jdk-8.0.302.8-hotspot\jre\bin\verify.dll
0x00007ffd00ee0000 - 0x00007ffd00f09000 	C:\Program Files\Eclipse Foundation\jdk-8.0.302.8-hotspot\jre\bin\java.dll
0x00007ffd02a10000 - 0x00007ffd02a26000 	C:\Program Files\Eclipse Foundation\jdk-8.0.302.8-hotspot\jre\bin\zip.dll
0x00007ffd0ef70000 - 0x00007ffd0f71a000 	C:\WINDOWS\System32\SHELL32.dll
0x00007ffd0b1a0000 - 0x00007ffd0ba02000 	C:\WINDOWS\SYSTEM32\windows.storage.dll
0x00007ffd0e490000 - 0x00007ffd0e808000 	C:\WINDOWS\System32\combase.dll
0x00007ffd0b030000 - 0x00007ffd0b196000 	C:\WINDOWS\SYSTEM32\wintypes.dll
0x00007ffd0eb10000 - 0x00007ffd0ebfa000 	C:\WINDOWS\System32\SHCORE.dll
0x00007ffd0e070000 - 0x00007ffd0e0cd000 	C:\WINDOWS\System32\shlwapi.dll
0x00007ffd0cf30000 - 0x00007ffd0cf51000 	C:\WINDOWS\SYSTEM32\profapi.dll
0x0000000065580000 - 0x0000000065616000 	C:\Users\valen\AppData\Local\Temp\libgdxvalen\12dfaa03\gdx64.dll
0x00007ffd0c860000 - 0x00007ffd0c878000 	C:\WINDOWS\SYSTEM32\CRYPTSP.dll
0x00007ffd0c0f0000 - 0x00007ffd0c125000 	C:\WINDOWS\system32\rsaenh.dll
0x00007ffd0c710000 - 0x00007ffd0c739000 	C:\WINDOWS\SYSTEM32\USERENV.dll
0x00007ffd0c9e0000 - 0x00007ffd0ca07000 	C:\WINDOWS\SYSTEM32\bcrypt.dll
0x00007ffd0d930000 - 0x00007ffd0d9b0000 	C:\WINDOWS\System32\bcryptprimitives.dll
0x00007ffd0c880000 - 0x00007ffd0c88c000 	C:\WINDOWS\SYSTEM32\CRYPTBASE.dll
0x00007ffd00ec0000 - 0x00007ffd00eda000 	C:\Program Files\Eclipse Foundation\jdk-8.0.302.8-hotspot\jre\bin\net.dll
0x00007ffd0c5a0000 - 0x00007ffd0c607000 	C:\WINDOWS\system32\mswsock.dll
0x00007ffd0bc60000 - 0x00007ffd0bc8d000 	C:\WINDOWS\SYSTEM32\IPHLPAPI.DLL
0x00007ffd0e810000 - 0x00007ffd0e819000 	C:\WINDOWS\System32\NSI.dll
0x00007ffd03d30000 - 0x00007ffd03d49000 	C:\WINDOWS\SYSTEM32\dhcpcsvc6.DLL
0x00007ffd040b0000 - 0x00007ffd040ce000 	C:\WINDOWS\SYSTEM32\dhcpcsvc.DLL
0x00007ffd0bcd0000 - 0x00007ffd0bdb7000 	C:\WINDOWS\SYSTEM32\DNSAPI.dll
0x00007ffd00ea0000 - 0x00007ffd00eb2000 	C:\Program Files\Eclipse Foundation\jdk-8.0.302.8-hotspot\jre\bin\nio.dll
0x0000000180000000 - 0x0000000180053000 	C:\Users\valen\AppData\Local\Temp\libgdxvalen\dc0f0009\lwjgl64.dll
0x00007ffcee660000 - 0x00007ffcee761000 	C:\WINDOWS\SYSTEM32\OPENGL32.dll
0x00007ffcff9c0000 - 0x00007ffcff9ed000 	C:\WINDOWS\SYSTEM32\GLU32.dll
0x00007ffd0a480000 - 0x00007ffd0a4b8000 	C:\WINDOWS\SYSTEM32\dxcore.dll
0x000001b4f2890000 - 0x000001b4f28f4000 	C:\Users\valen\AppData\Local\Temp\libgdxvalen\dc0f0009\OpenAL64.dll
0x00007ffd0ec00000 - 0x00007ffd0ed9a000 	C:\WINDOWS\System32\ole32.dll
0x00007ffd0c190000 - 0x00007ffd0c1a8000 	C:\WINDOWS\SYSTEM32\kernel.appcore.dll
0x00007ffd0a3a0000 - 0x00007ffd0a44c000 	C:\WINDOWS\system32\uxtheme.dll
0x00007ffd0fa30000 - 0x00007ffd0fadf000 	C:\WINDOWS\System32\clbcatq.dll
0x00007ffcc0e10000 - 0x00007ffcc0eb2000 	C:\WINDOWS\SYSTEM32\dsound.dll
0x00007ffcf61a0000 - 0x00007ffcf61c9000 	C:\WINDOWS\SYSTEM32\winmmbase.dll
0x00007ffd0c6c0000 - 0x00007ffd0c70d000 	C:\WINDOWS\SYSTEM32\powrprof.dll
0x00007ffcb2cb0000 - 0x00007ffcb2d61000 	C:\WINDOWS\SYSTEM32\ResampleDmo.DLL
0x00007ffd0e0d0000 - 0x00007ffd0e1a6000 	C:\WINDOWS\System32\OLEAUT32.dll
0x00007ffcf4570000 - 0x00007ffcf457b000 	C:\WINDOWS\SYSTEM32\msdmo.dll
0x00007ffd0c670000 - 0x00007ffd0c683000 	C:\WINDOWS\SYSTEM32\UMPDC.dll
0x00007ffd018d0000 - 0x00007ffd0196c000 	C:\WINDOWS\System32\MMDevApi.dll
0x00007ffd0cd20000 - 0x00007ffd0cd4c000 	C:\WINDOWS\System32\DEVOBJ.dll
0x00007ffd0ccd0000 - 0x00007ffd0cd1c000 	C:\WINDOWS\SYSTEM32\cfgmgr32.dll
0x00007ffcf55b0000 - 0x00007ffcf577f000 	C:\WINDOWS\SYSTEM32\AUDIOSES.DLL
0x00007ffd0a610000 - 0x00007ffd0a625000 	C:\WINDOWS\SYSTEM32\resourcepolicyclient.dll
0x00007ffd03ea0000 - 0x00007ffd03f59000 	C:\WINDOWS\SYSTEM32\mscms.dll
0x00007ffcf9d70000 - 0x00007ffcf9dba000 	C:\Windows\System32\Windows.Internal.Graphics.Display.DisplayColorManagement.dll
0x00007ffd0ee50000 - 0x00007ffd0ef6e000 	C:\WINDOWS\System32\MSCTF.dll
0x00007ffcff940000 - 0x00007ffcff984000 	C:\WINDOWS\SYSTEM32\directxdatabasehelper.dll
0x00007ffd0a5c0000 - 0x00007ffd0a5f4000 	C:\WINDOWS\SYSTEM32\ntmarta.dll
0x00007ffd034d0000 - 0x00007ffd03603000 	C:\Windows\System32\AppXDeploymentClient.dll
0x00007ffd03040000 - 0x00007ffd0322e000 	C:\WINDOWS\SYSTEM32\urlmon.dll
0x00007ffd02d20000 - 0x00007ffd02fd2000 	C:\Windows\System32\iertutil.dll
0x00007ffd0bc50000 - 0x00007ffd0bc5c000 	C:\Windows\System32\netutils.dll
0x00007ffd02cf0000 - 0x00007ffd02d18000 	C:\Windows\System32\srvcli.dll
0x00007ffc529f0000 - 0x00007ffc53986000 	C:\Windows\System32\DriverStore\FileRepository\iigd_dch.inf_amd64_7afabf937b5bd7bd\igxelpicd64.dll
0x00007ffd0a710000 - 0x00007ffd0a73f000 	C:\WINDOWS\system32\dwmapi.dll
0x00007ffd0a4c0000 - 0x00007ffd0a5b3000 	C:\WINDOWS\system32\dxgi.dll
0x00007ffcc6220000 - 0x00007ffcc6629000 	C:\Windows\System32\DriverStore\FileRepository\iigd_dch.inf_amd64_7afabf937b5bd7bd\igdml64.dll
0x00007ffcf9dc0000 - 0x00007ffcfa0f1000 	C:\Windows\System32\DriverStore\FileRepository\iigd_dch.inf_amd64_7afabf937b5bd7bd\igdgmm64.dll
0x00007ffcfd4f0000 - 0x00007ffcfd61d000 	C:\WINDOWS\SYSTEM32\textinputframework.dll
0x00007ffd09bf0000 - 0x00007ffd09d22000 	C:\WINDOWS\SYSTEM32\CoreMessaging.dll
0x00007ffcfe770000 - 0x00007ffcfeadd000 	C:\WINDOWS\SYSTEM32\CoreUIComponents.dll
0x00007ffce5710000 - 0x00007ffce5754000 	C:\WINDOWS\SYSTEM32\icm32.dll
0x00007ffcf7030000 - 0x00007ffcf9d6c000 	C:\Windows\System32\DriverStore\FileRepository\iigd_dch.inf_amd64_7afabf937b5bd7bd\igc64.dll
0x00007ffd0ab30000 - 0x00007ffd0ad51000 	C:\WINDOWS\SYSTEM32\dbghelp.dll

VM Arguments:
jvm_args: -Duser.language=en_US -Dfile.encoding=UTF-8 
java_command: org.uqbar.project.wollok.launch.WollokLauncher -requestsPort 0 -eventsPort 0 -folder -dontValidate -wf src/juego.wpgm
java_class_path (initial): C:\Users\valen\Documents\PdeP\Objetos\2021-objetos-tp-integrador-insert-vmj-mat\bin;C:\Users\valen\Documents\PdeP\Wollok\wollok-win32.win32.x86_64 (1)\plugins\com.ibm.icu_64.2.0.v20190507-1337.jar;C:\Users\valen\Documents\PdeP\Wollok\wollok-win32.win32.x86_64 (1)\plugins\org.eclipse.xtext_2.20.0.v20191202-0915.jar;C:\Users\valen\Documents\PdeP\Wollok\wollok-win32.win32.x86_64 (1)\plugins\org.eclipse.emf.ecore.xmi_2.16.0.v20190528-0725.jar;C:\Users\valen\Documents\PdeP\Wollok\wollok-win32.win32.x86_64 (1)\plugins\org.eclipse.emf.ecore_2.20.0.v20190920-0401.jar;C:\Users\valen\Documents\PdeP\Wollok\wollok-win32.win32.x86_64 (1)\plugins\org.eclipse.emf.common_2.17.0.v20190920-0401.jar;C:\Users\valen\Documents\PdeP\Wollok\wollok-win32.win32.x86_64 (1)\plugins\org.antlr.runtime_3.2.0.v201101311130.jar;C:\Users\valen\Documents\PdeP\Wollok\wollok-win32.win32.x86_64 (1)\plugins\com.google.inject_3.0.0.v201605172100.jar;C:\Users\valen\Documents\PdeP\Wollok\wollok-win32.win32.x86_64 (1)\plugins\org.eclipse.emf.mwe.core_1.5.1.v20191121-1148.jar;C:\Users\valen\Documents\PdeP\Wollok\wollok-win32.win32.x86_64 (1)\plugins\org.apache.commons.cli_1.2.0.v201404270220.jar;C:\Users\valen\Documents\PdeP\Wollok\wollok-win32.win32.x86_64 (1)\plugins\org.eclipse.emf.mwe2.runtime_2.11.1.v20191121-1148.jar;C:\Users\valen\Documents\PdeP\Wollok\wollok-win32.win32.x86_64 (1)\plugins\org.eclipse.emf.mwe.utils_1.5.1.v20191121-1148.jar;C:\Users\valen\Documents\PdeP\Wollok\wollok-win32.win32.x86_64 (1)\plugins\org.eclipse.xtext.util_2.20.0.v20191202-0915.jar;C:\Users\valen\Documents\PdeP\Wollok\wollok-win32.win32.x86_64 (1)\plugins\com.google.guava_27.1.0.v20190517-1946.jar;C:\Users\valen\Documents\PdeP\Wollok\wollok-win32.win32.x86_64 (1)\plugins\javax.inject_1.0.0.v20091030.jar;C:\Users\valen\Documents\PdeP\Wollok\wollok-win32.win32.x86_64 (1)\plugins\org.eclipse.xtext.generator_2.20.0.v20191202-0933.jar;C:\Users\valen\Documents\PdeP\Wollok\wollok-win32.win32.x86_64 (1
Launcher Type: SUN_STANDARD

Environment Variables:
PATH=C:/Program Files/Eclipse Foundation/jdk-8.0.302.8-hotspot/bin/../jre/bin/server;C:/Program Files/Eclipse Foundation/jdk-8.0.302.8-hotspot/bin/../jre/bin;C:/Program Files/Eclipse Foundation/jdk-8.0.302.8-hotspot/bin/../jre/lib/amd64;C:\Program Files\Eclipse Foundation\jdk-8.0.302.8-hotspot\bin;C:\Users\valen\AppData\Local\Programs\Python\Python39\Scripts\;C:\Users\valen\AppData\Local\Programs\Python\Python39\;C:\Program Files (x86)\Common Files\Oracle\Java\javapath;C:\WINDOWS\system32;C:\WINDOWS;C:\WINDOWS\System32\Wbem;C:\WINDOWS\System32\WindowsPowerShell\v1.0\;C:\WINDOWS\System32\OpenSSH\;C:\MinGW\bin;C:\GnuWin32\bin;C:\Program Files\Git\cmd;C:\Program Files\Git\bin;C:\Program Files\swipl\bin;C:\HashiCorp\Vagrant\bin;C:\ProgramData\chocolatey\bin;C:\Users\valen\AppData\Roaming\local\bin;C:\Users\valen\AppData\Local\Microsoft\WindowsApps;C:\Users\valen\AppData\Local\Programs\Microsoft VS Code\bin;;C:\Users\valen\Documents\PdeP\Wollok\wollok-win32.win32.x86_64 (1);
USERNAME=valen
OS=Windows_NT
PROCESSOR_IDENTIFIER=Intel64 Family 6 Model 140 Stepping 1, GenuineIntel



---------------  S Y S T E M  ---------------

OS: Windows 10.0 , 64 bit Build 22000 (10.0.22000.282)

CPU:total 8 (initial active 8) (4 cores per cpu, 2 threads per core) family 6 model 140 stepping 1, cmov, cx8, fxsr, mmx, sse, sse2, sse3, ssse3, sse4.1, sse4.2, popcnt, avx, avx2, aes, clmul, erms, 3dnowpref, lzcnt, ht, tsc, tscinvbit, bmi1, bmi2, adx

Memory: 4k page, physical 16448632k(8130840k free), swap 17497208k(4772176k free)

vm_info: OpenJDK 64-Bit Server VM (25.302-b08) for windows-amd64 JRE (1.8.0_302-b08), built on Jul 20 2021 21:31:03 by "jenkins" with MS VC++ 12.0 (VS2013)

time: Thu Oct 28 16:08:48 2021
timezone: Argentina Standard Time
elapsed time: 4.332631 seconds (0d 0h 0m 4s)

